<!DOCTYPE html>
<html>
  <head>
    <meta charset="utf-8"/>
    <title>report.html</title>
    <link href="assets/style.css" rel="stylesheet" type="text/css"/></head>
  <body onLoad="init()">
    <script>/* This Source Code Form is subject to the terms of the Mozilla Public
 * License, v. 2.0. If a copy of the MPL was not distributed with this file,
 * You can obtain one at http://mozilla.org/MPL/2.0/. */


function toArray(iter) {
    if (iter === null) {
        return null;
    }
    return Array.prototype.slice.call(iter);
}

function find(selector, elem) { // eslint-disable-line no-redeclare
    if (!elem) {
        elem = document;
    }
    return elem.querySelector(selector);
}

function findAll(selector, elem) {
    if (!elem) {
        elem = document;
    }
    return toArray(elem.querySelectorAll(selector));
}

function sortColumn(elem) {
    toggleSortStates(elem);
    const colIndex = toArray(elem.parentNode.childNodes).indexOf(elem);
    let key;
    if (elem.classList.contains('result')) {
        key = keyResult;
    } else if (elem.classList.contains('links')) {
        key = keyLink;
    } else {
        key = keyAlpha;
    }
    sortTable(elem, key(colIndex));
}

function showAllExtras() { // eslint-disable-line no-unused-vars
    findAll('.col-result').forEach(showExtras);
}

function hideAllExtras() { // eslint-disable-line no-unused-vars
    findAll('.col-result').forEach(hideExtras);
}

function showExtras(colresultElem) {
    const extras = colresultElem.parentNode.nextElementSibling;
    const expandcollapse = colresultElem.firstElementChild;
    extras.classList.remove('collapsed');
    expandcollapse.classList.remove('expander');
    expandcollapse.classList.add('collapser');
}

function hideExtras(colresultElem) {
    const extras = colresultElem.parentNode.nextElementSibling;
    const expandcollapse = colresultElem.firstElementChild;
    extras.classList.add('collapsed');
    expandcollapse.classList.remove('collapser');
    expandcollapse.classList.add('expander');
}

function showFilters() {
    let visibleString = getQueryParameter('visible') || 'all';
    visibleString = visibleString.toLowerCase();
    const checkedItems = visibleString.split(',');

    const filterItems = document.getElementsByClassName('filter');
    for (let i = 0; i < filterItems.length; i++) {
        filterItems[i].hidden = false;

        if (visibleString != 'all') {
            filterItems[i].checked = checkedItems.includes(filterItems[i].getAttribute('data-test-result'));
            filterTable(filterItems[i]);
        }
    }
}

function addCollapse() {
    // Add links for show/hide all
    const resulttable = find('table#results-table');
    const showhideall = document.createElement('p');
    showhideall.innerHTML = '<a href="javascript:showAllExtras()">Show all details</a> / ' +
                            '<a href="javascript:hideAllExtras()">Hide all details</a>';
    resulttable.parentElement.insertBefore(showhideall, resulttable);

    // Add show/hide link to each result
    findAll('.col-result').forEach(function(elem) {
        const collapsed = getQueryParameter('collapsed') || 'Passed';
        const extras = elem.parentNode.nextElementSibling;
        const expandcollapse = document.createElement('span');
        if (extras.classList.contains('collapsed')) {
            expandcollapse.classList.add('expander');
        } else if (collapsed.includes(elem.innerHTML)) {
            extras.classList.add('collapsed');
            expandcollapse.classList.add('expander');
        } else {
            expandcollapse.classList.add('collapser');
        }
        elem.appendChild(expandcollapse);

        elem.addEventListener('click', function(event) {
            if (event.currentTarget.parentNode.nextElementSibling.classList.contains('collapsed')) {
                showExtras(event.currentTarget);
            } else {
                hideExtras(event.currentTarget);
            }
        });
    });
}

function getQueryParameter(name) {
    const match = RegExp('[?&]' + name + '=([^&]*)').exec(window.location.search);
    return match && decodeURIComponent(match[1].replace(/\+/g, ' '));
}

function init () { // eslint-disable-line no-unused-vars
    resetSortHeaders();

    addCollapse();

    showFilters();

    sortColumn(find('.initial-sort'));

    findAll('.sortable').forEach(function(elem) {
        elem.addEventListener('click',
            function() {
                sortColumn(elem);
            }, false);
    });
}

function sortTable(clicked, keyFunc) {
    const rows = findAll('.results-table-row');
    const reversed = !clicked.classList.contains('asc');
    const sortedRows = sort(rows, keyFunc, reversed);
    /* Whole table is removed here because browsers acts much slower
     * when appending existing elements.
     */
    const thead = document.getElementById('results-table-head');
    document.getElementById('results-table').remove();
    const parent = document.createElement('table');
    parent.id = 'results-table';
    parent.appendChild(thead);
    sortedRows.forEach(function(elem) {
        parent.appendChild(elem);
    });
    document.getElementsByTagName('BODY')[0].appendChild(parent);
}

function sort(items, keyFunc, reversed) {
    const sortArray = items.map(function(item, i) {
        return [keyFunc(item), i];
    });

    sortArray.sort(function(a, b) {
        const keyA = a[0];
        const keyB = b[0];

        if (keyA == keyB) return 0;

        if (reversed) {
            return keyA < keyB ? 1 : -1;
        } else {
            return keyA > keyB ? 1 : -1;
        }
    });

    return sortArray.map(function(item) {
        const index = item[1];
        return items[index];
    });
}

function keyAlpha(colIndex) {
    return function(elem) {
        return elem.childNodes[1].childNodes[colIndex].firstChild.data.toLowerCase();
    };
}

function keyLink(colIndex) {
    return function(elem) {
        const dataCell = elem.childNodes[1].childNodes[colIndex].firstChild;
        return dataCell == null ? '' : dataCell.innerText.toLowerCase();
    };
}

function keyResult(colIndex) {
    return function(elem) {
        const strings = ['Error', 'Failed', 'Rerun', 'XFailed', 'XPassed',
            'Skipped', 'Passed'];
        return strings.indexOf(elem.childNodes[1].childNodes[colIndex].firstChild.data);
    };
}

function resetSortHeaders() {
    findAll('.sort-icon').forEach(function(elem) {
        elem.parentNode.removeChild(elem);
    });
    findAll('.sortable').forEach(function(elem) {
        const icon = document.createElement('div');
        icon.className = 'sort-icon';
        icon.textContent = 'vvv';
        elem.insertBefore(icon, elem.firstChild);
        elem.classList.remove('desc', 'active');
        elem.classList.add('asc', 'inactive');
    });
}

function toggleSortStates(elem) {
    //if active, toggle between asc and desc
    if (elem.classList.contains('active')) {
        elem.classList.toggle('asc');
        elem.classList.toggle('desc');
    }

    //if inactive, reset all other functions and add ascending active
    if (elem.classList.contains('inactive')) {
        resetSortHeaders();
        elem.classList.remove('inactive');
        elem.classList.add('active');
    }
}

function isAllRowsHidden(value) {
    return value.hidden == false;
}

function filterTable(elem) { // eslint-disable-line no-unused-vars
    const outcomeAtt = 'data-test-result';
    const outcome = elem.getAttribute(outcomeAtt);
    const classOutcome = outcome + ' results-table-row';
    const outcomeRows = document.getElementsByClassName(classOutcome);

    for(let i = 0; i < outcomeRows.length; i++){
        outcomeRows[i].hidden = !elem.checked;
    }

    const rows = findAll('.results-table-row').filter(isAllRowsHidden);
    const allRowsHidden = rows.length == 0 ? true : false;
    const notFoundMessage = document.getElementById('not-found-message');
    notFoundMessage.hidden = !allRowsHidden;
}
</script>
    <h1>report.html</h1>
    <p>Report generated on 20-Jun-2023 at 22:26:47 by <a href="https://pypi.python.org/pypi/pytest-html">pytest-html</a> v3.2.0</p>
    <h2>Summary</h2>
    <p>194 tests ran in 693.25 seconds. </p>
    <p class="filter" hidden="true">(Un)check the boxes to filter the results.</p><input checked="true" class="filter" data-test-result="passed" hidden="true" name="filter_checkbox" onChange="filterTable(this)" type="checkbox"/><span class="passed">142 passed</span>, <input checked="true" class="filter" data-test-result="skipped" disabled="true" hidden="true" name="filter_checkbox" onChange="filterTable(this)" type="checkbox"/><span class="skipped">0 skipped</span>, <input checked="true" class="filter" data-test-result="failed" hidden="true" name="filter_checkbox" onChange="filterTable(this)" type="checkbox"/><span class="failed">52 failed</span>, <input checked="true" class="filter" data-test-result="error" disabled="true" hidden="true" name="filter_checkbox" onChange="filterTable(this)" type="checkbox"/><span class="error">0 errors</span>, <input checked="true" class="filter" data-test-result="xfailed" disabled="true" hidden="true" name="filter_checkbox" onChange="filterTable(this)" type="checkbox"/><span class="xfailed">0 expected failures</span>, <input checked="true" class="filter" data-test-result="xpassed" disabled="true" hidden="true" name="filter_checkbox" onChange="filterTable(this)" type="checkbox"/><span class="xpassed">0 unexpected passes</span>
    <h2>Results</h2>
    <table id="results-table">
      <thead id="results-table-head">
        <tr>
          <th class="sortable result initial-sort" col="result">Result</th>
          <th class="sortable" col="name">Test</th>
          <th class="sortable" col="duration">Duration</th>
          <th class="sortable links" col="links">Links</th></tr>
        <tr hidden="true" id="not-found-message">
          <th colspan="4">No results found. Try to check the filters</th></tr></thead>
      <tbody class="failed results-table-row">
        <tr>
          <td class="col-result">Failed</td>
          <td class="col-name">tests/test_addition.py::TestCalculatorAddition::test_addition_positive[9999999999-9999999999-19999999998.00]</td>
          <td class="col-duration">2.83</td>
          <td class="col-links"></td></tr>
        <tr>
          <td class="extra" colspan="4">
            <div class="log">self = &lt;test_addition.TestCalculatorAddition object at 0x000002B1E58EBB50&gt;<br/>calculator_page = &lt;pages.calculator_page.CalculatorPage object at 0x000002B1E58704D0&gt;, left_operand = &#x27;9999999999&#x27;<br/>right_operand = &#x27;9999999999&#x27;, expected_result = &#x27;19999999998.00&#x27;<br/><br/>        @pytest.mark.parametrize(&quot;left_operand, right_operand, expected_result&quot;, [<br/>            (&#x27;2&#x27;, &#x27;5&#x27;, &#x27;7.00&#x27;),     # Проверка сложения двух положительных целых чисел<br/>            (&#x27;-2&#x27;, &#x27;-5&#x27;, &#x27;-7.00&#x27;),  # Проверка сложения двух отрицательных целых чисел<br/>            (&#x27;2&#x27;, &#x27;-5&#x27;, &#x27;-3.00&#x27;),   # Проверка сложения положительного и отрицательного числа<br/>            (&#x27;0&#x27;, &#x27;5&#x27;, &#x27;5.00&#x27;),     # Проверка сложения числа с нулём<br/>            (&#x27;2&#x27;, &#x27;2&#x27;, &#x27;4.00&#x27;),     # Проверка сложения числа с самим собой<br/>            (&#x27;9999999999&#x27;, &#x27;9999999999&#x27;, &#x27;19999999998.00&#x27;),  # Проверка сложения очень больших чисел<br/>            (&#x27;100000000&#x27;, &#x27;1&#x27;, &#x27;100000001.00&#x27;), # Проверка суммы с восьмизначным числом<br/>            (&#x27;99999999&#x27;, &#x27;1&#x27;, &#x27;100000000.00&#x27;),  # Проверка суммы с восьмизначным числом - 1<br/>            (&#x27;100000001&#x27;, &#x27;1&#x27;, &#x27;100000002.00&#x27;), # Проверка суммы с восьмизначным числом + 1<br/>            (&#x27;3.14&#x27;, &#x27;2.86&#x27;, &#x27;6.00&#x27;),           # Проверка сложения чисел с десятичной частью<br/>            (&#x27;2.14555&#x27;, &#x27;3.26565&#x27;, &#x27;5.41&#x27;),  # Проверка сложения чисел с использованием десятичной дроби и большого количества знаков после запятой<br/>            (&#x27;-1.5&#x27;, &#x27;-2.7&#x27;, &#x27;-4.20&#x27;),     # Проверка сложения чисел с использованием отрицательных десятичных дробей<br/>            (&#x27;5&#x27;, &#x27;0&#x27;, &#x27;5.00&#x27;),            # Проверка сложения чисел, где одно из них равно нулю<br/>            (&#x27;00123&#x27;, &#x27;0.456&#x27;, &#x27;123.46&#x27;),  # Проверка сложения чисел, где одно из чисел имеет ведущие нули<br/>            (&#x27;2e6&#x27;, &#x27;3e7&#x27;, &#x27;32000000.00&#x27;), # Проверка сложения чисел с использованием чисел в экспоненциальной записи<br/>    ])<br/>        def test_addition_positive(self, calculator_page, left_operand, right_operand, expected_result):<br/>            calculator_page.perform_addition(left_operand, right_operand)<br/>&gt;           calculator_page.verify_result(expected_result)<br/><br/>tests\test_addition.py:31: <br/>_ _ _ _ _ _ _ _ _ _ _ _ _ _ _ _ _ _ _ _ _ _ _ _ _ _ _ _ _ _ _ _ _ _ _ _ _ _ _ _ <br/><br/>self = &lt;pages.calculator_page.CalculatorPage object at 0x000002B1E58704D0&gt;, expected_result = &#x27;19999999998.00&#x27;<br/><br/>    def verify_result(self, expected_result):<br/>        # Проверяет, что ответ совпадает с ожидаемым (число после знака =)<br/>        result = self.get_result_after_equal_sign()<br/>&gt;       assert result == expected_result, f&#x27;Ожидаемый результат {expected_result} отличается от фактического {result}&#x27;<br/><span class="error">E       AssertionError: Ожидаемый результат 19999999998.00 отличается от фактического 20000000000.00</span><br/><br/>pages\calculator_page.py:69: AssertionError<br/></div></td></tr></tbody>
      <tbody class="failed results-table-row">
        <tr>
          <td class="col-result">Failed</td>
          <td class="col-name">tests/test_addition.py::TestCalculatorAddition::test_addition_positive[100000000-1-100000001.00]</td>
          <td class="col-duration">3.22</td>
          <td class="col-links"></td></tr>
        <tr>
          <td class="extra" colspan="4">
            <div class="log">self = &lt;test_addition.TestCalculatorAddition object at 0x000002B1E58EBE10&gt;<br/>calculator_page = &lt;pages.calculator_page.CalculatorPage object at 0x000002B1E58704D0&gt;, left_operand = &#x27;100000000&#x27;, right_operand = &#x27;1&#x27;<br/>expected_result = &#x27;100000001.00&#x27;<br/><br/>        @pytest.mark.parametrize(&quot;left_operand, right_operand, expected_result&quot;, [<br/>            (&#x27;2&#x27;, &#x27;5&#x27;, &#x27;7.00&#x27;),     # Проверка сложения двух положительных целых чисел<br/>            (&#x27;-2&#x27;, &#x27;-5&#x27;, &#x27;-7.00&#x27;),  # Проверка сложения двух отрицательных целых чисел<br/>            (&#x27;2&#x27;, &#x27;-5&#x27;, &#x27;-3.00&#x27;),   # Проверка сложения положительного и отрицательного числа<br/>            (&#x27;0&#x27;, &#x27;5&#x27;, &#x27;5.00&#x27;),     # Проверка сложения числа с нулём<br/>            (&#x27;2&#x27;, &#x27;2&#x27;, &#x27;4.00&#x27;),     # Проверка сложения числа с самим собой<br/>            (&#x27;9999999999&#x27;, &#x27;9999999999&#x27;, &#x27;19999999998.00&#x27;),  # Проверка сложения очень больших чисел<br/>            (&#x27;100000000&#x27;, &#x27;1&#x27;, &#x27;100000001.00&#x27;), # Проверка суммы с восьмизначным числом<br/>            (&#x27;99999999&#x27;, &#x27;1&#x27;, &#x27;100000000.00&#x27;),  # Проверка суммы с восьмизначным числом - 1<br/>            (&#x27;100000001&#x27;, &#x27;1&#x27;, &#x27;100000002.00&#x27;), # Проверка суммы с восьмизначным числом + 1<br/>            (&#x27;3.14&#x27;, &#x27;2.86&#x27;, &#x27;6.00&#x27;),           # Проверка сложения чисел с десятичной частью<br/>            (&#x27;2.14555&#x27;, &#x27;3.26565&#x27;, &#x27;5.41&#x27;),  # Проверка сложения чисел с использованием десятичной дроби и большого количества знаков после запятой<br/>            (&#x27;-1.5&#x27;, &#x27;-2.7&#x27;, &#x27;-4.20&#x27;),     # Проверка сложения чисел с использованием отрицательных десятичных дробей<br/>            (&#x27;5&#x27;, &#x27;0&#x27;, &#x27;5.00&#x27;),            # Проверка сложения чисел, где одно из них равно нулю<br/>            (&#x27;00123&#x27;, &#x27;0.456&#x27;, &#x27;123.46&#x27;),  # Проверка сложения чисел, где одно из чисел имеет ведущие нули<br/>            (&#x27;2e6&#x27;, &#x27;3e7&#x27;, &#x27;32000000.00&#x27;), # Проверка сложения чисел с использованием чисел в экспоненциальной записи<br/>    ])<br/>        def test_addition_positive(self, calculator_page, left_operand, right_operand, expected_result):<br/>            calculator_page.perform_addition(left_operand, right_operand)<br/>&gt;           calculator_page.verify_result(expected_result)<br/><br/>tests\test_addition.py:31: <br/>_ _ _ _ _ _ _ _ _ _ _ _ _ _ _ _ _ _ _ _ _ _ _ _ _ _ _ _ _ _ _ _ _ _ _ _ _ _ _ _ <br/><br/>self = &lt;pages.calculator_page.CalculatorPage object at 0x000002B1E58704D0&gt;, expected_result = &#x27;100000001.00&#x27;<br/><br/>    def verify_result(self, expected_result):<br/>        # Проверяет, что ответ совпадает с ожидаемым (число после знака =)<br/>        result = self.get_result_after_equal_sign()<br/>&gt;       assert result == expected_result, f&#x27;Ожидаемый результат {expected_result} отличается от фактического {result}&#x27;<br/><span class="error">E       AssertionError: Ожидаемый результат 100000001.00 отличается от фактического 100000000.00</span><br/><br/>pages\calculator_page.py:69: AssertionError<br/></div></td></tr></tbody>
      <tbody class="failed results-table-row">
        <tr>
          <td class="col-result">Failed</td>
          <td class="col-name">tests/test_addition.py::TestCalculatorAddition::test_addition_positive[100000001-1-100000002.00]</td>
          <td class="col-duration">2.71</td>
          <td class="col-links"></td></tr>
        <tr>
          <td class="extra" colspan="4">
            <div class="log">self = &lt;test_addition.TestCalculatorAddition object at 0x000002B1E58F03D0&gt;<br/>calculator_page = &lt;pages.calculator_page.CalculatorPage object at 0x000002B1E58704D0&gt;, left_operand = &#x27;100000001&#x27;, right_operand = &#x27;1&#x27;<br/>expected_result = &#x27;100000002.00&#x27;<br/><br/>        @pytest.mark.parametrize(&quot;left_operand, right_operand, expected_result&quot;, [<br/>            (&#x27;2&#x27;, &#x27;5&#x27;, &#x27;7.00&#x27;),     # Проверка сложения двух положительных целых чисел<br/>            (&#x27;-2&#x27;, &#x27;-5&#x27;, &#x27;-7.00&#x27;),  # Проверка сложения двух отрицательных целых чисел<br/>            (&#x27;2&#x27;, &#x27;-5&#x27;, &#x27;-3.00&#x27;),   # Проверка сложения положительного и отрицательного числа<br/>            (&#x27;0&#x27;, &#x27;5&#x27;, &#x27;5.00&#x27;),     # Проверка сложения числа с нулём<br/>            (&#x27;2&#x27;, &#x27;2&#x27;, &#x27;4.00&#x27;),     # Проверка сложения числа с самим собой<br/>            (&#x27;9999999999&#x27;, &#x27;9999999999&#x27;, &#x27;19999999998.00&#x27;),  # Проверка сложения очень больших чисел<br/>            (&#x27;100000000&#x27;, &#x27;1&#x27;, &#x27;100000001.00&#x27;), # Проверка суммы с восьмизначным числом<br/>            (&#x27;99999999&#x27;, &#x27;1&#x27;, &#x27;100000000.00&#x27;),  # Проверка суммы с восьмизначным числом - 1<br/>            (&#x27;100000001&#x27;, &#x27;1&#x27;, &#x27;100000002.00&#x27;), # Проверка суммы с восьмизначным числом + 1<br/>            (&#x27;3.14&#x27;, &#x27;2.86&#x27;, &#x27;6.00&#x27;),           # Проверка сложения чисел с десятичной частью<br/>            (&#x27;2.14555&#x27;, &#x27;3.26565&#x27;, &#x27;5.41&#x27;),  # Проверка сложения чисел с использованием десятичной дроби и большого количества знаков после запятой<br/>            (&#x27;-1.5&#x27;, &#x27;-2.7&#x27;, &#x27;-4.20&#x27;),     # Проверка сложения чисел с использованием отрицательных десятичных дробей<br/>            (&#x27;5&#x27;, &#x27;0&#x27;, &#x27;5.00&#x27;),            # Проверка сложения чисел, где одно из них равно нулю<br/>            (&#x27;00123&#x27;, &#x27;0.456&#x27;, &#x27;123.46&#x27;),  # Проверка сложения чисел, где одно из чисел имеет ведущие нули<br/>            (&#x27;2e6&#x27;, &#x27;3e7&#x27;, &#x27;32000000.00&#x27;), # Проверка сложения чисел с использованием чисел в экспоненциальной записи<br/>    ])<br/>        def test_addition_positive(self, calculator_page, left_operand, right_operand, expected_result):<br/>            calculator_page.perform_addition(left_operand, right_operand)<br/>&gt;           calculator_page.verify_result(expected_result)<br/><br/>tests\test_addition.py:31: <br/>_ _ _ _ _ _ _ _ _ _ _ _ _ _ _ _ _ _ _ _ _ _ _ _ _ _ _ _ _ _ _ _ _ _ _ _ _ _ _ _ <br/><br/>self = &lt;pages.calculator_page.CalculatorPage object at 0x000002B1E58704D0&gt;, expected_result = &#x27;100000002.00&#x27;<br/><br/>    def verify_result(self, expected_result):<br/>        # Проверяет, что ответ совпадает с ожидаемым (число после знака =)<br/>        result = self.get_result_after_equal_sign()<br/>&gt;       assert result == expected_result, f&#x27;Ожидаемый результат {expected_result} отличается от фактического {result}&#x27;<br/><span class="error">E       AssertionError: Ожидаемый результат 100000002.00 отличается от фактического 100000000.00</span><br/><br/>pages\calculator_page.py:69: AssertionError<br/></div></td></tr></tbody>
      <tbody class="failed results-table-row">
        <tr>
          <td class="col-result">Failed</td>
          <td class="col-name">tests/test_division.py::TestCalculatorDivision::test_division_positive[0--5-0.00]</td>
          <td class="col-duration">2.68</td>
          <td class="col-links"></td></tr>
        <tr>
          <td class="extra" colspan="4">
            <div class="log">self = &lt;test_division.TestCalculatorDivision object at 0x000002B1E5906D50&gt;<br/>calculator_page = &lt;pages.calculator_page.CalculatorPage object at 0x000002B1E5D6F910&gt;, dividend = &#x27;0&#x27;, divisor = &#x27;-5&#x27;<br/>expected_result = &#x27;0.00&#x27;<br/><br/>    @pytest.mark.parametrize(&quot;dividend, divisor, expected_result&quot;, [<br/>        (&#x27;10&#x27;, &#x27;2&#x27;, &#x27;5.00&#x27;),      # Проверка деления положительных целых чисел без остатка<br/>        (&#x27;10&#x27;, &#x27;3&#x27;, &#x27;3.33&#x27;),      # Проверка деления положительных целых чисел с остатком<br/>        (&#x27;-10&#x27;, &#x27;-2&#x27;, &#x27;5.00&#x27;),    # Проверка деления отрицательных целых чисел без остатка<br/>        (&#x27;-10&#x27;, &#x27;3&#x27;, &#x27;-3.33&#x27;),    # Проверка деления отрицательных целых чисел с остатком<br/>        (&#x27;0&#x27;, &#x27;5&#x27;, &#x27;0.00&#x27;),       # Проверка деления нуля на положительное число<br/>        (&#x27;0&#x27;, &#x27;-5&#x27;, &#x27;0.00&#x27;),      # Проверка деления нуля на отрицательное число<br/>        (&#x27;100000001&#x27;, &#x27;2&#x27;, &#x27;50000000.5&#x27;),  # Проверка деления большого числа - 1<br/>        (&#x27;100000000&#x27;, &#x27;2&#x27;, &#x27;50000000.00&#x27;),  # Проверка деления большого числа<br/>        (&#x27;99999999&#x27;, &#x27;2&#x27;, &#x27;4999999950&#x27;),  # Проверка деления большого числа + 1<br/>        (&#x27;5&#x27;, &#x27;0&#x27;, &#x27;Infinity&#x27;),   # Проверка деления положительного числа на ноль<br/>        (&#x27;-5&#x27;, &#x27;0&#x27;, &#x27;-Infinity&#x27;), # Проверка деления отрицательного числа на ноль<br/>        (&#x27;10&#x27;, &#x27;2.5&#x27;, &#x27;4.00&#x27;),    # Проверка деления положительного числа на положительную десятичную дробь<br/>        (&#x27;10&#x27;, &#x27;-2.5&#x27;, &#x27;-4.00&#x27;),  # Проверка деления положительного числа на отрицательную десятичную дробь<br/>        (&#x27;-10&#x27;, &#x27;2.5&#x27;, &#x27;-4.00&#x27;),  # Проверка деления отрицательного числа на положительную десятичную дробь<br/>        (&#x27;-10&#x27;, &#x27;-2.5&#x27;, &#x27;4.00&#x27;),  # Проверка деления отрицательного числа на отрицательную десятичную дробь<br/>    ])<br/>    def test_division_positive(self, calculator_page, dividend, divisor, expected_result):<br/>        calculator_page.perform_division(dividend, divisor)<br/>&gt;       calculator_page.verify_result(expected_result)<br/><br/>tests\test_division.py:32: <br/>_ _ _ _ _ _ _ _ _ _ _ _ _ _ _ _ _ _ _ _ _ _ _ _ _ _ _ _ _ _ _ _ _ _ _ _ _ _ _ _ <br/><br/>self = &lt;pages.calculator_page.CalculatorPage object at 0x000002B1E5D6F910&gt;, expected_result = &#x27;0.00&#x27;<br/><br/>    def verify_result(self, expected_result):<br/>        # Проверяет, что ответ совпадает с ожидаемым (число после знака =)<br/>        result = self.get_result_after_equal_sign()<br/>&gt;       assert result == expected_result, f&#x27;Ожидаемый результат {expected_result} отличается от фактического {result}&#x27;<br/><span class="error">E       AssertionError: Ожидаемый результат 0.00 отличается от фактического -0.00</span><br/><br/>pages\calculator_page.py:69: AssertionError<br/></div></td></tr></tbody>
      <tbody class="failed results-table-row">
        <tr>
          <td class="col-result">Failed</td>
          <td class="col-name">tests/test_division.py::TestCalculatorDivision::test_division_positive[100000001-2-50000000.5]</td>
          <td class="col-duration">2.77</td>
          <td class="col-links"></td></tr>
        <tr>
          <td class="extra" colspan="4">
            <div class="log">self = &lt;test_division.TestCalculatorDivision object at 0x000002B1E5907010&gt;<br/>calculator_page = &lt;pages.calculator_page.CalculatorPage object at 0x000002B1E5D6F910&gt;, dividend = &#x27;100000001&#x27;, divisor = &#x27;2&#x27;<br/>expected_result = &#x27;50000000.5&#x27;<br/><br/>    @pytest.mark.parametrize(&quot;dividend, divisor, expected_result&quot;, [<br/>        (&#x27;10&#x27;, &#x27;2&#x27;, &#x27;5.00&#x27;),      # Проверка деления положительных целых чисел без остатка<br/>        (&#x27;10&#x27;, &#x27;3&#x27;, &#x27;3.33&#x27;),      # Проверка деления положительных целых чисел с остатком<br/>        (&#x27;-10&#x27;, &#x27;-2&#x27;, &#x27;5.00&#x27;),    # Проверка деления отрицательных целых чисел без остатка<br/>        (&#x27;-10&#x27;, &#x27;3&#x27;, &#x27;-3.33&#x27;),    # Проверка деления отрицательных целых чисел с остатком<br/>        (&#x27;0&#x27;, &#x27;5&#x27;, &#x27;0.00&#x27;),       # Проверка деления нуля на положительное число<br/>        (&#x27;0&#x27;, &#x27;-5&#x27;, &#x27;0.00&#x27;),      # Проверка деления нуля на отрицательное число<br/>        (&#x27;100000001&#x27;, &#x27;2&#x27;, &#x27;50000000.5&#x27;),  # Проверка деления большого числа - 1<br/>        (&#x27;100000000&#x27;, &#x27;2&#x27;, &#x27;50000000.00&#x27;),  # Проверка деления большого числа<br/>        (&#x27;99999999&#x27;, &#x27;2&#x27;, &#x27;4999999950&#x27;),  # Проверка деления большого числа + 1<br/>        (&#x27;5&#x27;, &#x27;0&#x27;, &#x27;Infinity&#x27;),   # Проверка деления положительного числа на ноль<br/>        (&#x27;-5&#x27;, &#x27;0&#x27;, &#x27;-Infinity&#x27;), # Проверка деления отрицательного числа на ноль<br/>        (&#x27;10&#x27;, &#x27;2.5&#x27;, &#x27;4.00&#x27;),    # Проверка деления положительного числа на положительную десятичную дробь<br/>        (&#x27;10&#x27;, &#x27;-2.5&#x27;, &#x27;-4.00&#x27;),  # Проверка деления положительного числа на отрицательную десятичную дробь<br/>        (&#x27;-10&#x27;, &#x27;2.5&#x27;, &#x27;-4.00&#x27;),  # Проверка деления отрицательного числа на положительную десятичную дробь<br/>        (&#x27;-10&#x27;, &#x27;-2.5&#x27;, &#x27;4.00&#x27;),  # Проверка деления отрицательного числа на отрицательную десятичную дробь<br/>    ])<br/>    def test_division_positive(self, calculator_page, dividend, divisor, expected_result):<br/>        calculator_page.perform_division(dividend, divisor)<br/>&gt;       calculator_page.verify_result(expected_result)<br/><br/>tests\test_division.py:32: <br/>_ _ _ _ _ _ _ _ _ _ _ _ _ _ _ _ _ _ _ _ _ _ _ _ _ _ _ _ _ _ _ _ _ _ _ _ _ _ _ _ <br/><br/>self = &lt;pages.calculator_page.CalculatorPage object at 0x000002B1E5D6F910&gt;, expected_result = &#x27;50000000.5&#x27;<br/><br/>    def verify_result(self, expected_result):<br/>        # Проверяет, что ответ совпадает с ожидаемым (число после знака =)<br/>        result = self.get_result_after_equal_sign()<br/>&gt;       assert result == expected_result, f&#x27;Ожидаемый результат {expected_result} отличается от фактического {result}&#x27;<br/><span class="error">E       AssertionError: Ожидаемый результат 50000000.5 отличается от фактического 50000000.00</span><br/><br/>pages\calculator_page.py:69: AssertionError<br/></div></td></tr></tbody>
      <tbody class="failed results-table-row">
        <tr>
          <td class="col-result">Failed</td>
          <td class="col-name">tests/test_division.py::TestCalculatorDivision::test_division_positive[99999999-2-4999999950]</td>
          <td class="col-duration">2.70</td>
          <td class="col-links"></td></tr>
        <tr>
          <td class="extra" colspan="4">
            <div class="log">self = &lt;test_division.TestCalculatorDivision object at 0x000002B1E58FA1D0&gt;<br/>calculator_page = &lt;pages.calculator_page.CalculatorPage object at 0x000002B1E5D6F910&gt;, dividend = &#x27;99999999&#x27;, divisor = &#x27;2&#x27;<br/>expected_result = &#x27;4999999950&#x27;<br/><br/>    @pytest.mark.parametrize(&quot;dividend, divisor, expected_result&quot;, [<br/>        (&#x27;10&#x27;, &#x27;2&#x27;, &#x27;5.00&#x27;),      # Проверка деления положительных целых чисел без остатка<br/>        (&#x27;10&#x27;, &#x27;3&#x27;, &#x27;3.33&#x27;),      # Проверка деления положительных целых чисел с остатком<br/>        (&#x27;-10&#x27;, &#x27;-2&#x27;, &#x27;5.00&#x27;),    # Проверка деления отрицательных целых чисел без остатка<br/>        (&#x27;-10&#x27;, &#x27;3&#x27;, &#x27;-3.33&#x27;),    # Проверка деления отрицательных целых чисел с остатком<br/>        (&#x27;0&#x27;, &#x27;5&#x27;, &#x27;0.00&#x27;),       # Проверка деления нуля на положительное число<br/>        (&#x27;0&#x27;, &#x27;-5&#x27;, &#x27;0.00&#x27;),      # Проверка деления нуля на отрицательное число<br/>        (&#x27;100000001&#x27;, &#x27;2&#x27;, &#x27;50000000.5&#x27;),  # Проверка деления большого числа - 1<br/>        (&#x27;100000000&#x27;, &#x27;2&#x27;, &#x27;50000000.00&#x27;),  # Проверка деления большого числа<br/>        (&#x27;99999999&#x27;, &#x27;2&#x27;, &#x27;4999999950&#x27;),  # Проверка деления большого числа + 1<br/>        (&#x27;5&#x27;, &#x27;0&#x27;, &#x27;Infinity&#x27;),   # Проверка деления положительного числа на ноль<br/>        (&#x27;-5&#x27;, &#x27;0&#x27;, &#x27;-Infinity&#x27;), # Проверка деления отрицательного числа на ноль<br/>        (&#x27;10&#x27;, &#x27;2.5&#x27;, &#x27;4.00&#x27;),    # Проверка деления положительного числа на положительную десятичную дробь<br/>        (&#x27;10&#x27;, &#x27;-2.5&#x27;, &#x27;-4.00&#x27;),  # Проверка деления положительного числа на отрицательную десятичную дробь<br/>        (&#x27;-10&#x27;, &#x27;2.5&#x27;, &#x27;-4.00&#x27;),  # Проверка деления отрицательного числа на положительную десятичную дробь<br/>        (&#x27;-10&#x27;, &#x27;-2.5&#x27;, &#x27;4.00&#x27;),  # Проверка деления отрицательного числа на отрицательную десятичную дробь<br/>    ])<br/>    def test_division_positive(self, calculator_page, dividend, divisor, expected_result):<br/>        calculator_page.perform_division(dividend, divisor)<br/>&gt;       calculator_page.verify_result(expected_result)<br/><br/>tests\test_division.py:32: <br/>_ _ _ _ _ _ _ _ _ _ _ _ _ _ _ _ _ _ _ _ _ _ _ _ _ _ _ _ _ _ _ _ _ _ _ _ _ _ _ _ <br/><br/>self = &lt;pages.calculator_page.CalculatorPage object at 0x000002B1E5D6F910&gt;, expected_result = &#x27;4999999950&#x27;<br/><br/>    def verify_result(self, expected_result):<br/>        # Проверяет, что ответ совпадает с ожидаемым (число после знака =)<br/>        result = self.get_result_after_equal_sign()<br/>&gt;       assert result == expected_result, f&#x27;Ожидаемый результат {expected_result} отличается от фактического {result}&#x27;<br/><span class="error">E       AssertionError: Ожидаемый результат 4999999950 отличается от фактического 50000000.00</span><br/><br/>pages\calculator_page.py:69: AssertionError<br/></div></td></tr></tbody>
      <tbody class="failed results-table-row">
        <tr>
          <td class="col-result">Failed</td>
          <td class="col-name">tests/test_input_fields.py::TestCalculatorInputFields::test_invalid_input</td>
          <td class="col-duration">1.09</td>
          <td class="col-links"></td></tr>
        <tr>
          <td class="extra" colspan="4">
            <div class="log">self = &lt;test_input_fields.TestCalculatorInputFields object at 0x000002B1E5918690&gt;<br/>calculator_page = &lt;pages.calculator_page.CalculatorPage object at 0x000002B1E5DBD110&gt;<br/><br/>    def test_invalid_input(self, calculator_page):<br/>        # Введите недопустимые символы в оба поля для ввода и убедитесь, что они не приняты.<br/>        calculator_page.enter_number(CalculatorLocators.LEFT_INPUT_FIELD, &#x27;abc&#x27;)<br/>        result = calculator_page.get_text(CalculatorLocators.LEFT_INPUT_FIELD)<br/>&gt;       assert result == &#x27;&#x27;, &#x27;Поле ввода левого операнда приняло недопустимые символы&#x27;<br/><span class="error">E       AssertionError: Поле ввода левого операнда приняло недопустимые символы</span><br/><span class="error">E       assert &#x27;abc&#x27; == &#x27;&#x27;</span><br/><span class="error">E         + abc</span><br/><br/>tests\test_input_fields.py:28: AssertionError<br/></div></td></tr></tbody>
      <tbody class="failed results-table-row">
        <tr>
          <td class="col-result">Failed</td>
          <td class="col-name">tests/test_input_fields.py::TestCalculatorInputFields::test_valid_number_single_field</td>
          <td class="col-duration">1.07</td>
          <td class="col-links"></td></tr>
        <tr>
          <td class="extra" colspan="4">
            <div class="log">self = &lt;test_input_fields.TestCalculatorInputFields object at 0x000002B1E591AB90&gt;<br/>calculator_page = &lt;pages.calculator_page.CalculatorPage object at 0x000002B1E5DBD110&gt;<br/><br/>    def test_valid_number_single_field(self, calculator_page):<br/>        # Убедитесь, что калькулятор не выполняет никаких вычислений, если число есть только в одном поле<br/>        calculator_page.enter_number(CalculatorLocators.LEFT_INPUT_FIELD, &#x27;10&#x27;)<br/>        result = calculator_page.get_text(CalculatorLocators.RESULT_TEXT)<br/>&gt;       assert result == &#x27;&#x27;, &#x27;Калькулятор выполняет вычисление при наличии числа только в одном поле&#x27;<br/><span class="error">E       AssertionError: Калькулятор выполняет вычисление при наличии числа только в одном поле</span><br/><span class="error">E       assert &#x27;Please, fill...lds correctly&#x27; == &#x27;&#x27;</span><br/><span class="error">E         + Please, fill the input fields correctly</span><br/><br/>tests\test_input_fields.py:78: AssertionError<br/></div></td></tr></tbody>
      <tbody class="failed results-table-row">
        <tr>
          <td class="col-result">Failed</td>
          <td class="col-name">tests/test_input_fields.py::TestCalculatorInputFields::test_leading_zeros_input</td>
          <td class="col-duration">1.08</td>
          <td class="col-links"></td></tr>
        <tr>
          <td class="extra" colspan="4">
            <div class="log">self = &lt;test_input_fields.TestCalculatorInputFields object at 0x000002B1E591B310&gt;<br/>calculator_page = &lt;pages.calculator_page.CalculatorPage object at 0x000002B1E5DBD110&gt;<br/><br/>    def test_leading_zeros_input(self, calculator_page):<br/>        # Проверка ввода числа с ведущими нулями<br/>        calculator_page.enter_number(CalculatorLocators.LEFT_INPUT_FIELD, &#x27;00123&#x27;)<br/>        result = calculator_page.get_text(CalculatorLocators.LEFT_INPUT_FIELD)<br/>&gt;       assert result == &#x27;123&#x27;, &#x27;Поле ввода левого операнда содержит неверное значение&#x27;<br/><span class="error">E       AssertionError: Поле ввода левого операнда содержит неверное значение</span><br/><span class="error">E       assert &#x27;00123&#x27; == &#x27;123&#x27;</span><br/><span class="error">E         - 123</span><br/><span class="error">E         + 00123</span><br/><span class="error">E         ? ++</span><br/><br/>tests\test_input_fields.py:84: AssertionError<br/></div></td></tr></tbody>
      <tbody class="failed results-table-row">
        <tr>
          <td class="col-result">Failed</td>
          <td class="col-name">tests/test_multiplication.py::TestCalculatorMultiplication::test_multiplication_positive[214647-214647-46073334609.00]</td>
          <td class="col-duration">2.76</td>
          <td class="col-links"></td></tr>
        <tr>
          <td class="extra" colspan="4">
            <div class="log">self = &lt;test_multiplication.TestCalculatorMultiplication object at 0x000002B1E5922690&gt;<br/>calculator_page = &lt;pages.calculator_page.CalculatorPage object at 0x000002B1E3171350&gt;, left_operand = &#x27;214647&#x27;, right_operand = &#x27;214647&#x27;<br/>expected_result = &#x27;46073334609.00&#x27;<br/><br/>    @pytest.mark.parametrize(&quot;left_operand, right_operand, expected_result&quot;, [<br/>        (&#x27;2&#x27;, &#x27;5&#x27;, &#x27;10.00&#x27;),     # Проверка умножения двух положительных целых чисел<br/>        (&#x27;-2&#x27;, &#x27;-5&#x27;, &#x27;10.00&#x27;),   # Проверка умножения двух отрицательных целых чисел<br/>        (&#x27;2&#x27;, &#x27;-5&#x27;, &#x27;-10.00&#x27;),   # Проверка умножения положительного и отрицательного числа<br/>        (&#x27;0&#x27;, &#x27;5&#x27;, &#x27;0.00&#x27;),      # Проверка умножения числа на нуль<br/>        (&#x27;2&#x27;, &#x27;0&#x27;, &#x27;0.00&#x27;),      # Проверка умножения нуля на число<br/>        (&#x27;2&#x27;, &#x27;2&#x27;, &#x27;4.00&#x27;),      # Проверка умножения числа на само себя<br/>        (&#x27;214647&#x27;, &#x27;214647&#x27;, &#x27;46073334609.00&#x27;),  # Проверка умножения больших чисел<br/>        (&#x27;99999999&#x27;, &#x27;2&#x27;, &#x27;199999998.00&#x27;),  # Проверка произведения с восьмизначным числом - 1<br/>        (&#x27;100000000&#x27;, &#x27;2&#x27;, &#x27;200000000.00&#x27;),    # Проверка произведения с восьмизначным числом<br/>        (&#x27;100000001&#x27;, &#x27;2&#x27;, &#x27;200000002.00&#x27;),    # Проверка произведения с восьмизначным числом + 1<br/>        (&#x27;3.14&#x27;, &#x27;2.5&#x27;, &#x27;7.85&#x27;),                # Проверка умножения чисел с десятичной частью<br/>        (&#x27;2.14555&#x27;, &#x27;3.26565&#x27;, &#x27;7.01&#x27;),      # Проверка умножения чисел с использованием десятичной дроби и большого количества знаков после запятой<br/>        (&#x27;-1.5&#x27;, &#x27;-2.7&#x27;, &#x27;4.05&#x27;),               # Проверка умножения чисел с использованием отрицательных десятичных дробей<br/>        (&#x27;00123&#x27;, &#x27;0.456&#x27;, &#x27;56.09&#x27;),            # Проверка умножения чисел, где одно из чисел имеет ведущие нули<br/>        (&#x27;2e6&#x27;, &#x27;3e7&#x27;, &#x27;60000000000000.00&#x27;),   # Проверка умножения чисел в экспоненциальной записи<br/>    ])<br/>    def test_multiplication_positive(self, calculator_page, left_operand, right_operand, expected_result):<br/>        calculator_page.perform_multiplication(left_operand, right_operand)<br/>&gt;       calculator_page.verify_result(expected_result)<br/><br/>tests\test_multiplication.py:30: <br/>_ _ _ _ _ _ _ _ _ _ _ _ _ _ _ _ _ _ _ _ _ _ _ _ _ _ _ _ _ _ _ _ _ _ _ _ _ _ _ _ <br/><br/>self = &lt;pages.calculator_page.CalculatorPage object at 0x000002B1E3171350&gt;, expected_result = &#x27;46073334609.00&#x27;<br/><br/>    def verify_result(self, expected_result):<br/>        # Проверяет, что ответ совпадает с ожидаемым (число после знака =)<br/>        result = self.get_result_after_equal_sign()<br/>&gt;       assert result == expected_result, f&#x27;Ожидаемый результат {expected_result} отличается от фактического {result}&#x27;<br/><span class="error">E       AssertionError: Ожидаемый результат 46073334609.00 отличается от фактического 46073335808.00</span><br/><br/>pages\calculator_page.py:69: AssertionError<br/></div></td></tr></tbody>
      <tbody class="failed results-table-row">
        <tr>
          <td class="col-result">Failed</td>
          <td class="col-name">tests/test_multiplication.py::TestCalculatorMultiplication::test_multiplication_positive[99999999-2-199999998.00]</td>
          <td class="col-duration">2.64</td>
          <td class="col-links"></td></tr>
        <tr>
          <td class="extra" colspan="4">
            <div class="log">self = &lt;test_multiplication.TestCalculatorMultiplication object at 0x000002B1E5922950&gt;<br/>calculator_page = &lt;pages.calculator_page.CalculatorPage object at 0x000002B1E3171350&gt;, left_operand = &#x27;99999999&#x27;, right_operand = &#x27;2&#x27;<br/>expected_result = &#x27;199999998.00&#x27;<br/><br/>    @pytest.mark.parametrize(&quot;left_operand, right_operand, expected_result&quot;, [<br/>        (&#x27;2&#x27;, &#x27;5&#x27;, &#x27;10.00&#x27;),     # Проверка умножения двух положительных целых чисел<br/>        (&#x27;-2&#x27;, &#x27;-5&#x27;, &#x27;10.00&#x27;),   # Проверка умножения двух отрицательных целых чисел<br/>        (&#x27;2&#x27;, &#x27;-5&#x27;, &#x27;-10.00&#x27;),   # Проверка умножения положительного и отрицательного числа<br/>        (&#x27;0&#x27;, &#x27;5&#x27;, &#x27;0.00&#x27;),      # Проверка умножения числа на нуль<br/>        (&#x27;2&#x27;, &#x27;0&#x27;, &#x27;0.00&#x27;),      # Проверка умножения нуля на число<br/>        (&#x27;2&#x27;, &#x27;2&#x27;, &#x27;4.00&#x27;),      # Проверка умножения числа на само себя<br/>        (&#x27;214647&#x27;, &#x27;214647&#x27;, &#x27;46073334609.00&#x27;),  # Проверка умножения больших чисел<br/>        (&#x27;99999999&#x27;, &#x27;2&#x27;, &#x27;199999998.00&#x27;),  # Проверка произведения с восьмизначным числом - 1<br/>        (&#x27;100000000&#x27;, &#x27;2&#x27;, &#x27;200000000.00&#x27;),    # Проверка произведения с восьмизначным числом<br/>        (&#x27;100000001&#x27;, &#x27;2&#x27;, &#x27;200000002.00&#x27;),    # Проверка произведения с восьмизначным числом + 1<br/>        (&#x27;3.14&#x27;, &#x27;2.5&#x27;, &#x27;7.85&#x27;),                # Проверка умножения чисел с десятичной частью<br/>        (&#x27;2.14555&#x27;, &#x27;3.26565&#x27;, &#x27;7.01&#x27;),      # Проверка умножения чисел с использованием десятичной дроби и большого количества знаков после запятой<br/>        (&#x27;-1.5&#x27;, &#x27;-2.7&#x27;, &#x27;4.05&#x27;),               # Проверка умножения чисел с использованием отрицательных десятичных дробей<br/>        (&#x27;00123&#x27;, &#x27;0.456&#x27;, &#x27;56.09&#x27;),            # Проверка умножения чисел, где одно из чисел имеет ведущие нули<br/>        (&#x27;2e6&#x27;, &#x27;3e7&#x27;, &#x27;60000000000000.00&#x27;),   # Проверка умножения чисел в экспоненциальной записи<br/>    ])<br/>    def test_multiplication_positive(self, calculator_page, left_operand, right_operand, expected_result):<br/>        calculator_page.perform_multiplication(left_operand, right_operand)<br/>&gt;       calculator_page.verify_result(expected_result)<br/><br/>tests\test_multiplication.py:30: <br/>_ _ _ _ _ _ _ _ _ _ _ _ _ _ _ _ _ _ _ _ _ _ _ _ _ _ _ _ _ _ _ _ _ _ _ _ _ _ _ _ <br/><br/>self = &lt;pages.calculator_page.CalculatorPage object at 0x000002B1E3171350&gt;, expected_result = &#x27;199999998.00&#x27;<br/><br/>    def verify_result(self, expected_result):<br/>        # Проверяет, что ответ совпадает с ожидаемым (число после знака =)<br/>        result = self.get_result_after_equal_sign()<br/>&gt;       assert result == expected_result, f&#x27;Ожидаемый результат {expected_result} отличается от фактического {result}&#x27;<br/><span class="error">E       AssertionError: Ожидаемый результат 199999998.00 отличается от фактического 200000000.00</span><br/><br/>pages\calculator_page.py:69: AssertionError<br/></div></td></tr></tbody>
      <tbody class="failed results-table-row">
        <tr>
          <td class="col-result">Failed</td>
          <td class="col-name">tests/test_multiplication.py::TestCalculatorMultiplication::test_multiplication_positive[100000001-2-200000002.00]</td>
          <td class="col-duration">2.68</td>
          <td class="col-links"></td></tr>
        <tr>
          <td class="extra" colspan="4">
            <div class="log">self = &lt;test_multiplication.TestCalculatorMultiplication object at 0x000002B1E5922FD0&gt;<br/>calculator_page = &lt;pages.calculator_page.CalculatorPage object at 0x000002B1E3171350&gt;, left_operand = &#x27;100000001&#x27;, right_operand = &#x27;2&#x27;<br/>expected_result = &#x27;200000002.00&#x27;<br/><br/>    @pytest.mark.parametrize(&quot;left_operand, right_operand, expected_result&quot;, [<br/>        (&#x27;2&#x27;, &#x27;5&#x27;, &#x27;10.00&#x27;),     # Проверка умножения двух положительных целых чисел<br/>        (&#x27;-2&#x27;, &#x27;-5&#x27;, &#x27;10.00&#x27;),   # Проверка умножения двух отрицательных целых чисел<br/>        (&#x27;2&#x27;, &#x27;-5&#x27;, &#x27;-10.00&#x27;),   # Проверка умножения положительного и отрицательного числа<br/>        (&#x27;0&#x27;, &#x27;5&#x27;, &#x27;0.00&#x27;),      # Проверка умножения числа на нуль<br/>        (&#x27;2&#x27;, &#x27;0&#x27;, &#x27;0.00&#x27;),      # Проверка умножения нуля на число<br/>        (&#x27;2&#x27;, &#x27;2&#x27;, &#x27;4.00&#x27;),      # Проверка умножения числа на само себя<br/>        (&#x27;214647&#x27;, &#x27;214647&#x27;, &#x27;46073334609.00&#x27;),  # Проверка умножения больших чисел<br/>        (&#x27;99999999&#x27;, &#x27;2&#x27;, &#x27;199999998.00&#x27;),  # Проверка произведения с восьмизначным числом - 1<br/>        (&#x27;100000000&#x27;, &#x27;2&#x27;, &#x27;200000000.00&#x27;),    # Проверка произведения с восьмизначным числом<br/>        (&#x27;100000001&#x27;, &#x27;2&#x27;, &#x27;200000002.00&#x27;),    # Проверка произведения с восьмизначным числом + 1<br/>        (&#x27;3.14&#x27;, &#x27;2.5&#x27;, &#x27;7.85&#x27;),                # Проверка умножения чисел с десятичной частью<br/>        (&#x27;2.14555&#x27;, &#x27;3.26565&#x27;, &#x27;7.01&#x27;),      # Проверка умножения чисел с использованием десятичной дроби и большого количества знаков после запятой<br/>        (&#x27;-1.5&#x27;, &#x27;-2.7&#x27;, &#x27;4.05&#x27;),               # Проверка умножения чисел с использованием отрицательных десятичных дробей<br/>        (&#x27;00123&#x27;, &#x27;0.456&#x27;, &#x27;56.09&#x27;),            # Проверка умножения чисел, где одно из чисел имеет ведущие нули<br/>        (&#x27;2e6&#x27;, &#x27;3e7&#x27;, &#x27;60000000000000.00&#x27;),   # Проверка умножения чисел в экспоненциальной записи<br/>    ])<br/>    def test_multiplication_positive(self, calculator_page, left_operand, right_operand, expected_result):<br/>        calculator_page.perform_multiplication(left_operand, right_operand)<br/>&gt;       calculator_page.verify_result(expected_result)<br/><br/>tests\test_multiplication.py:30: <br/>_ _ _ _ _ _ _ _ _ _ _ _ _ _ _ _ _ _ _ _ _ _ _ _ _ _ _ _ _ _ _ _ _ _ _ _ _ _ _ _ <br/><br/>self = &lt;pages.calculator_page.CalculatorPage object at 0x000002B1E3171350&gt;, expected_result = &#x27;200000002.00&#x27;<br/><br/>    def verify_result(self, expected_result):<br/>        # Проверяет, что ответ совпадает с ожидаемым (число после знака =)<br/>        result = self.get_result_after_equal_sign()<br/>&gt;       assert result == expected_result, f&#x27;Ожидаемый результат {expected_result} отличается от фактического {result}&#x27;<br/><span class="error">E       AssertionError: Ожидаемый результат 200000002.00 отличается от фактического 200000000.00</span><br/><br/>pages\calculator_page.py:69: AssertionError<br/></div></td></tr></tbody>
      <tbody class="failed results-table-row">
        <tr>
          <td class="col-result">Failed</td>
          <td class="col-name">tests/test_multiplication.py::TestCalculatorMultiplication::test_multiplication_positive[2e6-3e7-60000000000000.00]</td>
          <td class="col-duration">2.76</td>
          <td class="col-links"></td></tr>
        <tr>
          <td class="extra" colspan="4">
            <div class="log">self = &lt;test_multiplication.TestCalculatorMultiplication object at 0x000002B1E5924050&gt;<br/>calculator_page = &lt;pages.calculator_page.CalculatorPage object at 0x000002B1E3171350&gt;, left_operand = &#x27;2e6&#x27;, right_operand = &#x27;3e7&#x27;<br/>expected_result = &#x27;60000000000000.00&#x27;<br/><br/>    @pytest.mark.parametrize(&quot;left_operand, right_operand, expected_result&quot;, [<br/>        (&#x27;2&#x27;, &#x27;5&#x27;, &#x27;10.00&#x27;),     # Проверка умножения двух положительных целых чисел<br/>        (&#x27;-2&#x27;, &#x27;-5&#x27;, &#x27;10.00&#x27;),   # Проверка умножения двух отрицательных целых чисел<br/>        (&#x27;2&#x27;, &#x27;-5&#x27;, &#x27;-10.00&#x27;),   # Проверка умножения положительного и отрицательного числа<br/>        (&#x27;0&#x27;, &#x27;5&#x27;, &#x27;0.00&#x27;),      # Проверка умножения числа на нуль<br/>        (&#x27;2&#x27;, &#x27;0&#x27;, &#x27;0.00&#x27;),      # Проверка умножения нуля на число<br/>        (&#x27;2&#x27;, &#x27;2&#x27;, &#x27;4.00&#x27;),      # Проверка умножения числа на само себя<br/>        (&#x27;214647&#x27;, &#x27;214647&#x27;, &#x27;46073334609.00&#x27;),  # Проверка умножения больших чисел<br/>        (&#x27;99999999&#x27;, &#x27;2&#x27;, &#x27;199999998.00&#x27;),  # Проверка произведения с восьмизначным числом - 1<br/>        (&#x27;100000000&#x27;, &#x27;2&#x27;, &#x27;200000000.00&#x27;),    # Проверка произведения с восьмизначным числом<br/>        (&#x27;100000001&#x27;, &#x27;2&#x27;, &#x27;200000002.00&#x27;),    # Проверка произведения с восьмизначным числом + 1<br/>        (&#x27;3.14&#x27;, &#x27;2.5&#x27;, &#x27;7.85&#x27;),                # Проверка умножения чисел с десятичной частью<br/>        (&#x27;2.14555&#x27;, &#x27;3.26565&#x27;, &#x27;7.01&#x27;),      # Проверка умножения чисел с использованием десятичной дроби и большого количества знаков после запятой<br/>        (&#x27;-1.5&#x27;, &#x27;-2.7&#x27;, &#x27;4.05&#x27;),               # Проверка умножения чисел с использованием отрицательных десятичных дробей<br/>        (&#x27;00123&#x27;, &#x27;0.456&#x27;, &#x27;56.09&#x27;),            # Проверка умножения чисел, где одно из чисел имеет ведущие нули<br/>        (&#x27;2e6&#x27;, &#x27;3e7&#x27;, &#x27;60000000000000.00&#x27;),   # Проверка умножения чисел в экспоненциальной записи<br/>    ])<br/>    def test_multiplication_positive(self, calculator_page, left_operand, right_operand, expected_result):<br/>        calculator_page.perform_multiplication(left_operand, right_operand)<br/>&gt;       calculator_page.verify_result(expected_result)<br/><br/>tests\test_multiplication.py:30: <br/>_ _ _ _ _ _ _ _ _ _ _ _ _ _ _ _ _ _ _ _ _ _ _ _ _ _ _ _ _ _ _ _ _ _ _ _ _ _ _ _ <br/><br/>self = &lt;pages.calculator_page.CalculatorPage object at 0x000002B1E3171350&gt;, expected_result = &#x27;60000000000000.00&#x27;<br/><br/>    def verify_result(self, expected_result):<br/>        # Проверяет, что ответ совпадает с ожидаемым (число после знака =)<br/>        result = self.get_result_after_equal_sign()<br/>&gt;       assert result == expected_result, f&#x27;Ожидаемый результат {expected_result} отличается от фактического {result}&#x27;<br/><span class="error">E       AssertionError: Ожидаемый результат 60000000000000.00 отличается от фактического 60000001064960.00</span><br/><br/>pages\calculator_page.py:69: AssertionError<br/></div></td></tr></tbody>
      <tbody class="failed results-table-row">
        <tr>
          <td class="col-result">Failed</td>
          <td class="col-name">tests/test_reset_button.py::TestResetButton::test_reset_button_resets_result_field_after_addition[4-2]</td>
          <td class="col-duration">3.26</td>
          <td class="col-links"></td></tr>
        <tr>
          <td class="extra" colspan="4">
            <div class="log">self = &lt;test_reset_button.TestResetButton object at 0x000002B1E59499D0&gt;<br/>calculator_page = &lt;pages.calculator_page.CalculatorPage object at 0x000002B1E59DE410&gt;, left_operand = &#x27;4&#x27;, right_operand = &#x27;2&#x27;<br/><br/>    def test_reset_button_resets_result_field_after_addition(self, calculator_page, left_operand, right_operand):<br/>        # Проверяем, что кнопка RESET стирает значения в поле для вывода результата после операции сложения<br/>        calculator_page.perform_addition(left_operand, right_operand)<br/>        calculator_page.click_reset_button()<br/>&gt;       calculator_page.check_result_field_empty()<br/><br/>tests\test_reset_button.py:50: <br/>_ _ _ _ _ _ _ _ _ _ _ _ _ _ _ _ _ _ _ _ _ _ _ _ _ _ _ _ _ _ _ _ _ _ _ _ _ _ _ _ <br/><br/>self = &lt;pages.calculator_page.CalculatorPage object at 0x000002B1E59DE410&gt;<br/><br/>    def check_result_field_empty(self):<br/>        # Проверяет, что поле результата пустое<br/>        result_field = self.find_element(CalculatorLocators.RESULT_TEXT).text<br/>&gt;       assert result_field == &#x27;&#x27;, &#x27;Поле результата не пустое&#x27;<br/><span class="error">E       AssertionError: Поле результата не пустое</span><br/><br/>pages\calculator_page.py:40: AssertionError<br/></div></td></tr></tbody>
      <tbody class="failed results-table-row">
        <tr>
          <td class="col-result">Failed</td>
          <td class="col-name">tests/test_reset_button.py::TestResetButton::test_reset_button_resets_result_field_after_addition[10.05-5.54]</td>
          <td class="col-duration">3.21</td>
          <td class="col-links"></td></tr>
        <tr>
          <td class="extra" colspan="4">
            <div class="log">self = &lt;test_reset_button.TestResetButton object at 0x000002B1E5949B90&gt;<br/>calculator_page = &lt;pages.calculator_page.CalculatorPage object at 0x000002B1E59DE410&gt;, left_operand = &#x27;10.05&#x27;, right_operand = &#x27;5.54&#x27;<br/><br/>    def test_reset_button_resets_result_field_after_addition(self, calculator_page, left_operand, right_operand):<br/>        # Проверяем, что кнопка RESET стирает значения в поле для вывода результата после операции сложения<br/>        calculator_page.perform_addition(left_operand, right_operand)<br/>        calculator_page.click_reset_button()<br/>&gt;       calculator_page.check_result_field_empty()<br/><br/>tests\test_reset_button.py:50: <br/>_ _ _ _ _ _ _ _ _ _ _ _ _ _ _ _ _ _ _ _ _ _ _ _ _ _ _ _ _ _ _ _ _ _ _ _ _ _ _ _ <br/><br/>self = &lt;pages.calculator_page.CalculatorPage object at 0x000002B1E59DE410&gt;<br/><br/>    def check_result_field_empty(self):<br/>        # Проверяет, что поле результата пустое<br/>        result_field = self.find_element(CalculatorLocators.RESULT_TEXT).text<br/>&gt;       assert result_field == &#x27;&#x27;, &#x27;Поле результата не пустое&#x27;<br/><span class="error">E       AssertionError: Поле результата не пустое</span><br/><br/>pages\calculator_page.py:40: AssertionError<br/></div></td></tr></tbody>
      <tbody class="failed results-table-row">
        <tr>
          <td class="col-result">Failed</td>
          <td class="col-name">tests/test_reset_button.py::TestResetButton::test_reset_button_resets_result_field_after_addition[-8.00-4.00]</td>
          <td class="col-duration">3.19</td>
          <td class="col-links"></td></tr>
        <tr>
          <td class="extra" colspan="4">
            <div class="log">self = &lt;test_reset_button.TestResetButton object at 0x000002B1E5949E50&gt;<br/>calculator_page = &lt;pages.calculator_page.CalculatorPage object at 0x000002B1E59DE410&gt;, left_operand = &#x27;-8.00&#x27;, right_operand = &#x27;4.00&#x27;<br/><br/>    def test_reset_button_resets_result_field_after_addition(self, calculator_page, left_operand, right_operand):<br/>        # Проверяем, что кнопка RESET стирает значения в поле для вывода результата после операции сложения<br/>        calculator_page.perform_addition(left_operand, right_operand)<br/>        calculator_page.click_reset_button()<br/>&gt;       calculator_page.check_result_field_empty()<br/><br/>tests\test_reset_button.py:50: <br/>_ _ _ _ _ _ _ _ _ _ _ _ _ _ _ _ _ _ _ _ _ _ _ _ _ _ _ _ _ _ _ _ _ _ _ _ _ _ _ _ <br/><br/>self = &lt;pages.calculator_page.CalculatorPage object at 0x000002B1E59DE410&gt;<br/><br/>    def check_result_field_empty(self):<br/>        # Проверяет, что поле результата пустое<br/>        result_field = self.find_element(CalculatorLocators.RESULT_TEXT).text<br/>&gt;       assert result_field == &#x27;&#x27;, &#x27;Поле результата не пустое&#x27;<br/><span class="error">E       AssertionError: Поле результата не пустое</span><br/><br/>pages\calculator_page.py:40: AssertionError<br/></div></td></tr></tbody>
      <tbody class="failed results-table-row">
        <tr>
          <td class="col-result">Failed</td>
          <td class="col-name">tests/test_reset_button.py::TestResetButton::test_reset_button_resets_result_field_after_addition[10.50$-5.25]</td>
          <td class="col-duration">3.29</td>
          <td class="col-links"></td></tr>
        <tr>
          <td class="extra" colspan="4">
            <div class="log">self = &lt;test_reset_button.TestResetButton object at 0x000002B1E594A150&gt;<br/>calculator_page = &lt;pages.calculator_page.CalculatorPage object at 0x000002B1E59DE410&gt;, left_operand = &#x27;10.50$&#x27;, right_operand = &#x27;5.25&#x27;<br/><br/>    def test_reset_button_resets_result_field_after_addition(self, calculator_page, left_operand, right_operand):<br/>        # Проверяем, что кнопка RESET стирает значения в поле для вывода результата после операции сложения<br/>        calculator_page.perform_addition(left_operand, right_operand)<br/>        calculator_page.click_reset_button()<br/>&gt;       calculator_page.check_result_field_empty()<br/><br/>tests\test_reset_button.py:50: <br/>_ _ _ _ _ _ _ _ _ _ _ _ _ _ _ _ _ _ _ _ _ _ _ _ _ _ _ _ _ _ _ _ _ _ _ _ _ _ _ _ <br/><br/>self = &lt;pages.calculator_page.CalculatorPage object at 0x000002B1E59DE410&gt;<br/><br/>    def check_result_field_empty(self):<br/>        # Проверяет, что поле результата пустое<br/>        result_field = self.find_element(CalculatorLocators.RESULT_TEXT).text<br/>&gt;       assert result_field == &#x27;&#x27;, &#x27;Поле результата не пустое&#x27;<br/><span class="error">E       AssertionError: Поле результата не пустое</span><br/><br/>pages\calculator_page.py:40: AssertionError<br/></div></td></tr></tbody>
      <tbody class="failed results-table-row">
        <tr>
          <td class="col-result">Failed</td>
          <td class="col-name">tests/test_reset_button.py::TestResetButton::test_reset_button_resets_result_field_after_subtraction[4-2]</td>
          <td class="col-duration">3.32</td>
          <td class="col-links"></td></tr>
        <tr>
          <td class="extra" colspan="4">
            <div class="log">self = &lt;test_reset_button.TestResetButton object at 0x000002B1E594ACD0&gt;<br/>calculator_page = &lt;pages.calculator_page.CalculatorPage object at 0x000002B1E59DE410&gt;, left_operand = &#x27;4&#x27;, right_operand = &#x27;2&#x27;<br/><br/>    def test_reset_button_resets_result_field_after_subtraction(self, calculator_page, left_operand, right_operand):<br/>        # Проверяем, что кнопка RESET стирает значения в поле для вывода результата вычитания<br/>        calculator_page.perform_subtraction(left_operand, right_operand)<br/>        calculator_page.click_reset_button()<br/>&gt;       calculator_page.check_result_field_empty()<br/><br/>tests\test_reset_button.py:56: <br/>_ _ _ _ _ _ _ _ _ _ _ _ _ _ _ _ _ _ _ _ _ _ _ _ _ _ _ _ _ _ _ _ _ _ _ _ _ _ _ _ <br/><br/>self = &lt;pages.calculator_page.CalculatorPage object at 0x000002B1E59DE410&gt;<br/><br/>    def check_result_field_empty(self):<br/>        # Проверяет, что поле результата пустое<br/>        result_field = self.find_element(CalculatorLocators.RESULT_TEXT).text<br/>&gt;       assert result_field == &#x27;&#x27;, &#x27;Поле результата не пустое&#x27;<br/><span class="error">E       AssertionError: Поле результата не пустое</span><br/><br/>pages\calculator_page.py:40: AssertionError<br/></div></td></tr></tbody>
      <tbody class="failed results-table-row">
        <tr>
          <td class="col-result">Failed</td>
          <td class="col-name">tests/test_reset_button.py::TestResetButton::test_reset_button_resets_result_field_after_subtraction[10.05-5.54]</td>
          <td class="col-duration">3.21</td>
          <td class="col-links"></td></tr>
        <tr>
          <td class="extra" colspan="4">
            <div class="log">self = &lt;test_reset_button.TestResetButton object at 0x000002B1E594B390&gt;<br/>calculator_page = &lt;pages.calculator_page.CalculatorPage object at 0x000002B1E59DE410&gt;, left_operand = &#x27;10.05&#x27;, right_operand = &#x27;5.54&#x27;<br/><br/>    def test_reset_button_resets_result_field_after_subtraction(self, calculator_page, left_operand, right_operand):<br/>        # Проверяем, что кнопка RESET стирает значения в поле для вывода результата вычитания<br/>        calculator_page.perform_subtraction(left_operand, right_operand)<br/>        calculator_page.click_reset_button()<br/>&gt;       calculator_page.check_result_field_empty()<br/><br/>tests\test_reset_button.py:56: <br/>_ _ _ _ _ _ _ _ _ _ _ _ _ _ _ _ _ _ _ _ _ _ _ _ _ _ _ _ _ _ _ _ _ _ _ _ _ _ _ _ <br/><br/>self = &lt;pages.calculator_page.CalculatorPage object at 0x000002B1E59DE410&gt;<br/><br/>    def check_result_field_empty(self):<br/>        # Проверяет, что поле результата пустое<br/>        result_field = self.find_element(CalculatorLocators.RESULT_TEXT).text<br/>&gt;       assert result_field == &#x27;&#x27;, &#x27;Поле результата не пустое&#x27;<br/><span class="error">E       AssertionError: Поле результата не пустое</span><br/><br/>pages\calculator_page.py:40: AssertionError<br/></div></td></tr></tbody>
      <tbody class="failed results-table-row">
        <tr>
          <td class="col-result">Failed</td>
          <td class="col-name">tests/test_reset_button.py::TestResetButton::test_reset_button_resets_result_field_after_subtraction[-8.00-4.00]</td>
          <td class="col-duration">3.22</td>
          <td class="col-links"></td></tr>
        <tr>
          <td class="extra" colspan="4">
            <div class="log">self = &lt;test_reset_button.TestResetButton object at 0x000002B1E594B4D0&gt;<br/>calculator_page = &lt;pages.calculator_page.CalculatorPage object at 0x000002B1E59DE410&gt;, left_operand = &#x27;-8.00&#x27;, right_operand = &#x27;4.00&#x27;<br/><br/>    def test_reset_button_resets_result_field_after_subtraction(self, calculator_page, left_operand, right_operand):<br/>        # Проверяем, что кнопка RESET стирает значения в поле для вывода результата вычитания<br/>        calculator_page.perform_subtraction(left_operand, right_operand)<br/>        calculator_page.click_reset_button()<br/>&gt;       calculator_page.check_result_field_empty()<br/><br/>tests\test_reset_button.py:56: <br/>_ _ _ _ _ _ _ _ _ _ _ _ _ _ _ _ _ _ _ _ _ _ _ _ _ _ _ _ _ _ _ _ _ _ _ _ _ _ _ _ <br/><br/>self = &lt;pages.calculator_page.CalculatorPage object at 0x000002B1E59DE410&gt;<br/><br/>    def check_result_field_empty(self):<br/>        # Проверяет, что поле результата пустое<br/>        result_field = self.find_element(CalculatorLocators.RESULT_TEXT).text<br/>&gt;       assert result_field == &#x27;&#x27;, &#x27;Поле результата не пустое&#x27;<br/><span class="error">E       AssertionError: Поле результата не пустое</span><br/><br/>pages\calculator_page.py:40: AssertionError<br/></div></td></tr></tbody>
      <tbody class="failed results-table-row">
        <tr>
          <td class="col-result">Failed</td>
          <td class="col-name">tests/test_reset_button.py::TestResetButton::test_reset_button_resets_result_field_after_subtraction[10.50$-5.25]</td>
          <td class="col-duration">3.27</td>
          <td class="col-links"></td></tr>
        <tr>
          <td class="extra" colspan="4">
            <div class="log">self = &lt;test_reset_button.TestResetButton object at 0x000002B1E594B610&gt;<br/>calculator_page = &lt;pages.calculator_page.CalculatorPage object at 0x000002B1E59DE410&gt;, left_operand = &#x27;10.50$&#x27;, right_operand = &#x27;5.25&#x27;<br/><br/>    def test_reset_button_resets_result_field_after_subtraction(self, calculator_page, left_operand, right_operand):<br/>        # Проверяем, что кнопка RESET стирает значения в поле для вывода результата вычитания<br/>        calculator_page.perform_subtraction(left_operand, right_operand)<br/>        calculator_page.click_reset_button()<br/>&gt;       calculator_page.check_result_field_empty()<br/><br/>tests\test_reset_button.py:56: <br/>_ _ _ _ _ _ _ _ _ _ _ _ _ _ _ _ _ _ _ _ _ _ _ _ _ _ _ _ _ _ _ _ _ _ _ _ _ _ _ _ <br/><br/>self = &lt;pages.calculator_page.CalculatorPage object at 0x000002B1E59DE410&gt;<br/><br/>    def check_result_field_empty(self):<br/>        # Проверяет, что поле результата пустое<br/>        result_field = self.find_element(CalculatorLocators.RESULT_TEXT).text<br/>&gt;       assert result_field == &#x27;&#x27;, &#x27;Поле результата не пустое&#x27;<br/><span class="error">E       AssertionError: Поле результата не пустое</span><br/><br/>pages\calculator_page.py:40: AssertionError<br/></div></td></tr></tbody>
      <tbody class="failed results-table-row">
        <tr>
          <td class="col-result">Failed</td>
          <td class="col-name">tests/test_reset_button.py::TestResetButton::test_reset_button_resets_result_field_after_multiplication[4-2]</td>
          <td class="col-duration">3.30</td>
          <td class="col-links"></td></tr>
        <tr>
          <td class="extra" colspan="4">
            <div class="log">self = &lt;test_reset_button.TestResetButton object at 0x000002B1E5954490&gt;<br/>calculator_page = &lt;pages.calculator_page.CalculatorPage object at 0x000002B1E59DE410&gt;, left_operand = &#x27;4&#x27;, right_operand = &#x27;2&#x27;<br/><br/>    def test_reset_button_resets_result_field_after_multiplication(self, calculator_page, left_operand, right_operand):<br/>        # Проверяем, что кнопка RESET стирает значения в поле для вывода результата операции умножения<br/>        calculator_page.perform_multiplication(left_operand, right_operand)<br/>        calculator_page.click_reset_button()<br/>&gt;       calculator_page.check_result_field_empty()<br/><br/>tests\test_reset_button.py:62: <br/>_ _ _ _ _ _ _ _ _ _ _ _ _ _ _ _ _ _ _ _ _ _ _ _ _ _ _ _ _ _ _ _ _ _ _ _ _ _ _ _ <br/><br/>self = &lt;pages.calculator_page.CalculatorPage object at 0x000002B1E59DE410&gt;<br/><br/>    def check_result_field_empty(self):<br/>        # Проверяет, что поле результата пустое<br/>        result_field = self.find_element(CalculatorLocators.RESULT_TEXT).text<br/>&gt;       assert result_field == &#x27;&#x27;, &#x27;Поле результата не пустое&#x27;<br/><span class="error">E       AssertionError: Поле результата не пустое</span><br/><br/>pages\calculator_page.py:40: AssertionError<br/></div></td></tr></tbody>
      <tbody class="failed results-table-row">
        <tr>
          <td class="col-result">Failed</td>
          <td class="col-name">tests/test_reset_button.py::TestResetButton::test_reset_button_resets_result_field_after_multiplication[10.05-5.54]</td>
          <td class="col-duration">3.20</td>
          <td class="col-links"></td></tr>
        <tr>
          <td class="extra" colspan="4">
            <div class="log">self = &lt;test_reset_button.TestResetButton object at 0x000002B1E5954650&gt;<br/>calculator_page = &lt;pages.calculator_page.CalculatorPage object at 0x000002B1E59DE410&gt;, left_operand = &#x27;10.05&#x27;, right_operand = &#x27;5.54&#x27;<br/><br/>    def test_reset_button_resets_result_field_after_multiplication(self, calculator_page, left_operand, right_operand):<br/>        # Проверяем, что кнопка RESET стирает значения в поле для вывода результата операции умножения<br/>        calculator_page.perform_multiplication(left_operand, right_operand)<br/>        calculator_page.click_reset_button()<br/>&gt;       calculator_page.check_result_field_empty()<br/><br/>tests\test_reset_button.py:62: <br/>_ _ _ _ _ _ _ _ _ _ _ _ _ _ _ _ _ _ _ _ _ _ _ _ _ _ _ _ _ _ _ _ _ _ _ _ _ _ _ _ <br/><br/>self = &lt;pages.calculator_page.CalculatorPage object at 0x000002B1E59DE410&gt;<br/><br/>    def check_result_field_empty(self):<br/>        # Проверяет, что поле результата пустое<br/>        result_field = self.find_element(CalculatorLocators.RESULT_TEXT).text<br/>&gt;       assert result_field == &#x27;&#x27;, &#x27;Поле результата не пустое&#x27;<br/><span class="error">E       AssertionError: Поле результата не пустое</span><br/><br/>pages\calculator_page.py:40: AssertionError<br/></div></td></tr></tbody>
      <tbody class="failed results-table-row">
        <tr>
          <td class="col-result">Failed</td>
          <td class="col-name">tests/test_reset_button.py::TestResetButton::test_reset_button_resets_result_field_after_multiplication[-8.00-4.00]</td>
          <td class="col-duration">3.18</td>
          <td class="col-links"></td></tr>
        <tr>
          <td class="extra" colspan="4">
            <div class="log">self = &lt;test_reset_button.TestResetButton object at 0x000002B1E5954910&gt;<br/>calculator_page = &lt;pages.calculator_page.CalculatorPage object at 0x000002B1E59DE410&gt;, left_operand = &#x27;-8.00&#x27;, right_operand = &#x27;4.00&#x27;<br/><br/>    def test_reset_button_resets_result_field_after_multiplication(self, calculator_page, left_operand, right_operand):<br/>        # Проверяем, что кнопка RESET стирает значения в поле для вывода результата операции умножения<br/>        calculator_page.perform_multiplication(left_operand, right_operand)<br/>        calculator_page.click_reset_button()<br/>&gt;       calculator_page.check_result_field_empty()<br/><br/>tests\test_reset_button.py:62: <br/>_ _ _ _ _ _ _ _ _ _ _ _ _ _ _ _ _ _ _ _ _ _ _ _ _ _ _ _ _ _ _ _ _ _ _ _ _ _ _ _ <br/><br/>self = &lt;pages.calculator_page.CalculatorPage object at 0x000002B1E59DE410&gt;<br/><br/>    def check_result_field_empty(self):<br/>        # Проверяет, что поле результата пустое<br/>        result_field = self.find_element(CalculatorLocators.RESULT_TEXT).text<br/>&gt;       assert result_field == &#x27;&#x27;, &#x27;Поле результата не пустое&#x27;<br/><span class="error">E       AssertionError: Поле результата не пустое</span><br/><br/>pages\calculator_page.py:40: AssertionError<br/></div></td></tr></tbody>
      <tbody class="failed results-table-row">
        <tr>
          <td class="col-result">Failed</td>
          <td class="col-name">tests/test_reset_button.py::TestResetButton::test_reset_button_resets_result_field_after_multiplication[10.50$-5.25]</td>
          <td class="col-duration">3.34</td>
          <td class="col-links"></td></tr>
        <tr>
          <td class="extra" colspan="4">
            <div class="log">self = &lt;test_reset_button.TestResetButton object at 0x000002B1E5954BD0&gt;<br/>calculator_page = &lt;pages.calculator_page.CalculatorPage object at 0x000002B1E59DE410&gt;, left_operand = &#x27;10.50$&#x27;, right_operand = &#x27;5.25&#x27;<br/><br/>    def test_reset_button_resets_result_field_after_multiplication(self, calculator_page, left_operand, right_operand):<br/>        # Проверяем, что кнопка RESET стирает значения в поле для вывода результата операции умножения<br/>        calculator_page.perform_multiplication(left_operand, right_operand)<br/>        calculator_page.click_reset_button()<br/>&gt;       calculator_page.check_result_field_empty()<br/><br/>tests\test_reset_button.py:62: <br/>_ _ _ _ _ _ _ _ _ _ _ _ _ _ _ _ _ _ _ _ _ _ _ _ _ _ _ _ _ _ _ _ _ _ _ _ _ _ _ _ <br/><br/>self = &lt;pages.calculator_page.CalculatorPage object at 0x000002B1E59DE410&gt;<br/><br/>    def check_result_field_empty(self):<br/>        # Проверяет, что поле результата пустое<br/>        result_field = self.find_element(CalculatorLocators.RESULT_TEXT).text<br/>&gt;       assert result_field == &#x27;&#x27;, &#x27;Поле результата не пустое&#x27;<br/><span class="error">E       AssertionError: Поле результата не пустое</span><br/><br/>pages\calculator_page.py:40: AssertionError<br/></div></td></tr></tbody>
      <tbody class="failed results-table-row">
        <tr>
          <td class="col-result">Failed</td>
          <td class="col-name">tests/test_reset_button.py::TestResetButton::test_reset_button_resets_result_field_after_division[4-2]</td>
          <td class="col-duration">3.33</td>
          <td class="col-links"></td></tr>
        <tr>
          <td class="extra" colspan="4">
            <div class="log">self = &lt;test_reset_button.TestResetButton object at 0x000002B1E5956090&gt;<br/>calculator_page = &lt;pages.calculator_page.CalculatorPage object at 0x000002B1E59DE410&gt;, left_operand = &#x27;4&#x27;, right_operand = &#x27;2&#x27;<br/><br/>    def test_reset_button_resets_result_field_after_division(self, calculator_page, left_operand, right_operand):<br/>        # Проверяем, что кнопка RESET стирает значения в поле для вывода результата операции деления<br/>        calculator_page.perform_division(left_operand, right_operand)<br/>        calculator_page.click_reset_button()<br/>&gt;       calculator_page.check_result_field_empty()<br/><br/>tests\test_reset_button.py:68: <br/>_ _ _ _ _ _ _ _ _ _ _ _ _ _ _ _ _ _ _ _ _ _ _ _ _ _ _ _ _ _ _ _ _ _ _ _ _ _ _ _ <br/><br/>self = &lt;pages.calculator_page.CalculatorPage object at 0x000002B1E59DE410&gt;<br/><br/>    def check_result_field_empty(self):<br/>        # Проверяет, что поле результата пустое<br/>        result_field = self.find_element(CalculatorLocators.RESULT_TEXT).text<br/>&gt;       assert result_field == &#x27;&#x27;, &#x27;Поле результата не пустое&#x27;<br/><span class="error">E       AssertionError: Поле результата не пустое</span><br/><br/>pages\calculator_page.py:40: AssertionError<br/></div></td></tr></tbody>
      <tbody class="failed results-table-row">
        <tr>
          <td class="col-result">Failed</td>
          <td class="col-name">tests/test_reset_button.py::TestResetButton::test_reset_button_resets_result_field_after_division[10.05-5.54]</td>
          <td class="col-duration">3.21</td>
          <td class="col-links"></td></tr>
        <tr>
          <td class="extra" colspan="4">
            <div class="log">self = &lt;test_reset_button.TestResetButton object at 0x000002B1E5956250&gt;<br/>calculator_page = &lt;pages.calculator_page.CalculatorPage object at 0x000002B1E59DE410&gt;, left_operand = &#x27;10.05&#x27;, right_operand = &#x27;5.54&#x27;<br/><br/>    def test_reset_button_resets_result_field_after_division(self, calculator_page, left_operand, right_operand):<br/>        # Проверяем, что кнопка RESET стирает значения в поле для вывода результата операции деления<br/>        calculator_page.perform_division(left_operand, right_operand)<br/>        calculator_page.click_reset_button()<br/>&gt;       calculator_page.check_result_field_empty()<br/><br/>tests\test_reset_button.py:68: <br/>_ _ _ _ _ _ _ _ _ _ _ _ _ _ _ _ _ _ _ _ _ _ _ _ _ _ _ _ _ _ _ _ _ _ _ _ _ _ _ _ <br/><br/>self = &lt;pages.calculator_page.CalculatorPage object at 0x000002B1E59DE410&gt;<br/><br/>    def check_result_field_empty(self):<br/>        # Проверяет, что поле результата пустое<br/>        result_field = self.find_element(CalculatorLocators.RESULT_TEXT).text<br/>&gt;       assert result_field == &#x27;&#x27;, &#x27;Поле результата не пустое&#x27;<br/><span class="error">E       AssertionError: Поле результата не пустое</span><br/><br/>pages\calculator_page.py:40: AssertionError<br/></div></td></tr></tbody>
      <tbody class="failed results-table-row">
        <tr>
          <td class="col-result">Failed</td>
          <td class="col-name">tests/test_reset_button.py::TestResetButton::test_reset_button_resets_result_field_after_division[-8.00-4.00]</td>
          <td class="col-duration">3.17</td>
          <td class="col-links"></td></tr>
        <tr>
          <td class="extra" colspan="4">
            <div class="log">self = &lt;test_reset_button.TestResetButton object at 0x000002B1E5956510&gt;<br/>calculator_page = &lt;pages.calculator_page.CalculatorPage object at 0x000002B1E59DE410&gt;, left_operand = &#x27;-8.00&#x27;, right_operand = &#x27;4.00&#x27;<br/><br/>    def test_reset_button_resets_result_field_after_division(self, calculator_page, left_operand, right_operand):<br/>        # Проверяем, что кнопка RESET стирает значения в поле для вывода результата операции деления<br/>        calculator_page.perform_division(left_operand, right_operand)<br/>        calculator_page.click_reset_button()<br/>&gt;       calculator_page.check_result_field_empty()<br/><br/>tests\test_reset_button.py:68: <br/>_ _ _ _ _ _ _ _ _ _ _ _ _ _ _ _ _ _ _ _ _ _ _ _ _ _ _ _ _ _ _ _ _ _ _ _ _ _ _ _ <br/><br/>self = &lt;pages.calculator_page.CalculatorPage object at 0x000002B1E59DE410&gt;<br/><br/>    def check_result_field_empty(self):<br/>        # Проверяет, что поле результата пустое<br/>        result_field = self.find_element(CalculatorLocators.RESULT_TEXT).text<br/>&gt;       assert result_field == &#x27;&#x27;, &#x27;Поле результата не пустое&#x27;<br/><span class="error">E       AssertionError: Поле результата не пустое</span><br/><br/>pages\calculator_page.py:40: AssertionError<br/></div></td></tr></tbody>
      <tbody class="failed results-table-row">
        <tr>
          <td class="col-result">Failed</td>
          <td class="col-name">tests/test_reset_button.py::TestResetButton::test_reset_button_resets_result_field_after_division[10.50$-5.25]</td>
          <td class="col-duration">3.31</td>
          <td class="col-links"></td></tr>
        <tr>
          <td class="extra" colspan="4">
            <div class="log">self = &lt;test_reset_button.TestResetButton object at 0x000002B1E59567D0&gt;<br/>calculator_page = &lt;pages.calculator_page.CalculatorPage object at 0x000002B1E59DE410&gt;, left_operand = &#x27;10.50$&#x27;, right_operand = &#x27;5.25&#x27;<br/><br/>    def test_reset_button_resets_result_field_after_division(self, calculator_page, left_operand, right_operand):<br/>        # Проверяем, что кнопка RESET стирает значения в поле для вывода результата операции деления<br/>        calculator_page.perform_division(left_operand, right_operand)<br/>        calculator_page.click_reset_button()<br/>&gt;       calculator_page.check_result_field_empty()<br/><br/>tests\test_reset_button.py:68: <br/>_ _ _ _ _ _ _ _ _ _ _ _ _ _ _ _ _ _ _ _ _ _ _ _ _ _ _ _ _ _ _ _ _ _ _ _ _ _ _ _ <br/><br/>self = &lt;pages.calculator_page.CalculatorPage object at 0x000002B1E59DE410&gt;<br/><br/>    def check_result_field_empty(self):<br/>        # Проверяет, что поле результата пустое<br/>        result_field = self.find_element(CalculatorLocators.RESULT_TEXT).text<br/>&gt;       assert result_field == &#x27;&#x27;, &#x27;Поле результата не пустое&#x27;<br/><span class="error">E       AssertionError: Поле результата не пустое</span><br/><br/>pages\calculator_page.py:40: AssertionError<br/></div></td></tr></tbody>
      <tbody class="failed results-table-row">
        <tr>
          <td class="col-result">Failed</td>
          <td class="col-name">tests/test_result_field.py::TestResultFieldPositive::test_addition_in_result_field[99999999-99]</td>
          <td class="col-duration">2.78</td>
          <td class="col-links"></td></tr>
        <tr>
          <td class="extra" colspan="4">
            <div class="log">self = &lt;test_result_field.TestResultFieldPositive object at 0x000002B1E595DE10&gt;<br/>calculator_page = &lt;pages.calculator_page.CalculatorPage object at 0x000002B1E5E1FC90&gt;, left_operand = &#x27;99999999&#x27;, right_operand = &#x27;99&#x27;<br/><br/>    def test_addition_in_result_field(self, calculator_page, left_operand, right_operand):<br/>        calculator_page.perform_addition(left_operand, right_operand)<br/>        result = float(left_operand) + float(right_operand)<br/>&gt;       calculator_page.verify_result_field(f&#x27;{float(left_operand):.2f} + {float(right_operand):.2f} = {result:.2f}&#x27;)<br/><br/>tests\test_result_field.py:26: <br/>_ _ _ _ _ _ _ _ _ _ _ _ _ _ _ _ _ _ _ _ _ _ _ _ _ _ _ _ _ _ _ _ _ _ _ _ _ _ _ _ <br/><br/>self = &lt;pages.calculator_page.CalculatorPage object at 0x000002B1E5E1FC90&gt;, expected_result = &#x27;99999999.00 + 99.00 = 100000098.00&#x27;<br/><br/>    def verify_result_field(self, expected_result):<br/>        # Проверяет полный текст в поле вывода<br/>        result = self.get_text(CalculatorLocators.RESULT_TEXT)<br/>&gt;       assert result == expected_result, f&#x27;Ожидаемый результат {expected_result} отличается от фактического {result}&#x27;<br/><span class="error">E       AssertionError: Ожидаемый результат 99999999.00 + 99.00 = 100000098.00 отличается от фактического 100000000.00 + 99.00 = 100000096.00</span><br/><br/>pages\calculator_page.py:74: AssertionError<br/></div></td></tr></tbody>
      <tbody class="failed results-table-row">
        <tr>
          <td class="col-result">Failed</td>
          <td class="col-name">tests/test_result_field.py::TestResultFieldPositive::test_subtraction_in_result_field[4-2]</td>
          <td class="col-duration">2.64</td>
          <td class="col-links"></td></tr>
        <tr>
          <td class="extra" colspan="4">
            <div class="log">self = &lt;test_result_field.TestResultFieldPositive object at 0x000002B1E595FB90&gt;<br/>calculator_page = &lt;pages.calculator_page.CalculatorPage object at 0x000002B1E5E1FC90&gt;, left_operand = &#x27;4&#x27;, right_operand = &#x27;2&#x27;<br/><br/>    def test_subtraction_in_result_field(self, calculator_page, left_operand, right_operand):<br/>        calculator_page.perform_subtraction(left_operand, right_operand)<br/>        result = float(left_operand) - float(right_operand)<br/>&gt;       calculator_page.verify_result_field(f&#x27;{float(left_operand):.2f} - {float(right_operand):.2f} = {result:.2f}&#x27;)<br/><br/>tests\test_result_field.py:31: <br/>_ _ _ _ _ _ _ _ _ _ _ _ _ _ _ _ _ _ _ _ _ _ _ _ _ _ _ _ _ _ _ _ _ _ _ _ _ _ _ _ <br/><br/>self = &lt;pages.calculator_page.CalculatorPage object at 0x000002B1E5E1FC90&gt;, expected_result = &#x27;4.00 - 2.00 = 2.00&#x27;<br/><br/>    def verify_result_field(self, expected_result):<br/>        # Проверяет полный текст в поле вывода<br/>        result = self.get_text(CalculatorLocators.RESULT_TEXT)<br/>&gt;       assert result == expected_result, f&#x27;Ожидаемый результат {expected_result} отличается от фактического {result}&#x27;<br/><span class="error">E       AssertionError: Ожидаемый результат 4.00 - 2.00 = 2.00 отличается от фактического 4.00 - 2.00 = 12.00</span><br/><br/>pages\calculator_page.py:74: AssertionError<br/></div></td></tr></tbody>
      <tbody class="failed results-table-row">
        <tr>
          <td class="col-result">Failed</td>
          <td class="col-name">tests/test_result_field.py::TestResultFieldPositive::test_subtraction_in_result_field[10.05-5.54]</td>
          <td class="col-duration">2.65</td>
          <td class="col-links"></td></tr>
        <tr>
          <td class="extra" colspan="4">
            <div class="log">self = &lt;test_result_field.TestResultFieldPositive object at 0x000002B1E595FD50&gt;<br/>calculator_page = &lt;pages.calculator_page.CalculatorPage object at 0x000002B1E5E1FC90&gt;, left_operand = &#x27;10.05&#x27;, right_operand = &#x27;5.54&#x27;<br/><br/>    def test_subtraction_in_result_field(self, calculator_page, left_operand, right_operand):<br/>        calculator_page.perform_subtraction(left_operand, right_operand)<br/>        result = float(left_operand) - float(right_operand)<br/>&gt;       calculator_page.verify_result_field(f&#x27;{float(left_operand):.2f} - {float(right_operand):.2f} = {result:.2f}&#x27;)<br/><br/>tests\test_result_field.py:31: <br/>_ _ _ _ _ _ _ _ _ _ _ _ _ _ _ _ _ _ _ _ _ _ _ _ _ _ _ _ _ _ _ _ _ _ _ _ _ _ _ _ <br/><br/>self = &lt;pages.calculator_page.CalculatorPage object at 0x000002B1E5E1FC90&gt;, expected_result = &#x27;10.05 - 5.54 = 4.51&#x27;<br/><br/>    def verify_result_field(self, expected_result):<br/>        # Проверяет полный текст в поле вывода<br/>        result = self.get_text(CalculatorLocators.RESULT_TEXT)<br/>&gt;       assert result == expected_result, f&#x27;Ожидаемый результат {expected_result} отличается от фактического {result}&#x27;<br/><span class="error">E       AssertionError: Ожидаемый результат 10.05 - 5.54 = 4.51 отличается от фактического 10.05 - 5.54 = 31.18</span><br/><br/>pages\calculator_page.py:74: AssertionError<br/></div></td></tr></tbody>
      <tbody class="failed results-table-row">
        <tr>
          <td class="col-result">Failed</td>
          <td class="col-name">tests/test_result_field.py::TestResultFieldPositive::test_subtraction_in_result_field[-8.00-4.00]</td>
          <td class="col-duration">2.65</td>
          <td class="col-links"></td></tr>
        <tr>
          <td class="extra" colspan="4">
            <div class="log">self = &lt;test_result_field.TestResultFieldPositive object at 0x000002B1E5964050&gt;<br/>calculator_page = &lt;pages.calculator_page.CalculatorPage object at 0x000002B1E5E1FC90&gt;, left_operand = &#x27;-8.00&#x27;, right_operand = &#x27;4.00&#x27;<br/><br/>    def test_subtraction_in_result_field(self, calculator_page, left_operand, right_operand):<br/>        calculator_page.perform_subtraction(left_operand, right_operand)<br/>        result = float(left_operand) - float(right_operand)<br/>&gt;       calculator_page.verify_result_field(f&#x27;{float(left_operand):.2f} - {float(right_operand):.2f} = {result:.2f}&#x27;)<br/><br/>tests\test_result_field.py:31: <br/>_ _ _ _ _ _ _ _ _ _ _ _ _ _ _ _ _ _ _ _ _ _ _ _ _ _ _ _ _ _ _ _ _ _ _ _ _ _ _ _ <br/><br/>self = &lt;pages.calculator_page.CalculatorPage object at 0x000002B1E5E1FC90&gt;, expected_result = &#x27;-8.00 - 4.00 = -12.00&#x27;<br/><br/>    def verify_result_field(self, expected_result):<br/>        # Проверяет полный текст в поле вывода<br/>        result = self.get_text(CalculatorLocators.RESULT_TEXT)<br/>&gt;       assert result == expected_result, f&#x27;Ожидаемый результат {expected_result} отличается от фактического {result}&#x27;<br/><span class="error">E       AssertionError: Ожидаемый результат -8.00 - 4.00 = -12.00 отличается от фактического -8.00 - 4.00 = -8.00</span><br/><br/>pages\calculator_page.py:74: AssertionError<br/></div></td></tr></tbody>
      <tbody class="failed results-table-row">
        <tr>
          <td class="col-result">Failed</td>
          <td class="col-name">tests/test_result_field.py::TestResultFieldPositive::test_subtraction_in_result_field[0-4.24]</td>
          <td class="col-duration">2.66</td>
          <td class="col-links"></td></tr>
        <tr>
          <td class="extra" colspan="4">
            <div class="log">self = &lt;test_result_field.TestResultFieldPositive object at 0x000002B1E5964310&gt;<br/>calculator_page = &lt;pages.calculator_page.CalculatorPage object at 0x000002B1E5E1FC90&gt;, left_operand = &#x27;0&#x27;, right_operand = &#x27;4.24&#x27;<br/><br/>    def test_subtraction_in_result_field(self, calculator_page, left_operand, right_operand):<br/>        calculator_page.perform_subtraction(left_operand, right_operand)<br/>        result = float(left_operand) - float(right_operand)<br/>&gt;       calculator_page.verify_result_field(f&#x27;{float(left_operand):.2f} - {float(right_operand):.2f} = {result:.2f}&#x27;)<br/><br/>tests\test_result_field.py:31: <br/>_ _ _ _ _ _ _ _ _ _ _ _ _ _ _ _ _ _ _ _ _ _ _ _ _ _ _ _ _ _ _ _ _ _ _ _ _ _ _ _ <br/><br/>self = &lt;pages.calculator_page.CalculatorPage object at 0x000002B1E5E1FC90&gt;, expected_result = &#x27;0.00 - 4.24 = -4.24&#x27;<br/><br/>    def verify_result_field(self, expected_result):<br/>        # Проверяет полный текст в поле вывода<br/>        result = self.get_text(CalculatorLocators.RESULT_TEXT)<br/>&gt;       assert result == expected_result, f&#x27;Ожидаемый результат {expected_result} отличается от фактического {result}&#x27;<br/><span class="error">E       AssertionError: Ожидаемый результат 0.00 - 4.24 = -4.24 отличается от фактического 0.00 - 4.24 = 8.48</span><br/><br/>pages\calculator_page.py:74: AssertionError<br/></div></td></tr></tbody>
      <tbody class="failed results-table-row">
        <tr>
          <td class="col-result">Failed</td>
          <td class="col-name">tests/test_result_field.py::TestResultFieldPositive::test_subtraction_in_result_field[99999999-99]</td>
          <td class="col-duration">2.72</td>
          <td class="col-links"></td></tr>
        <tr>
          <td class="extra" colspan="4">
            <div class="log">self = &lt;test_result_field.TestResultFieldPositive object at 0x000002B1E59645D0&gt;<br/>calculator_page = &lt;pages.calculator_page.CalculatorPage object at 0x000002B1E5E1FC90&gt;, left_operand = &#x27;99999999&#x27;, right_operand = &#x27;99&#x27;<br/><br/>    def test_subtraction_in_result_field(self, calculator_page, left_operand, right_operand):<br/>        calculator_page.perform_subtraction(left_operand, right_operand)<br/>        result = float(left_operand) - float(right_operand)<br/>&gt;       calculator_page.verify_result_field(f&#x27;{float(left_operand):.2f} - {float(right_operand):.2f} = {result:.2f}&#x27;)<br/><br/>tests\test_result_field.py:31: <br/>_ _ _ _ _ _ _ _ _ _ _ _ _ _ _ _ _ _ _ _ _ _ _ _ _ _ _ _ _ _ _ _ _ _ _ _ _ _ _ _ <br/><br/>self = &lt;pages.calculator_page.CalculatorPage object at 0x000002B1E5E1FC90&gt;, expected_result = &#x27;99999999.00 - 99.00 = 99999900.00&#x27;<br/><br/>    def verify_result_field(self, expected_result):<br/>        # Проверяет полный текст в поле вывода<br/>        result = self.get_text(CalculatorLocators.RESULT_TEXT)<br/>&gt;       assert result == expected_result, f&#x27;Ожидаемый результат {expected_result} отличается от фактического {result}&#x27;<br/><span class="error">E       AssertionError: Ожидаемый результат 99999999.00 - 99.00 = 99999900.00 отличается от фактического 100000000.00 - 99.00 = 200000192.00</span><br/><br/>pages\calculator_page.py:74: AssertionError<br/></div></td></tr></tbody>
      <tbody class="failed results-table-row">
        <tr>
          <td class="col-result">Failed</td>
          <td class="col-name">tests/test_result_field.py::TestResultFieldPositive::test_subtraction_in_result_field[3.14159-1.41421]</td>
          <td class="col-duration">2.75</td>
          <td class="col-links"></td></tr>
        <tr>
          <td class="extra" colspan="4">
            <div class="log">self = &lt;test_result_field.TestResultFieldPositive object at 0x000002B1E5964890&gt;<br/>calculator_page = &lt;pages.calculator_page.CalculatorPage object at 0x000002B1E5E1FC90&gt;, left_operand = &#x27;3.14159&#x27;, right_operand = &#x27;1.41421&#x27;<br/><br/>    def test_subtraction_in_result_field(self, calculator_page, left_operand, right_operand):<br/>        calculator_page.perform_subtraction(left_operand, right_operand)<br/>        result = float(left_operand) - float(right_operand)<br/>&gt;       calculator_page.verify_result_field(f&#x27;{float(left_operand):.2f} - {float(right_operand):.2f} = {result:.2f}&#x27;)<br/><br/>tests\test_result_field.py:31: <br/>_ _ _ _ _ _ _ _ _ _ _ _ _ _ _ _ _ _ _ _ _ _ _ _ _ _ _ _ _ _ _ _ _ _ _ _ _ _ _ _ <br/><br/>self = &lt;pages.calculator_page.CalculatorPage object at 0x000002B1E5E1FC90&gt;, expected_result = &#x27;3.14 - 1.41 = 1.73&#x27;<br/><br/>    def verify_result_field(self, expected_result):<br/>        # Проверяет полный текст в поле вывода<br/>        result = self.get_text(CalculatorLocators.RESULT_TEXT)<br/>&gt;       assert result == expected_result, f&#x27;Ожидаемый результат {expected_result} отличается от фактического {result}&#x27;<br/><span class="error">E       AssertionError: Ожидаемый результат 3.14 - 1.41 = 1.73 отличается от фактического 3.14 - 1.41 = 9.11</span><br/><br/>pages\calculator_page.py:74: AssertionError<br/></div></td></tr></tbody>
      <tbody class="failed results-table-row">
        <tr>
          <td class="col-result">Failed</td>
          <td class="col-name">tests/test_result_field.py::TestResultFieldPositive::test_multiplication_in_result_field[99999999-99]</td>
          <td class="col-duration">2.74</td>
          <td class="col-links"></td></tr>
        <tr>
          <td class="extra" colspan="4">
            <div class="log">self = &lt;test_result_field.TestResultFieldPositive object at 0x000002B1E59661D0&gt;<br/>calculator_page = &lt;pages.calculator_page.CalculatorPage object at 0x000002B1E5E1FC90&gt;, left_operand = &#x27;99999999&#x27;, right_operand = &#x27;99&#x27;<br/><br/>    def test_multiplication_in_result_field(self, calculator_page, left_operand, right_operand):<br/>        calculator_page.perform_multiplication(left_operand, right_operand)<br/>        result = float(left_operand) * float(right_operand)<br/>&gt;       calculator_page.verify_result_field(f&#x27;{float(left_operand):.2f} * {float(right_operand):.2f} = {result:.2f}&#x27;)<br/><br/>tests\test_result_field.py:36: <br/>_ _ _ _ _ _ _ _ _ _ _ _ _ _ _ _ _ _ _ _ _ _ _ _ _ _ _ _ _ _ _ _ _ _ _ _ _ _ _ _ <br/><br/>self = &lt;pages.calculator_page.CalculatorPage object at 0x000002B1E5E1FC90&gt;, expected_result = &#x27;99999999.00 * 99.00 = 9899999901.00&#x27;<br/><br/>    def verify_result_field(self, expected_result):<br/>        # Проверяет полный текст в поле вывода<br/>        result = self.get_text(CalculatorLocators.RESULT_TEXT)<br/>&gt;       assert result == expected_result, f&#x27;Ожидаемый результат {expected_result} отличается от фактического {result}&#x27;<br/><span class="error">E       AssertionError: Ожидаемый результат 99999999.00 * 99.00 = 9899999901.00 отличается от фактического 100000000.00 * 99.00 = 9900000256.00</span><br/><br/>pages\calculator_page.py:74: AssertionError<br/></div></td></tr></tbody>
      <tbody class="failed results-table-row">
        <tr>
          <td class="col-result">Failed</td>
          <td class="col-name">tests/test_result_field.py::TestResultFieldPositive::test_division_in_result_field[99999999-99]</td>
          <td class="col-duration">2.71</td>
          <td class="col-links"></td></tr>
        <tr>
          <td class="extra" colspan="4">
            <div class="log">self = &lt;test_result_field.TestResultFieldPositive object at 0x000002B1E5968910&gt;<br/>calculator_page = &lt;pages.calculator_page.CalculatorPage object at 0x000002B1E5E1FC90&gt;, left_operand = &#x27;99999999&#x27;, right_operand = &#x27;99&#x27;<br/><br/>    def test_division_in_result_field(self, calculator_page, left_operand, right_operand):<br/>        calculator_page.perform_division(left_operand, right_operand)<br/>        result = float(left_operand) / float(right_operand)<br/>&gt;       calculator_page.verify_result_field(f&#x27;{float(left_operand):.2f} / {float(right_operand):.2f} = {result:.2f}&#x27;)<br/><br/>tests\test_result_field.py:41: <br/>_ _ _ _ _ _ _ _ _ _ _ _ _ _ _ _ _ _ _ _ _ _ _ _ _ _ _ _ _ _ _ _ _ _ _ _ _ _ _ _ <br/><br/>self = &lt;pages.calculator_page.CalculatorPage object at 0x000002B1E5E1FC90&gt;, expected_result = &#x27;99999999.00 / 99.00 = 1010101.00&#x27;<br/><br/>    def verify_result_field(self, expected_result):<br/>        # Проверяет полный текст в поле вывода<br/>        result = self.get_text(CalculatorLocators.RESULT_TEXT)<br/>&gt;       assert result == expected_result, f&#x27;Ожидаемый результат {expected_result} отличается от фактического {result}&#x27;<br/><span class="error">E       AssertionError: Ожидаемый результат 99999999.00 / 99.00 = 1010101.00 отличается от фактического 100000000.00 / 99.00 = 1010101.00</span><br/><br/>pages\calculator_page.py:74: AssertionError<br/></div></td></tr></tbody>
      <tbody class="failed results-table-row">
        <tr>
          <td class="col-result">Failed</td>
          <td class="col-name">tests/test_subtraction.py::TestCalculatorSubtraction::test_subtraction_positive[5-2-3.00]</td>
          <td class="col-duration">2.74</td>
          <td class="col-links"></td></tr>
        <tr>
          <td class="extra" colspan="4">
            <div class="log">self = &lt;test_subtraction.TestCalculatorSubtraction object at 0x000002B1E5990B90&gt;<br/>calculator_page = &lt;pages.calculator_page.CalculatorPage object at 0x000002B1E5E6DE50&gt;, left_operand = &#x27;5&#x27;, right_operand = &#x27;2&#x27;<br/>expected_result = &#x27;3.00&#x27;<br/><br/>    @pytest.mark.parametrize(&quot;left_operand, right_operand, expected_result&quot;, [<br/>        (&#x27;5&#x27;, &#x27;2&#x27;, &#x27;3.00&#x27;),     # Проверка вычитания положительных целых чисел<br/>        (&#x27;-5&#x27;, &#x27;-2&#x27;, &#x27;-3.00&#x27;),  # Проверка вычитания отрицательных целых чисел<br/>        (&#x27;2&#x27;, &#x27;-5&#x27;, &#x27;7.00&#x27;),    # Проверка вычитания положительного числа из отрицательного числа<br/>        (&#x27;0&#x27;, &#x27;5&#x27;, &#x27;-5.00&#x27;),    # Проверка вычитания числа из нуля<br/>        (&#x27;5&#x27;, &#x27;5&#x27;, &#x27;0.00&#x27;),     # Проверка вычитания числа из самого себя<br/>        (&#x27;9999999999&#x27;, &#x27;9999999999&#x27;, &#x27;0.00&#x27;),  # Проверка вычитания очень больших чисел<br/>        (&#x27;100000000&#x27;, &#x27;1&#x27;, &#x27;99999999.00&#x27;),     # Проверка разности с восьмизначным числом<br/>        (&#x27;100000001&#x27;, &#x27;1&#x27;, &#x27;100000000.00&#x27;),    # Проверка разности с восьмизначным числом + 1<br/>        (&#x27;3.14&#x27;, &#x27;2.86&#x27;, &#x27;0.28&#x27;),              # Проверка вычитания чисел с десятичной частью<br/>        (&#x27;5.42&#x27;, &#x27;3.26565&#x27;, &#x27;2.15&#x27;),  # Проверка вычитания чисел с использованием десятичной дроби и большого количества знаков после запятой<br/>        (&#x27;-1.5&#x27;, &#x27;-2.7&#x27;, &#x27;1.20&#x27;),     # Проверка вычитания чисел с использованием отрицательных десятичных дробей<br/>        (&#x27;5&#x27;, &#x27;0&#x27;, &#x27;5.00&#x27;),           # Проверка вычитания чисел, где одно из них равно нулю<br/>        (&#x27;000123.46&#x27;, &#x27;0.456&#x27;, &#x27;123.00&#x27;),  # Проверка вычитания чисел, где одно из чисел имеет ведущие нули<br/>        (&#x27;3e7&#x27;, &#x27;2e6&#x27;, &#x27;28000000.00&#x27;),  # Проверка вычитания чисел с использованием чисел в экспоненциальной записи<br/>    ])<br/>    def test_subtraction_positive(self, calculator_page, left_operand, right_operand, expected_result):<br/>        calculator_page.perform_subtraction(left_operand, right_operand)<br/>&gt;       calculator_page.verify_result(expected_result)<br/><br/>tests\test_subtraction.py:31: <br/>_ _ _ _ _ _ _ _ _ _ _ _ _ _ _ _ _ _ _ _ _ _ _ _ _ _ _ _ _ _ _ _ _ _ _ _ _ _ _ _ <br/><br/>self = &lt;pages.calculator_page.CalculatorPage object at 0x000002B1E5E6DE50&gt;, expected_result = &#x27;3.00&#x27;<br/><br/>    def verify_result(self, expected_result):<br/>        # Проверяет, что ответ совпадает с ожидаемым (число после знака =)<br/>        result = self.get_result_after_equal_sign()<br/>&gt;       assert result == expected_result, f&#x27;Ожидаемый результат {expected_result} отличается от фактического {result}&#x27;<br/><span class="error">E       AssertionError: Ожидаемый результат 3.00 отличается от фактического 14.00</span><br/><br/>pages\calculator_page.py:69: AssertionError<br/></div></td></tr></tbody>
      <tbody class="failed results-table-row">
        <tr>
          <td class="col-result">Failed</td>
          <td class="col-name">tests/test_subtraction.py::TestCalculatorSubtraction::test_subtraction_positive[-5--2--3.00]</td>
          <td class="col-duration">2.64</td>
          <td class="col-links"></td></tr>
        <tr>
          <td class="extra" colspan="4">
            <div class="log">self = &lt;test_subtraction.TestCalculatorSubtraction object at 0x000002B1E5990D10&gt;<br/>calculator_page = &lt;pages.calculator_page.CalculatorPage object at 0x000002B1E5E6DE50&gt;, left_operand = &#x27;-5&#x27;, right_operand = &#x27;-2&#x27;<br/>expected_result = &#x27;-3.00&#x27;<br/><br/>    @pytest.mark.parametrize(&quot;left_operand, right_operand, expected_result&quot;, [<br/>        (&#x27;5&#x27;, &#x27;2&#x27;, &#x27;3.00&#x27;),     # Проверка вычитания положительных целых чисел<br/>        (&#x27;-5&#x27;, &#x27;-2&#x27;, &#x27;-3.00&#x27;),  # Проверка вычитания отрицательных целых чисел<br/>        (&#x27;2&#x27;, &#x27;-5&#x27;, &#x27;7.00&#x27;),    # Проверка вычитания положительного числа из отрицательного числа<br/>        (&#x27;0&#x27;, &#x27;5&#x27;, &#x27;-5.00&#x27;),    # Проверка вычитания числа из нуля<br/>        (&#x27;5&#x27;, &#x27;5&#x27;, &#x27;0.00&#x27;),     # Проверка вычитания числа из самого себя<br/>        (&#x27;9999999999&#x27;, &#x27;9999999999&#x27;, &#x27;0.00&#x27;),  # Проверка вычитания очень больших чисел<br/>        (&#x27;100000000&#x27;, &#x27;1&#x27;, &#x27;99999999.00&#x27;),     # Проверка разности с восьмизначным числом<br/>        (&#x27;100000001&#x27;, &#x27;1&#x27;, &#x27;100000000.00&#x27;),    # Проверка разности с восьмизначным числом + 1<br/>        (&#x27;3.14&#x27;, &#x27;2.86&#x27;, &#x27;0.28&#x27;),              # Проверка вычитания чисел с десятичной частью<br/>        (&#x27;5.42&#x27;, &#x27;3.26565&#x27;, &#x27;2.15&#x27;),  # Проверка вычитания чисел с использованием десятичной дроби и большого количества знаков после запятой<br/>        (&#x27;-1.5&#x27;, &#x27;-2.7&#x27;, &#x27;1.20&#x27;),     # Проверка вычитания чисел с использованием отрицательных десятичных дробей<br/>        (&#x27;5&#x27;, &#x27;0&#x27;, &#x27;5.00&#x27;),           # Проверка вычитания чисел, где одно из них равно нулю<br/>        (&#x27;000123.46&#x27;, &#x27;0.456&#x27;, &#x27;123.00&#x27;),  # Проверка вычитания чисел, где одно из чисел имеет ведущие нули<br/>        (&#x27;3e7&#x27;, &#x27;2e6&#x27;, &#x27;28000000.00&#x27;),  # Проверка вычитания чисел с использованием чисел в экспоненциальной записи<br/>    ])<br/>    def test_subtraction_positive(self, calculator_page, left_operand, right_operand, expected_result):<br/>        calculator_page.perform_subtraction(left_operand, right_operand)<br/>&gt;       calculator_page.verify_result(expected_result)<br/><br/>tests\test_subtraction.py:31: <br/>_ _ _ _ _ _ _ _ _ _ _ _ _ _ _ _ _ _ _ _ _ _ _ _ _ _ _ _ _ _ _ _ _ _ _ _ _ _ _ _ <br/><br/>self = &lt;pages.calculator_page.CalculatorPage object at 0x000002B1E5E6DE50&gt;, expected_result = &#x27;-3.00&#x27;<br/><br/>    def verify_result(self, expected_result):<br/>        # Проверяет, что ответ совпадает с ожидаемым (число после знака =)<br/>        result = self.get_result_after_equal_sign()<br/>&gt;       assert result == expected_result, f&#x27;Ожидаемый результат {expected_result} отличается от фактического {result}&#x27;<br/><span class="error">E       AssertionError: Ожидаемый результат -3.00 отличается от фактического -14.00</span><br/><br/>pages\calculator_page.py:69: AssertionError<br/></div></td></tr></tbody>
      <tbody class="failed results-table-row">
        <tr>
          <td class="col-result">Failed</td>
          <td class="col-name">tests/test_subtraction.py::TestCalculatorSubtraction::test_subtraction_positive[2--5-7.00]</td>
          <td class="col-duration">2.67</td>
          <td class="col-links"></td></tr>
        <tr>
          <td class="extra" colspan="4">
            <div class="log">self = &lt;test_subtraction.TestCalculatorSubtraction object at 0x000002B1E59820D0&gt;<br/>calculator_page = &lt;pages.calculator_page.CalculatorPage object at 0x000002B1E5E6DE50&gt;, left_operand = &#x27;2&#x27;, right_operand = &#x27;-5&#x27;<br/>expected_result = &#x27;7.00&#x27;<br/><br/>    @pytest.mark.parametrize(&quot;left_operand, right_operand, expected_result&quot;, [<br/>        (&#x27;5&#x27;, &#x27;2&#x27;, &#x27;3.00&#x27;),     # Проверка вычитания положительных целых чисел<br/>        (&#x27;-5&#x27;, &#x27;-2&#x27;, &#x27;-3.00&#x27;),  # Проверка вычитания отрицательных целых чисел<br/>        (&#x27;2&#x27;, &#x27;-5&#x27;, &#x27;7.00&#x27;),    # Проверка вычитания положительного числа из отрицательного числа<br/>        (&#x27;0&#x27;, &#x27;5&#x27;, &#x27;-5.00&#x27;),    # Проверка вычитания числа из нуля<br/>        (&#x27;5&#x27;, &#x27;5&#x27;, &#x27;0.00&#x27;),     # Проверка вычитания числа из самого себя<br/>        (&#x27;9999999999&#x27;, &#x27;9999999999&#x27;, &#x27;0.00&#x27;),  # Проверка вычитания очень больших чисел<br/>        (&#x27;100000000&#x27;, &#x27;1&#x27;, &#x27;99999999.00&#x27;),     # Проверка разности с восьмизначным числом<br/>        (&#x27;100000001&#x27;, &#x27;1&#x27;, &#x27;100000000.00&#x27;),    # Проверка разности с восьмизначным числом + 1<br/>        (&#x27;3.14&#x27;, &#x27;2.86&#x27;, &#x27;0.28&#x27;),              # Проверка вычитания чисел с десятичной частью<br/>        (&#x27;5.42&#x27;, &#x27;3.26565&#x27;, &#x27;2.15&#x27;),  # Проверка вычитания чисел с использованием десятичной дроби и большого количества знаков после запятой<br/>        (&#x27;-1.5&#x27;, &#x27;-2.7&#x27;, &#x27;1.20&#x27;),     # Проверка вычитания чисел с использованием отрицательных десятичных дробей<br/>        (&#x27;5&#x27;, &#x27;0&#x27;, &#x27;5.00&#x27;),           # Проверка вычитания чисел, где одно из них равно нулю<br/>        (&#x27;000123.46&#x27;, &#x27;0.456&#x27;, &#x27;123.00&#x27;),  # Проверка вычитания чисел, где одно из чисел имеет ведущие нули<br/>        (&#x27;3e7&#x27;, &#x27;2e6&#x27;, &#x27;28000000.00&#x27;),  # Проверка вычитания чисел с использованием чисел в экспоненциальной записи<br/>    ])<br/>    def test_subtraction_positive(self, calculator_page, left_operand, right_operand, expected_result):<br/>        calculator_page.perform_subtraction(left_operand, right_operand)<br/>&gt;       calculator_page.verify_result(expected_result)<br/><br/>tests\test_subtraction.py:31: <br/>_ _ _ _ _ _ _ _ _ _ _ _ _ _ _ _ _ _ _ _ _ _ _ _ _ _ _ _ _ _ _ _ _ _ _ _ _ _ _ _ <br/><br/>self = &lt;pages.calculator_page.CalculatorPage object at 0x000002B1E5E6DE50&gt;, expected_result = &#x27;7.00&#x27;<br/><br/>    def verify_result(self, expected_result):<br/>        # Проверяет, что ответ совпадает с ожидаемым (число после знака =)<br/>        result = self.get_result_after_equal_sign()<br/>&gt;       assert result == expected_result, f&#x27;Ожидаемый результат {expected_result} отличается от фактического {result}&#x27;<br/><span class="error">E       AssertionError: Ожидаемый результат 7.00 отличается от фактического -6.00</span><br/><br/>pages\calculator_page.py:69: AssertionError<br/></div></td></tr></tbody>
      <tbody class="failed results-table-row">
        <tr>
          <td class="col-result">Failed</td>
          <td class="col-name">tests/test_subtraction.py::TestCalculatorSubtraction::test_subtraction_positive[0-5--5.00]</td>
          <td class="col-duration">2.65</td>
          <td class="col-links"></td></tr>
        <tr>
          <td class="extra" colspan="4">
            <div class="log">self = &lt;test_subtraction.TestCalculatorSubtraction object at 0x000002B1E5990FD0&gt;<br/>calculator_page = &lt;pages.calculator_page.CalculatorPage object at 0x000002B1E5E6DE50&gt;, left_operand = &#x27;0&#x27;, right_operand = &#x27;5&#x27;<br/>expected_result = &#x27;-5.00&#x27;<br/><br/>    @pytest.mark.parametrize(&quot;left_operand, right_operand, expected_result&quot;, [<br/>        (&#x27;5&#x27;, &#x27;2&#x27;, &#x27;3.00&#x27;),     # Проверка вычитания положительных целых чисел<br/>        (&#x27;-5&#x27;, &#x27;-2&#x27;, &#x27;-3.00&#x27;),  # Проверка вычитания отрицательных целых чисел<br/>        (&#x27;2&#x27;, &#x27;-5&#x27;, &#x27;7.00&#x27;),    # Проверка вычитания положительного числа из отрицательного числа<br/>        (&#x27;0&#x27;, &#x27;5&#x27;, &#x27;-5.00&#x27;),    # Проверка вычитания числа из нуля<br/>        (&#x27;5&#x27;, &#x27;5&#x27;, &#x27;0.00&#x27;),     # Проверка вычитания числа из самого себя<br/>        (&#x27;9999999999&#x27;, &#x27;9999999999&#x27;, &#x27;0.00&#x27;),  # Проверка вычитания очень больших чисел<br/>        (&#x27;100000000&#x27;, &#x27;1&#x27;, &#x27;99999999.00&#x27;),     # Проверка разности с восьмизначным числом<br/>        (&#x27;100000001&#x27;, &#x27;1&#x27;, &#x27;100000000.00&#x27;),    # Проверка разности с восьмизначным числом + 1<br/>        (&#x27;3.14&#x27;, &#x27;2.86&#x27;, &#x27;0.28&#x27;),              # Проверка вычитания чисел с десятичной частью<br/>        (&#x27;5.42&#x27;, &#x27;3.26565&#x27;, &#x27;2.15&#x27;),  # Проверка вычитания чисел с использованием десятичной дроби и большого количества знаков после запятой<br/>        (&#x27;-1.5&#x27;, &#x27;-2.7&#x27;, &#x27;1.20&#x27;),     # Проверка вычитания чисел с использованием отрицательных десятичных дробей<br/>        (&#x27;5&#x27;, &#x27;0&#x27;, &#x27;5.00&#x27;),           # Проверка вычитания чисел, где одно из них равно нулю<br/>        (&#x27;000123.46&#x27;, &#x27;0.456&#x27;, &#x27;123.00&#x27;),  # Проверка вычитания чисел, где одно из чисел имеет ведущие нули<br/>        (&#x27;3e7&#x27;, &#x27;2e6&#x27;, &#x27;28000000.00&#x27;),  # Проверка вычитания чисел с использованием чисел в экспоненциальной записи<br/>    ])<br/>    def test_subtraction_positive(self, calculator_page, left_operand, right_operand, expected_result):<br/>        calculator_page.perform_subtraction(left_operand, right_operand)<br/>&gt;       calculator_page.verify_result(expected_result)<br/><br/>tests\test_subtraction.py:31: <br/>_ _ _ _ _ _ _ _ _ _ _ _ _ _ _ _ _ _ _ _ _ _ _ _ _ _ _ _ _ _ _ _ _ _ _ _ _ _ _ _ <br/><br/>self = &lt;pages.calculator_page.CalculatorPage object at 0x000002B1E5E6DE50&gt;, expected_result = &#x27;-5.00&#x27;<br/><br/>    def verify_result(self, expected_result):<br/>        # Проверяет, что ответ совпадает с ожидаемым (число после знака =)<br/>        result = self.get_result_after_equal_sign()<br/>&gt;       assert result == expected_result, f&#x27;Ожидаемый результат {expected_result} отличается от фактического {result}&#x27;<br/><span class="error">E       AssertionError: Ожидаемый результат -5.00 отличается от фактического 10.00</span><br/><br/>pages\calculator_page.py:69: AssertionError<br/></div></td></tr></tbody>
      <tbody class="failed results-table-row">
        <tr>
          <td class="col-result">Failed</td>
          <td class="col-name">tests/test_subtraction.py::TestCalculatorSubtraction::test_subtraction_positive[5-5-0.00]</td>
          <td class="col-duration">2.64</td>
          <td class="col-links"></td></tr>
        <tr>
          <td class="extra" colspan="4">
            <div class="log">self = &lt;test_subtraction.TestCalculatorSubtraction object at 0x000002B1E59911D0&gt;<br/>calculator_page = &lt;pages.calculator_page.CalculatorPage object at 0x000002B1E5E6DE50&gt;, left_operand = &#x27;5&#x27;, right_operand = &#x27;5&#x27;<br/>expected_result = &#x27;0.00&#x27;<br/><br/>    @pytest.mark.parametrize(&quot;left_operand, right_operand, expected_result&quot;, [<br/>        (&#x27;5&#x27;, &#x27;2&#x27;, &#x27;3.00&#x27;),     # Проверка вычитания положительных целых чисел<br/>        (&#x27;-5&#x27;, &#x27;-2&#x27;, &#x27;-3.00&#x27;),  # Проверка вычитания отрицательных целых чисел<br/>        (&#x27;2&#x27;, &#x27;-5&#x27;, &#x27;7.00&#x27;),    # Проверка вычитания положительного числа из отрицательного числа<br/>        (&#x27;0&#x27;, &#x27;5&#x27;, &#x27;-5.00&#x27;),    # Проверка вычитания числа из нуля<br/>        (&#x27;5&#x27;, &#x27;5&#x27;, &#x27;0.00&#x27;),     # Проверка вычитания числа из самого себя<br/>        (&#x27;9999999999&#x27;, &#x27;9999999999&#x27;, &#x27;0.00&#x27;),  # Проверка вычитания очень больших чисел<br/>        (&#x27;100000000&#x27;, &#x27;1&#x27;, &#x27;99999999.00&#x27;),     # Проверка разности с восьмизначным числом<br/>        (&#x27;100000001&#x27;, &#x27;1&#x27;, &#x27;100000000.00&#x27;),    # Проверка разности с восьмизначным числом + 1<br/>        (&#x27;3.14&#x27;, &#x27;2.86&#x27;, &#x27;0.28&#x27;),              # Проверка вычитания чисел с десятичной частью<br/>        (&#x27;5.42&#x27;, &#x27;3.26565&#x27;, &#x27;2.15&#x27;),  # Проверка вычитания чисел с использованием десятичной дроби и большого количества знаков после запятой<br/>        (&#x27;-1.5&#x27;, &#x27;-2.7&#x27;, &#x27;1.20&#x27;),     # Проверка вычитания чисел с использованием отрицательных десятичных дробей<br/>        (&#x27;5&#x27;, &#x27;0&#x27;, &#x27;5.00&#x27;),           # Проверка вычитания чисел, где одно из них равно нулю<br/>        (&#x27;000123.46&#x27;, &#x27;0.456&#x27;, &#x27;123.00&#x27;),  # Проверка вычитания чисел, где одно из чисел имеет ведущие нули<br/>        (&#x27;3e7&#x27;, &#x27;2e6&#x27;, &#x27;28000000.00&#x27;),  # Проверка вычитания чисел с использованием чисел в экспоненциальной записи<br/>    ])<br/>    def test_subtraction_positive(self, calculator_page, left_operand, right_operand, expected_result):<br/>        calculator_page.perform_subtraction(left_operand, right_operand)<br/>&gt;       calculator_page.verify_result(expected_result)<br/><br/>tests\test_subtraction.py:31: <br/>_ _ _ _ _ _ _ _ _ _ _ _ _ _ _ _ _ _ _ _ _ _ _ _ _ _ _ _ _ _ _ _ _ _ _ _ _ _ _ _ <br/><br/>self = &lt;pages.calculator_page.CalculatorPage object at 0x000002B1E5E6DE50&gt;, expected_result = &#x27;0.00&#x27;<br/><br/>    def verify_result(self, expected_result):<br/>        # Проверяет, что ответ совпадает с ожидаемым (число после знака =)<br/>        result = self.get_result_after_equal_sign()<br/>&gt;       assert result == expected_result, f&#x27;Ожидаемый результат {expected_result} отличается от фактического {result}&#x27;<br/><span class="error">E       AssertionError: Ожидаемый результат 0.00 отличается от фактического 20.00</span><br/><br/>pages\calculator_page.py:69: AssertionError<br/></div></td></tr></tbody>
      <tbody class="failed results-table-row">
        <tr>
          <td class="col-result">Failed</td>
          <td class="col-name">tests/test_subtraction.py::TestCalculatorSubtraction::test_subtraction_positive[9999999999-9999999999-0.00]</td>
          <td class="col-duration">2.77</td>
          <td class="col-links"></td></tr>
        <tr>
          <td class="extra" colspan="4">
            <div class="log">self = &lt;test_subtraction.TestCalculatorSubtraction object at 0x000002B1E5991410&gt;<br/>calculator_page = &lt;pages.calculator_page.CalculatorPage object at 0x000002B1E5E6DE50&gt;, left_operand = &#x27;9999999999&#x27;<br/>right_operand = &#x27;9999999999&#x27;, expected_result = &#x27;0.00&#x27;<br/><br/>    @pytest.mark.parametrize(&quot;left_operand, right_operand, expected_result&quot;, [<br/>        (&#x27;5&#x27;, &#x27;2&#x27;, &#x27;3.00&#x27;),     # Проверка вычитания положительных целых чисел<br/>        (&#x27;-5&#x27;, &#x27;-2&#x27;, &#x27;-3.00&#x27;),  # Проверка вычитания отрицательных целых чисел<br/>        (&#x27;2&#x27;, &#x27;-5&#x27;, &#x27;7.00&#x27;),    # Проверка вычитания положительного числа из отрицательного числа<br/>        (&#x27;0&#x27;, &#x27;5&#x27;, &#x27;-5.00&#x27;),    # Проверка вычитания числа из нуля<br/>        (&#x27;5&#x27;, &#x27;5&#x27;, &#x27;0.00&#x27;),     # Проверка вычитания числа из самого себя<br/>        (&#x27;9999999999&#x27;, &#x27;9999999999&#x27;, &#x27;0.00&#x27;),  # Проверка вычитания очень больших чисел<br/>        (&#x27;100000000&#x27;, &#x27;1&#x27;, &#x27;99999999.00&#x27;),     # Проверка разности с восьмизначным числом<br/>        (&#x27;100000001&#x27;, &#x27;1&#x27;, &#x27;100000000.00&#x27;),    # Проверка разности с восьмизначным числом + 1<br/>        (&#x27;3.14&#x27;, &#x27;2.86&#x27;, &#x27;0.28&#x27;),              # Проверка вычитания чисел с десятичной частью<br/>        (&#x27;5.42&#x27;, &#x27;3.26565&#x27;, &#x27;2.15&#x27;),  # Проверка вычитания чисел с использованием десятичной дроби и большого количества знаков после запятой<br/>        (&#x27;-1.5&#x27;, &#x27;-2.7&#x27;, &#x27;1.20&#x27;),     # Проверка вычитания чисел с использованием отрицательных десятичных дробей<br/>        (&#x27;5&#x27;, &#x27;0&#x27;, &#x27;5.00&#x27;),           # Проверка вычитания чисел, где одно из них равно нулю<br/>        (&#x27;000123.46&#x27;, &#x27;0.456&#x27;, &#x27;123.00&#x27;),  # Проверка вычитания чисел, где одно из чисел имеет ведущие нули<br/>        (&#x27;3e7&#x27;, &#x27;2e6&#x27;, &#x27;28000000.00&#x27;),  # Проверка вычитания чисел с использованием чисел в экспоненциальной записи<br/>    ])<br/>    def test_subtraction_positive(self, calculator_page, left_operand, right_operand, expected_result):<br/>        calculator_page.perform_subtraction(left_operand, right_operand)<br/>&gt;       calculator_page.verify_result(expected_result)<br/><br/>tests\test_subtraction.py:31: <br/>_ _ _ _ _ _ _ _ _ _ _ _ _ _ _ _ _ _ _ _ _ _ _ _ _ _ _ _ _ _ _ _ _ _ _ _ _ _ _ _ <br/><br/>self = &lt;pages.calculator_page.CalculatorPage object at 0x000002B1E5E6DE50&gt;, expected_result = &#x27;0.00&#x27;<br/><br/>    def verify_result(self, expected_result):<br/>        # Проверяет, что ответ совпадает с ожидаемым (число после знака =)<br/>        result = self.get_result_after_equal_sign()<br/>&gt;       assert result == expected_result, f&#x27;Ожидаемый результат {expected_result} отличается от фактического {result}&#x27;<br/><span class="error">E       AssertionError: Ожидаемый результат 0.00 отличается от фактического 40000000000.00</span><br/><br/>pages\calculator_page.py:69: AssertionError<br/></div></td></tr></tbody>
      <tbody class="failed results-table-row">
        <tr>
          <td class="col-result">Failed</td>
          <td class="col-name">tests/test_subtraction.py::TestCalculatorSubtraction::test_subtraction_positive[100000000-1-99999999.00]</td>
          <td class="col-duration">2.73</td>
          <td class="col-links"></td></tr>
        <tr>
          <td class="extra" colspan="4">
            <div class="log">self = &lt;test_subtraction.TestCalculatorSubtraction object at 0x000002B1E59916D0&gt;<br/>calculator_page = &lt;pages.calculator_page.CalculatorPage object at 0x000002B1E5E6DE50&gt;, left_operand = &#x27;100000000&#x27;, right_operand = &#x27;1&#x27;<br/>expected_result = &#x27;99999999.00&#x27;<br/><br/>    @pytest.mark.parametrize(&quot;left_operand, right_operand, expected_result&quot;, [<br/>        (&#x27;5&#x27;, &#x27;2&#x27;, &#x27;3.00&#x27;),     # Проверка вычитания положительных целых чисел<br/>        (&#x27;-5&#x27;, &#x27;-2&#x27;, &#x27;-3.00&#x27;),  # Проверка вычитания отрицательных целых чисел<br/>        (&#x27;2&#x27;, &#x27;-5&#x27;, &#x27;7.00&#x27;),    # Проверка вычитания положительного числа из отрицательного числа<br/>        (&#x27;0&#x27;, &#x27;5&#x27;, &#x27;-5.00&#x27;),    # Проверка вычитания числа из нуля<br/>        (&#x27;5&#x27;, &#x27;5&#x27;, &#x27;0.00&#x27;),     # Проверка вычитания числа из самого себя<br/>        (&#x27;9999999999&#x27;, &#x27;9999999999&#x27;, &#x27;0.00&#x27;),  # Проверка вычитания очень больших чисел<br/>        (&#x27;100000000&#x27;, &#x27;1&#x27;, &#x27;99999999.00&#x27;),     # Проверка разности с восьмизначным числом<br/>        (&#x27;100000001&#x27;, &#x27;1&#x27;, &#x27;100000000.00&#x27;),    # Проверка разности с восьмизначным числом + 1<br/>        (&#x27;3.14&#x27;, &#x27;2.86&#x27;, &#x27;0.28&#x27;),              # Проверка вычитания чисел с десятичной частью<br/>        (&#x27;5.42&#x27;, &#x27;3.26565&#x27;, &#x27;2.15&#x27;),  # Проверка вычитания чисел с использованием десятичной дроби и большого количества знаков после запятой<br/>        (&#x27;-1.5&#x27;, &#x27;-2.7&#x27;, &#x27;1.20&#x27;),     # Проверка вычитания чисел с использованием отрицательных десятичных дробей<br/>        (&#x27;5&#x27;, &#x27;0&#x27;, &#x27;5.00&#x27;),           # Проверка вычитания чисел, где одно из них равно нулю<br/>        (&#x27;000123.46&#x27;, &#x27;0.456&#x27;, &#x27;123.00&#x27;),  # Проверка вычитания чисел, где одно из чисел имеет ведущие нули<br/>        (&#x27;3e7&#x27;, &#x27;2e6&#x27;, &#x27;28000000.00&#x27;),  # Проверка вычитания чисел с использованием чисел в экспоненциальной записи<br/>    ])<br/>    def test_subtraction_positive(self, calculator_page, left_operand, right_operand, expected_result):<br/>        calculator_page.perform_subtraction(left_operand, right_operand)<br/>&gt;       calculator_page.verify_result(expected_result)<br/><br/>tests\test_subtraction.py:31: <br/>_ _ _ _ _ _ _ _ _ _ _ _ _ _ _ _ _ _ _ _ _ _ _ _ _ _ _ _ _ _ _ _ _ _ _ _ _ _ _ _ <br/><br/>self = &lt;pages.calculator_page.CalculatorPage object at 0x000002B1E5E6DE50&gt;, expected_result = &#x27;99999999.00&#x27;<br/><br/>    def verify_result(self, expected_result):<br/>        # Проверяет, что ответ совпадает с ожидаемым (число после знака =)<br/>        result = self.get_result_after_equal_sign()<br/>&gt;       assert result == expected_result, f&#x27;Ожидаемый результат {expected_result} отличается от фактического {result}&#x27;<br/><span class="error">E       AssertionError: Ожидаемый результат 99999999.00 отличается от фактического 200000000.00</span><br/><br/>pages\calculator_page.py:69: AssertionError<br/></div></td></tr></tbody>
      <tbody class="failed results-table-row">
        <tr>
          <td class="col-result">Failed</td>
          <td class="col-name">tests/test_subtraction.py::TestCalculatorSubtraction::test_subtraction_positive[100000001-1-100000000.00]</td>
          <td class="col-duration">2.66</td>
          <td class="col-links"></td></tr>
        <tr>
          <td class="extra" colspan="4">
            <div class="log">self = &lt;test_subtraction.TestCalculatorSubtraction object at 0x000002B1E5991990&gt;<br/>calculator_page = &lt;pages.calculator_page.CalculatorPage object at 0x000002B1E5E6DE50&gt;, left_operand = &#x27;100000001&#x27;, right_operand = &#x27;1&#x27;<br/>expected_result = &#x27;100000000.00&#x27;<br/><br/>    @pytest.mark.parametrize(&quot;left_operand, right_operand, expected_result&quot;, [<br/>        (&#x27;5&#x27;, &#x27;2&#x27;, &#x27;3.00&#x27;),     # Проверка вычитания положительных целых чисел<br/>        (&#x27;-5&#x27;, &#x27;-2&#x27;, &#x27;-3.00&#x27;),  # Проверка вычитания отрицательных целых чисел<br/>        (&#x27;2&#x27;, &#x27;-5&#x27;, &#x27;7.00&#x27;),    # Проверка вычитания положительного числа из отрицательного числа<br/>        (&#x27;0&#x27;, &#x27;5&#x27;, &#x27;-5.00&#x27;),    # Проверка вычитания числа из нуля<br/>        (&#x27;5&#x27;, &#x27;5&#x27;, &#x27;0.00&#x27;),     # Проверка вычитания числа из самого себя<br/>        (&#x27;9999999999&#x27;, &#x27;9999999999&#x27;, &#x27;0.00&#x27;),  # Проверка вычитания очень больших чисел<br/>        (&#x27;100000000&#x27;, &#x27;1&#x27;, &#x27;99999999.00&#x27;),     # Проверка разности с восьмизначным числом<br/>        (&#x27;100000001&#x27;, &#x27;1&#x27;, &#x27;100000000.00&#x27;),    # Проверка разности с восьмизначным числом + 1<br/>        (&#x27;3.14&#x27;, &#x27;2.86&#x27;, &#x27;0.28&#x27;),              # Проверка вычитания чисел с десятичной частью<br/>        (&#x27;5.42&#x27;, &#x27;3.26565&#x27;, &#x27;2.15&#x27;),  # Проверка вычитания чисел с использованием десятичной дроби и большого количества знаков после запятой<br/>        (&#x27;-1.5&#x27;, &#x27;-2.7&#x27;, &#x27;1.20&#x27;),     # Проверка вычитания чисел с использованием отрицательных десятичных дробей<br/>        (&#x27;5&#x27;, &#x27;0&#x27;, &#x27;5.00&#x27;),           # Проверка вычитания чисел, где одно из них равно нулю<br/>        (&#x27;000123.46&#x27;, &#x27;0.456&#x27;, &#x27;123.00&#x27;),  # Проверка вычитания чисел, где одно из чисел имеет ведущие нули<br/>        (&#x27;3e7&#x27;, &#x27;2e6&#x27;, &#x27;28000000.00&#x27;),  # Проверка вычитания чисел с использованием чисел в экспоненциальной записи<br/>    ])<br/>    def test_subtraction_positive(self, calculator_page, left_operand, right_operand, expected_result):<br/>        calculator_page.perform_subtraction(left_operand, right_operand)<br/>&gt;       calculator_page.verify_result(expected_result)<br/><br/>tests\test_subtraction.py:31: <br/>_ _ _ _ _ _ _ _ _ _ _ _ _ _ _ _ _ _ _ _ _ _ _ _ _ _ _ _ _ _ _ _ _ _ _ _ _ _ _ _ <br/><br/>self = &lt;pages.calculator_page.CalculatorPage object at 0x000002B1E5E6DE50&gt;, expected_result = &#x27;100000000.00&#x27;<br/><br/>    def verify_result(self, expected_result):<br/>        # Проверяет, что ответ совпадает с ожидаемым (число после знака =)<br/>        result = self.get_result_after_equal_sign()<br/>&gt;       assert result == expected_result, f&#x27;Ожидаемый результат {expected_result} отличается от фактического {result}&#x27;<br/><span class="error">E       AssertionError: Ожидаемый результат 100000000.00 отличается от фактического 200000000.00</span><br/><br/>pages\calculator_page.py:69: AssertionError<br/></div></td></tr></tbody>
      <tbody class="failed results-table-row">
        <tr>
          <td class="col-result">Failed</td>
          <td class="col-name">tests/test_subtraction.py::TestCalculatorSubtraction::test_subtraction_positive[3.14-2.86-0.28]</td>
          <td class="col-duration">2.72</td>
          <td class="col-links"></td></tr>
        <tr>
          <td class="extra" colspan="4">
            <div class="log">self = &lt;test_subtraction.TestCalculatorSubtraction object at 0x000002B1E5991C50&gt;<br/>calculator_page = &lt;pages.calculator_page.CalculatorPage object at 0x000002B1E5E6DE50&gt;, left_operand = &#x27;3.14&#x27;, right_operand = &#x27;2.86&#x27;<br/>expected_result = &#x27;0.28&#x27;<br/><br/>    @pytest.mark.parametrize(&quot;left_operand, right_operand, expected_result&quot;, [<br/>        (&#x27;5&#x27;, &#x27;2&#x27;, &#x27;3.00&#x27;),     # Проверка вычитания положительных целых чисел<br/>        (&#x27;-5&#x27;, &#x27;-2&#x27;, &#x27;-3.00&#x27;),  # Проверка вычитания отрицательных целых чисел<br/>        (&#x27;2&#x27;, &#x27;-5&#x27;, &#x27;7.00&#x27;),    # Проверка вычитания положительного числа из отрицательного числа<br/>        (&#x27;0&#x27;, &#x27;5&#x27;, &#x27;-5.00&#x27;),    # Проверка вычитания числа из нуля<br/>        (&#x27;5&#x27;, &#x27;5&#x27;, &#x27;0.00&#x27;),     # Проверка вычитания числа из самого себя<br/>        (&#x27;9999999999&#x27;, &#x27;9999999999&#x27;, &#x27;0.00&#x27;),  # Проверка вычитания очень больших чисел<br/>        (&#x27;100000000&#x27;, &#x27;1&#x27;, &#x27;99999999.00&#x27;),     # Проверка разности с восьмизначным числом<br/>        (&#x27;100000001&#x27;, &#x27;1&#x27;, &#x27;100000000.00&#x27;),    # Проверка разности с восьмизначным числом + 1<br/>        (&#x27;3.14&#x27;, &#x27;2.86&#x27;, &#x27;0.28&#x27;),              # Проверка вычитания чисел с десятичной частью<br/>        (&#x27;5.42&#x27;, &#x27;3.26565&#x27;, &#x27;2.15&#x27;),  # Проверка вычитания чисел с использованием десятичной дроби и большого количества знаков после запятой<br/>        (&#x27;-1.5&#x27;, &#x27;-2.7&#x27;, &#x27;1.20&#x27;),     # Проверка вычитания чисел с использованием отрицательных десятичных дробей<br/>        (&#x27;5&#x27;, &#x27;0&#x27;, &#x27;5.00&#x27;),           # Проверка вычитания чисел, где одно из них равно нулю<br/>        (&#x27;000123.46&#x27;, &#x27;0.456&#x27;, &#x27;123.00&#x27;),  # Проверка вычитания чисел, где одно из чисел имеет ведущие нули<br/>        (&#x27;3e7&#x27;, &#x27;2e6&#x27;, &#x27;28000000.00&#x27;),  # Проверка вычитания чисел с использованием чисел в экспоненциальной записи<br/>    ])<br/>    def test_subtraction_positive(self, calculator_page, left_operand, right_operand, expected_result):<br/>        calculator_page.perform_subtraction(left_operand, right_operand)<br/>&gt;       calculator_page.verify_result(expected_result)<br/><br/>tests\test_subtraction.py:31: <br/>_ _ _ _ _ _ _ _ _ _ _ _ _ _ _ _ _ _ _ _ _ _ _ _ _ _ _ _ _ _ _ _ _ _ _ _ _ _ _ _ <br/><br/>self = &lt;pages.calculator_page.CalculatorPage object at 0x000002B1E5E6DE50&gt;, expected_result = &#x27;0.28&#x27;<br/><br/>    def verify_result(self, expected_result):<br/>        # Проверяет, что ответ совпадает с ожидаемым (число после знака =)<br/>        result = self.get_result_after_equal_sign()<br/>&gt;       assert result == expected_result, f&#x27;Ожидаемый результат {expected_result} отличается от фактического {result}&#x27;<br/><span class="error">E       AssertionError: Ожидаемый результат 0.28 отличается от фактического 12.00</span><br/><br/>pages\calculator_page.py:69: AssertionError<br/></div></td></tr></tbody>
      <tbody class="failed results-table-row">
        <tr>
          <td class="col-result">Failed</td>
          <td class="col-name">tests/test_subtraction.py::TestCalculatorSubtraction::test_subtraction_positive[5.42-3.26565-2.15]</td>
          <td class="col-duration">2.63</td>
          <td class="col-links"></td></tr>
        <tr>
          <td class="extra" colspan="4">
            <div class="log">self = &lt;test_subtraction.TestCalculatorSubtraction object at 0x000002B1E5990B50&gt;<br/>calculator_page = &lt;pages.calculator_page.CalculatorPage object at 0x000002B1E5E6DE50&gt;, left_operand = &#x27;5.42&#x27;, right_operand = &#x27;3.26565&#x27;<br/>expected_result = &#x27;2.15&#x27;<br/><br/>    @pytest.mark.parametrize(&quot;left_operand, right_operand, expected_result&quot;, [<br/>        (&#x27;5&#x27;, &#x27;2&#x27;, &#x27;3.00&#x27;),     # Проверка вычитания положительных целых чисел<br/>        (&#x27;-5&#x27;, &#x27;-2&#x27;, &#x27;-3.00&#x27;),  # Проверка вычитания отрицательных целых чисел<br/>        (&#x27;2&#x27;, &#x27;-5&#x27;, &#x27;7.00&#x27;),    # Проверка вычитания положительного числа из отрицательного числа<br/>        (&#x27;0&#x27;, &#x27;5&#x27;, &#x27;-5.00&#x27;),    # Проверка вычитания числа из нуля<br/>        (&#x27;5&#x27;, &#x27;5&#x27;, &#x27;0.00&#x27;),     # Проверка вычитания числа из самого себя<br/>        (&#x27;9999999999&#x27;, &#x27;9999999999&#x27;, &#x27;0.00&#x27;),  # Проверка вычитания очень больших чисел<br/>        (&#x27;100000000&#x27;, &#x27;1&#x27;, &#x27;99999999.00&#x27;),     # Проверка разности с восьмизначным числом<br/>        (&#x27;100000001&#x27;, &#x27;1&#x27;, &#x27;100000000.00&#x27;),    # Проверка разности с восьмизначным числом + 1<br/>        (&#x27;3.14&#x27;, &#x27;2.86&#x27;, &#x27;0.28&#x27;),              # Проверка вычитания чисел с десятичной частью<br/>        (&#x27;5.42&#x27;, &#x27;3.26565&#x27;, &#x27;2.15&#x27;),  # Проверка вычитания чисел с использованием десятичной дроби и большого количества знаков после запятой<br/>        (&#x27;-1.5&#x27;, &#x27;-2.7&#x27;, &#x27;1.20&#x27;),     # Проверка вычитания чисел с использованием отрицательных десятичных дробей<br/>        (&#x27;5&#x27;, &#x27;0&#x27;, &#x27;5.00&#x27;),           # Проверка вычитания чисел, где одно из них равно нулю<br/>        (&#x27;000123.46&#x27;, &#x27;0.456&#x27;, &#x27;123.00&#x27;),  # Проверка вычитания чисел, где одно из чисел имеет ведущие нули<br/>        (&#x27;3e7&#x27;, &#x27;2e6&#x27;, &#x27;28000000.00&#x27;),  # Проверка вычитания чисел с использованием чисел в экспоненциальной записи<br/>    ])<br/>    def test_subtraction_positive(self, calculator_page, left_operand, right_operand, expected_result):<br/>        calculator_page.perform_subtraction(left_operand, right_operand)<br/>&gt;       calculator_page.verify_result(expected_result)<br/><br/>tests\test_subtraction.py:31: <br/>_ _ _ _ _ _ _ _ _ _ _ _ _ _ _ _ _ _ _ _ _ _ _ _ _ _ _ _ _ _ _ _ _ _ _ _ _ _ _ _ <br/><br/>self = &lt;pages.calculator_page.CalculatorPage object at 0x000002B1E5E6DE50&gt;, expected_result = &#x27;2.15&#x27;<br/><br/>    def verify_result(self, expected_result):<br/>        # Проверяет, что ответ совпадает с ожидаемым (число после знака =)<br/>        result = self.get_result_after_equal_sign()<br/>&gt;       assert result == expected_result, f&#x27;Ожидаемый результат {expected_result} отличается от фактического {result}&#x27;<br/><span class="error">E       AssertionError: Ожидаемый результат 2.15 отличается от фактического 17.37</span><br/><br/>pages\calculator_page.py:69: AssertionError<br/></div></td></tr></tbody>
      <tbody class="failed results-table-row">
        <tr>
          <td class="col-result">Failed</td>
          <td class="col-name">tests/test_subtraction.py::TestCalculatorSubtraction::test_subtraction_positive[-1.5--2.7-1.20]</td>
          <td class="col-duration">2.63</td>
          <td class="col-links"></td></tr>
        <tr>
          <td class="extra" colspan="4">
            <div class="log">self = &lt;test_subtraction.TestCalculatorSubtraction object at 0x000002B1E5992190&gt;<br/>calculator_page = &lt;pages.calculator_page.CalculatorPage object at 0x000002B1E5E6DE50&gt;, left_operand = &#x27;-1.5&#x27;, right_operand = &#x27;-2.7&#x27;<br/>expected_result = &#x27;1.20&#x27;<br/><br/>    @pytest.mark.parametrize(&quot;left_operand, right_operand, expected_result&quot;, [<br/>        (&#x27;5&#x27;, &#x27;2&#x27;, &#x27;3.00&#x27;),     # Проверка вычитания положительных целых чисел<br/>        (&#x27;-5&#x27;, &#x27;-2&#x27;, &#x27;-3.00&#x27;),  # Проверка вычитания отрицательных целых чисел<br/>        (&#x27;2&#x27;, &#x27;-5&#x27;, &#x27;7.00&#x27;),    # Проверка вычитания положительного числа из отрицательного числа<br/>        (&#x27;0&#x27;, &#x27;5&#x27;, &#x27;-5.00&#x27;),    # Проверка вычитания числа из нуля<br/>        (&#x27;5&#x27;, &#x27;5&#x27;, &#x27;0.00&#x27;),     # Проверка вычитания числа из самого себя<br/>        (&#x27;9999999999&#x27;, &#x27;9999999999&#x27;, &#x27;0.00&#x27;),  # Проверка вычитания очень больших чисел<br/>        (&#x27;100000000&#x27;, &#x27;1&#x27;, &#x27;99999999.00&#x27;),     # Проверка разности с восьмизначным числом<br/>        (&#x27;100000001&#x27;, &#x27;1&#x27;, &#x27;100000000.00&#x27;),    # Проверка разности с восьмизначным числом + 1<br/>        (&#x27;3.14&#x27;, &#x27;2.86&#x27;, &#x27;0.28&#x27;),              # Проверка вычитания чисел с десятичной частью<br/>        (&#x27;5.42&#x27;, &#x27;3.26565&#x27;, &#x27;2.15&#x27;),  # Проверка вычитания чисел с использованием десятичной дроби и большого количества знаков после запятой<br/>        (&#x27;-1.5&#x27;, &#x27;-2.7&#x27;, &#x27;1.20&#x27;),     # Проверка вычитания чисел с использованием отрицательных десятичных дробей<br/>        (&#x27;5&#x27;, &#x27;0&#x27;, &#x27;5.00&#x27;),           # Проверка вычитания чисел, где одно из них равно нулю<br/>        (&#x27;000123.46&#x27;, &#x27;0.456&#x27;, &#x27;123.00&#x27;),  # Проверка вычитания чисел, где одно из чисел имеет ведущие нули<br/>        (&#x27;3e7&#x27;, &#x27;2e6&#x27;, &#x27;28000000.00&#x27;),  # Проверка вычитания чисел с использованием чисел в экспоненциальной записи<br/>    ])<br/>    def test_subtraction_positive(self, calculator_page, left_operand, right_operand, expected_result):<br/>        calculator_page.perform_subtraction(left_operand, right_operand)<br/>&gt;       calculator_page.verify_result(expected_result)<br/><br/>tests\test_subtraction.py:31: <br/>_ _ _ _ _ _ _ _ _ _ _ _ _ _ _ _ _ _ _ _ _ _ _ _ _ _ _ _ _ _ _ _ _ _ _ _ _ _ _ _ <br/><br/>self = &lt;pages.calculator_page.CalculatorPage object at 0x000002B1E5E6DE50&gt;, expected_result = &#x27;1.20&#x27;<br/><br/>    def verify_result(self, expected_result):<br/>        # Проверяет, что ответ совпадает с ожидаемым (число после знака =)<br/>        result = self.get_result_after_equal_sign()<br/>&gt;       assert result == expected_result, f&#x27;Ожидаемый результат {expected_result} отличается от фактического {result}&#x27;<br/><span class="error">E       AssertionError: Ожидаемый результат 1.20 отличается от фактического -8.40</span><br/><br/>pages\calculator_page.py:69: AssertionError<br/></div></td></tr></tbody>
      <tbody class="failed results-table-row">
        <tr>
          <td class="col-result">Failed</td>
          <td class="col-name">tests/test_subtraction.py::TestCalculatorSubtraction::test_subtraction_positive[5-0-5.00]</td>
          <td class="col-duration">2.68</td>
          <td class="col-links"></td></tr>
        <tr>
          <td class="extra" colspan="4">
            <div class="log">self = &lt;test_subtraction.TestCalculatorSubtraction object at 0x000002B1E5992450&gt;<br/>calculator_page = &lt;pages.calculator_page.CalculatorPage object at 0x000002B1E5E6DE50&gt;, left_operand = &#x27;5&#x27;, right_operand = &#x27;0&#x27;<br/>expected_result = &#x27;5.00&#x27;<br/><br/>    @pytest.mark.parametrize(&quot;left_operand, right_operand, expected_result&quot;, [<br/>        (&#x27;5&#x27;, &#x27;2&#x27;, &#x27;3.00&#x27;),     # Проверка вычитания положительных целых чисел<br/>        (&#x27;-5&#x27;, &#x27;-2&#x27;, &#x27;-3.00&#x27;),  # Проверка вычитания отрицательных целых чисел<br/>        (&#x27;2&#x27;, &#x27;-5&#x27;, &#x27;7.00&#x27;),    # Проверка вычитания положительного числа из отрицательного числа<br/>        (&#x27;0&#x27;, &#x27;5&#x27;, &#x27;-5.00&#x27;),    # Проверка вычитания числа из нуля<br/>        (&#x27;5&#x27;, &#x27;5&#x27;, &#x27;0.00&#x27;),     # Проверка вычитания числа из самого себя<br/>        (&#x27;9999999999&#x27;, &#x27;9999999999&#x27;, &#x27;0.00&#x27;),  # Проверка вычитания очень больших чисел<br/>        (&#x27;100000000&#x27;, &#x27;1&#x27;, &#x27;99999999.00&#x27;),     # Проверка разности с восьмизначным числом<br/>        (&#x27;100000001&#x27;, &#x27;1&#x27;, &#x27;100000000.00&#x27;),    # Проверка разности с восьмизначным числом + 1<br/>        (&#x27;3.14&#x27;, &#x27;2.86&#x27;, &#x27;0.28&#x27;),              # Проверка вычитания чисел с десятичной частью<br/>        (&#x27;5.42&#x27;, &#x27;3.26565&#x27;, &#x27;2.15&#x27;),  # Проверка вычитания чисел с использованием десятичной дроби и большого количества знаков после запятой<br/>        (&#x27;-1.5&#x27;, &#x27;-2.7&#x27;, &#x27;1.20&#x27;),     # Проверка вычитания чисел с использованием отрицательных десятичных дробей<br/>        (&#x27;5&#x27;, &#x27;0&#x27;, &#x27;5.00&#x27;),           # Проверка вычитания чисел, где одно из них равно нулю<br/>        (&#x27;000123.46&#x27;, &#x27;0.456&#x27;, &#x27;123.00&#x27;),  # Проверка вычитания чисел, где одно из чисел имеет ведущие нули<br/>        (&#x27;3e7&#x27;, &#x27;2e6&#x27;, &#x27;28000000.00&#x27;),  # Проверка вычитания чисел с использованием чисел в экспоненциальной записи<br/>    ])<br/>    def test_subtraction_positive(self, calculator_page, left_operand, right_operand, expected_result):<br/>        calculator_page.perform_subtraction(left_operand, right_operand)<br/>&gt;       calculator_page.verify_result(expected_result)<br/><br/>tests\test_subtraction.py:31: <br/>_ _ _ _ _ _ _ _ _ _ _ _ _ _ _ _ _ _ _ _ _ _ _ _ _ _ _ _ _ _ _ _ _ _ _ _ _ _ _ _ <br/><br/>self = &lt;pages.calculator_page.CalculatorPage object at 0x000002B1E5E6DE50&gt;, expected_result = &#x27;5.00&#x27;<br/><br/>    def verify_result(self, expected_result):<br/>        # Проверяет, что ответ совпадает с ожидаемым (число после знака =)<br/>        result = self.get_result_after_equal_sign()<br/>&gt;       assert result == expected_result, f&#x27;Ожидаемый результат {expected_result} отличается от фактического {result}&#x27;<br/><span class="error">E       AssertionError: Ожидаемый результат 5.00 отличается от фактического 10.00</span><br/><br/>pages\calculator_page.py:69: AssertionError<br/></div></td></tr></tbody>
      <tbody class="failed results-table-row">
        <tr>
          <td class="col-result">Failed</td>
          <td class="col-name">tests/test_subtraction.py::TestCalculatorSubtraction::test_subtraction_positive[000123.46-0.456-123.00]</td>
          <td class="col-duration">2.85</td>
          <td class="col-links"></td></tr>
        <tr>
          <td class="extra" colspan="4">
            <div class="log">self = &lt;test_subtraction.TestCalculatorSubtraction object at 0x000002B1E5992890&gt;<br/>calculator_page = &lt;pages.calculator_page.CalculatorPage object at 0x000002B1E5E6DE50&gt;, left_operand = &#x27;000123.46&#x27;, right_operand = &#x27;0.456&#x27;<br/>expected_result = &#x27;123.00&#x27;<br/><br/>    @pytest.mark.parametrize(&quot;left_operand, right_operand, expected_result&quot;, [<br/>        (&#x27;5&#x27;, &#x27;2&#x27;, &#x27;3.00&#x27;),     # Проверка вычитания положительных целых чисел<br/>        (&#x27;-5&#x27;, &#x27;-2&#x27;, &#x27;-3.00&#x27;),  # Проверка вычитания отрицательных целых чисел<br/>        (&#x27;2&#x27;, &#x27;-5&#x27;, &#x27;7.00&#x27;),    # Проверка вычитания положительного числа из отрицательного числа<br/>        (&#x27;0&#x27;, &#x27;5&#x27;, &#x27;-5.00&#x27;),    # Проверка вычитания числа из нуля<br/>        (&#x27;5&#x27;, &#x27;5&#x27;, &#x27;0.00&#x27;),     # Проверка вычитания числа из самого себя<br/>        (&#x27;9999999999&#x27;, &#x27;9999999999&#x27;, &#x27;0.00&#x27;),  # Проверка вычитания очень больших чисел<br/>        (&#x27;100000000&#x27;, &#x27;1&#x27;, &#x27;99999999.00&#x27;),     # Проверка разности с восьмизначным числом<br/>        (&#x27;100000001&#x27;, &#x27;1&#x27;, &#x27;100000000.00&#x27;),    # Проверка разности с восьмизначным числом + 1<br/>        (&#x27;3.14&#x27;, &#x27;2.86&#x27;, &#x27;0.28&#x27;),              # Проверка вычитания чисел с десятичной частью<br/>        (&#x27;5.42&#x27;, &#x27;3.26565&#x27;, &#x27;2.15&#x27;),  # Проверка вычитания чисел с использованием десятичной дроби и большого количества знаков после запятой<br/>        (&#x27;-1.5&#x27;, &#x27;-2.7&#x27;, &#x27;1.20&#x27;),     # Проверка вычитания чисел с использованием отрицательных десятичных дробей<br/>        (&#x27;5&#x27;, &#x27;0&#x27;, &#x27;5.00&#x27;),           # Проверка вычитания чисел, где одно из них равно нулю<br/>        (&#x27;000123.46&#x27;, &#x27;0.456&#x27;, &#x27;123.00&#x27;),  # Проверка вычитания чисел, где одно из чисел имеет ведущие нули<br/>        (&#x27;3e7&#x27;, &#x27;2e6&#x27;, &#x27;28000000.00&#x27;),  # Проверка вычитания чисел с использованием чисел в экспоненциальной записи<br/>    ])<br/>    def test_subtraction_positive(self, calculator_page, left_operand, right_operand, expected_result):<br/>        calculator_page.perform_subtraction(left_operand, right_operand)<br/>&gt;       calculator_page.verify_result(expected_result)<br/><br/>tests\test_subtraction.py:31: <br/>_ _ _ _ _ _ _ _ _ _ _ _ _ _ _ _ _ _ _ _ _ _ _ _ _ _ _ _ _ _ _ _ _ _ _ _ _ _ _ _ <br/><br/>self = &lt;pages.calculator_page.CalculatorPage object at 0x000002B1E5E6DE50&gt;, expected_result = &#x27;123.00&#x27;<br/><br/>    def verify_result(self, expected_result):<br/>        # Проверяет, что ответ совпадает с ожидаемым (число после знака =)<br/>        result = self.get_result_after_equal_sign()<br/>&gt;       assert result == expected_result, f&#x27;Ожидаемый результат {expected_result} отличается от фактического {result}&#x27;<br/><span class="error">E       AssertionError: Ожидаемый результат 123.00 отличается от фактического 247.83</span><br/><br/>pages\calculator_page.py:69: AssertionError<br/></div></td></tr></tbody>
      <tbody class="failed results-table-row">
        <tr>
          <td class="col-result">Failed</td>
          <td class="col-name">tests/test_subtraction.py::TestCalculatorSubtraction::test_subtraction_positive[3e7-2e6-28000000.00]</td>
          <td class="col-duration">2.75</td>
          <td class="col-links"></td></tr>
        <tr>
          <td class="extra" colspan="4">
            <div class="log">self = &lt;test_subtraction.TestCalculatorSubtraction object at 0x000002B1E5992BD0&gt;<br/>calculator_page = &lt;pages.calculator_page.CalculatorPage object at 0x000002B1E5E6DE50&gt;, left_operand = &#x27;3e7&#x27;, right_operand = &#x27;2e6&#x27;<br/>expected_result = &#x27;28000000.00&#x27;<br/><br/>    @pytest.mark.parametrize(&quot;left_operand, right_operand, expected_result&quot;, [<br/>        (&#x27;5&#x27;, &#x27;2&#x27;, &#x27;3.00&#x27;),     # Проверка вычитания положительных целых чисел<br/>        (&#x27;-5&#x27;, &#x27;-2&#x27;, &#x27;-3.00&#x27;),  # Проверка вычитания отрицательных целых чисел<br/>        (&#x27;2&#x27;, &#x27;-5&#x27;, &#x27;7.00&#x27;),    # Проверка вычитания положительного числа из отрицательного числа<br/>        (&#x27;0&#x27;, &#x27;5&#x27;, &#x27;-5.00&#x27;),    # Проверка вычитания числа из нуля<br/>        (&#x27;5&#x27;, &#x27;5&#x27;, &#x27;0.00&#x27;),     # Проверка вычитания числа из самого себя<br/>        (&#x27;9999999999&#x27;, &#x27;9999999999&#x27;, &#x27;0.00&#x27;),  # Проверка вычитания очень больших чисел<br/>        (&#x27;100000000&#x27;, &#x27;1&#x27;, &#x27;99999999.00&#x27;),     # Проверка разности с восьмизначным числом<br/>        (&#x27;100000001&#x27;, &#x27;1&#x27;, &#x27;100000000.00&#x27;),    # Проверка разности с восьмизначным числом + 1<br/>        (&#x27;3.14&#x27;, &#x27;2.86&#x27;, &#x27;0.28&#x27;),              # Проверка вычитания чисел с десятичной частью<br/>        (&#x27;5.42&#x27;, &#x27;3.26565&#x27;, &#x27;2.15&#x27;),  # Проверка вычитания чисел с использованием десятичной дроби и большого количества знаков после запятой<br/>        (&#x27;-1.5&#x27;, &#x27;-2.7&#x27;, &#x27;1.20&#x27;),     # Проверка вычитания чисел с использованием отрицательных десятичных дробей<br/>        (&#x27;5&#x27;, &#x27;0&#x27;, &#x27;5.00&#x27;),           # Проверка вычитания чисел, где одно из них равно нулю<br/>        (&#x27;000123.46&#x27;, &#x27;0.456&#x27;, &#x27;123.00&#x27;),  # Проверка вычитания чисел, где одно из чисел имеет ведущие нули<br/>        (&#x27;3e7&#x27;, &#x27;2e6&#x27;, &#x27;28000000.00&#x27;),  # Проверка вычитания чисел с использованием чисел в экспоненциальной записи<br/>    ])<br/>    def test_subtraction_positive(self, calculator_page, left_operand, right_operand, expected_result):<br/>        calculator_page.perform_subtraction(left_operand, right_operand)<br/>&gt;       calculator_page.verify_result(expected_result)<br/><br/>tests\test_subtraction.py:31: <br/>_ _ _ _ _ _ _ _ _ _ _ _ _ _ _ _ _ _ _ _ _ _ _ _ _ _ _ _ _ _ _ _ _ _ _ _ _ _ _ _ <br/><br/>self = &lt;pages.calculator_page.CalculatorPage object at 0x000002B1E5E6DE50&gt;, expected_result = &#x27;28000000.00&#x27;<br/><br/>    def verify_result(self, expected_result):<br/>        # Проверяет, что ответ совпадает с ожидаемым (число после знака =)<br/>        result = self.get_result_after_equal_sign()<br/>&gt;       assert result == expected_result, f&#x27;Ожидаемый результат {expected_result} отличается от фактического {result}&#x27;<br/><span class="error">E       AssertionError: Ожидаемый результат 28000000.00 отличается от фактического 64000000.00</span><br/><br/>pages\calculator_page.py:69: AssertionError<br/></div></td></tr></tbody>
      <tbody class="passed results-table-row">
        <tr>
          <td class="col-result">Passed</td>
          <td class="col-name">tests/test_addition.py::TestCalculatorAddition::test_addition_positive[2-5-7.00]</td>
          <td class="col-duration">19.82</td>
          <td class="col-links"></td></tr>
        <tr>
          <td class="extra" colspan="4">
            <div class="empty log">No log output captured.</div></td></tr></tbody>
      <tbody class="passed results-table-row">
        <tr>
          <td class="col-result">Passed</td>
          <td class="col-name">tests/test_addition.py::TestCalculatorAddition::test_addition_positive[-2--5--7.00]</td>
          <td class="col-duration">5.51</td>
          <td class="col-links"></td></tr>
        <tr>
          <td class="extra" colspan="4">
            <div class="empty log">No log output captured.</div></td></tr></tbody>
      <tbody class="passed results-table-row">
        <tr>
          <td class="col-result">Passed</td>
          <td class="col-name">tests/test_addition.py::TestCalculatorAddition::test_addition_positive[2--5--3.00]</td>
          <td class="col-duration">5.40</td>
          <td class="col-links"></td></tr>
        <tr>
          <td class="extra" colspan="4">
            <div class="empty log">No log output captured.</div></td></tr></tbody>
      <tbody class="passed results-table-row">
        <tr>
          <td class="col-result">Passed</td>
          <td class="col-name">tests/test_addition.py::TestCalculatorAddition::test_addition_positive[0-5-5.00]</td>
          <td class="col-duration">5.38</td>
          <td class="col-links"></td></tr>
        <tr>
          <td class="extra" colspan="4">
            <div class="empty log">No log output captured.</div></td></tr></tbody>
      <tbody class="passed results-table-row">
        <tr>
          <td class="col-result">Passed</td>
          <td class="col-name">tests/test_addition.py::TestCalculatorAddition::test_addition_positive[2-2-4.00]</td>
          <td class="col-duration">5.36</td>
          <td class="col-links"></td></tr>
        <tr>
          <td class="extra" colspan="4">
            <div class="empty log">No log output captured.</div></td></tr></tbody>
      <tbody class="passed results-table-row">
        <tr>
          <td class="col-result">Passed</td>
          <td class="col-name">tests/test_addition.py::TestCalculatorAddition::test_addition_positive[99999999-1-100000000.00]</td>
          <td class="col-duration">5.41</td>
          <td class="col-links"></td></tr>
        <tr>
          <td class="extra" colspan="4">
            <div class="empty log">No log output captured.</div></td></tr></tbody>
      <tbody class="passed results-table-row">
        <tr>
          <td class="col-result">Passed</td>
          <td class="col-name">tests/test_addition.py::TestCalculatorAddition::test_addition_positive[3.14-2.86-6.00]</td>
          <td class="col-duration">5.41</td>
          <td class="col-links"></td></tr>
        <tr>
          <td class="extra" colspan="4">
            <div class="empty log">No log output captured.</div></td></tr></tbody>
      <tbody class="passed results-table-row">
        <tr>
          <td class="col-result">Passed</td>
          <td class="col-name">tests/test_addition.py::TestCalculatorAddition::test_addition_positive[2.14555-3.26565-5.41]</td>
          <td class="col-duration">5.33</td>
          <td class="col-links"></td></tr>
        <tr>
          <td class="extra" colspan="4">
            <div class="empty log">No log output captured.</div></td></tr></tbody>
      <tbody class="passed results-table-row">
        <tr>
          <td class="col-result">Passed</td>
          <td class="col-name">tests/test_addition.py::TestCalculatorAddition::test_addition_positive[-1.5--2.7--4.20]</td>
          <td class="col-duration">4.87</td>
          <td class="col-links"></td></tr>
        <tr>
          <td class="extra" colspan="4">
            <div class="empty log">No log output captured.</div></td></tr></tbody>
      <tbody class="passed results-table-row">
        <tr>
          <td class="col-result">Passed</td>
          <td class="col-name">tests/test_addition.py::TestCalculatorAddition::test_addition_positive[5-0-5.00]</td>
          <td class="col-duration">5.37</td>
          <td class="col-links"></td></tr>
        <tr>
          <td class="extra" colspan="4">
            <div class="empty log">No log output captured.</div></td></tr></tbody>
      <tbody class="passed results-table-row">
        <tr>
          <td class="col-result">Passed</td>
          <td class="col-name">tests/test_addition.py::TestCalculatorAddition::test_addition_positive[00123-0.456-123.46]</td>
          <td class="col-duration">5.37</td>
          <td class="col-links"></td></tr>
        <tr>
          <td class="extra" colspan="4">
            <div class="empty log">No log output captured.</div></td></tr></tbody>
      <tbody class="passed results-table-row">
        <tr>
          <td class="col-result">Passed</td>
          <td class="col-name">tests/test_addition.py::TestCalculatorAddition::test_addition_positive[2e6-3e7-32000000.00]</td>
          <td class="col-duration">5.48</td>
          <td class="col-links"></td></tr>
        <tr>
          <td class="extra" colspan="4">
            <div class="empty log">No log output captured.</div></td></tr></tbody>
      <tbody class="passed results-table-row">
        <tr>
          <td class="col-result">Passed</td>
          <td class="col-name">tests/test_addition.py::TestCalculatorAddition::test_addition_with_invalid_input[2.5-abc]</td>
          <td class="col-duration">5.36</td>
          <td class="col-links"></td></tr>
        <tr>
          <td class="extra" colspan="4">
            <div class="empty log">No log output captured.</div></td></tr></tbody>
      <tbody class="passed results-table-row">
        <tr>
          <td class="col-result">Passed</td>
          <td class="col-name">tests/test_addition.py::TestCalculatorAddition::test_addition_with_invalid_input[2.5-2.7.8]</td>
          <td class="col-duration">5.36</td>
          <td class="col-links"></td></tr>
        <tr>
          <td class="extra" colspan="4">
            <div class="empty log">No log output captured.</div></td></tr></tbody>
      <tbody class="passed results-table-row">
        <tr>
          <td class="col-result">Passed</td>
          <td class="col-name">tests/test_addition.py::TestCalculatorAddition::test_addition_with_invalid_input[1,000-2.50]</td>
          <td class="col-duration">5.33</td>
          <td class="col-links"></td></tr>
        <tr>
          <td class="extra" colspan="4">
            <div class="empty log">No log output captured.</div></td></tr></tbody>
      <tbody class="passed results-table-row">
        <tr>
          <td class="col-result">Passed</td>
          <td class="col-name">tests/test_addition.py::TestCalculatorAddition::test_addition_with_invalid_input[-]</td>
          <td class="col-duration">5.94</td>
          <td class="col-links"></td></tr>
        <tr>
          <td class="extra" colspan="4">
            <div class="empty log">No log output captured.</div></td></tr></tbody>
      <tbody class="passed results-table-row">
        <tr>
          <td class="col-result">Passed</td>
          <td class="col-name">tests/test_addition.py::TestCalculatorAddition::test_addition_with_invalid_input[-1]</td>
          <td class="col-duration">5.35</td>
          <td class="col-links"></td></tr>
        <tr>
          <td class="extra" colspan="4">
            <div class="empty log">No log output captured.</div></td></tr></tbody>
      <tbody class="passed results-table-row">
        <tr>
          <td class="col-result">Passed</td>
          <td class="col-name">tests/test_addition.py::TestCalculatorAddition::test_addition_with_invalid_input[ - ]</td>
          <td class="col-duration">5.38</td>
          <td class="col-links"></td></tr>
        <tr>
          <td class="extra" colspan="4">
            <div class="empty log">No log output captured.</div></td></tr></tbody>
      <tbody class="passed results-table-row">
        <tr>
          <td class="col-result">Passed</td>
          <td class="col-name">tests/test_addition.py::TestCalculatorAddition::test_addition_with_invalid_input[ -1]</td>
          <td class="col-duration">5.31</td>
          <td class="col-links"></td></tr>
        <tr>
          <td class="extra" colspan="4">
            <div class="empty log">No log output captured.</div></td></tr></tbody>
      <tbody class="passed results-table-row">
        <tr>
          <td class="col-result">Passed</td>
          <td class="col-name">tests/test_addition.py::TestCalculatorAddition::test_addition_with_invalid_input[10.50$-5.25]</td>
          <td class="col-duration">5.32</td>
          <td class="col-links"></td></tr>
        <tr>
          <td class="extra" colspan="4">
            <div class="empty log">No log output captured.</div></td></tr></tbody>
      <tbody class="passed results-table-row">
        <tr>
          <td class="col-result">Passed</td>
          <td class="col-name">tests/test_calculator_page.py::TestCalculatorPage::test_input_fields_exist</td>
          <td class="col-duration">0.08</td>
          <td class="col-links"></td></tr>
        <tr>
          <td class="extra" colspan="4">
            <div class="empty log">No log output captured.</div></td></tr></tbody>
      <tbody class="passed results-table-row">
        <tr>
          <td class="col-result">Passed</td>
          <td class="col-name">tests/test_calculator_page.py::TestCalculatorPage::test_operation_buttons_exist</td>
          <td class="col-duration">0.20</td>
          <td class="col-links"></td></tr>
        <tr>
          <td class="extra" colspan="4">
            <div class="empty log">No log output captured.</div></td></tr></tbody>
      <tbody class="passed results-table-row">
        <tr>
          <td class="col-result">Passed</td>
          <td class="col-name">tests/test_calculator_page.py::TestCalculatorPage::test_result_field_exist</td>
          <td class="col-duration">0.07</td>
          <td class="col-links"></td></tr>
        <tr>
          <td class="extra" colspan="4">
            <div class="empty log">No log output captured.</div></td></tr></tbody>
      <tbody class="passed results-table-row">
        <tr>
          <td class="col-result">Passed</td>
          <td class="col-name">tests/test_division.py::TestCalculatorDivision::test_division_positive[10-2-5.00]</td>
          <td class="col-duration">2.78</td>
          <td class="col-links"></td></tr>
        <tr>
          <td class="extra" colspan="4">
            <div class="empty log">No log output captured.</div></td></tr></tbody>
      <tbody class="passed results-table-row">
        <tr>
          <td class="col-result">Passed</td>
          <td class="col-name">tests/test_division.py::TestCalculatorDivision::test_division_positive[10-3-3.33]</td>
          <td class="col-duration">2.66</td>
          <td class="col-links"></td></tr>
        <tr>
          <td class="extra" colspan="4">
            <div class="empty log">No log output captured.</div></td></tr></tbody>
      <tbody class="passed results-table-row">
        <tr>
          <td class="col-result">Passed</td>
          <td class="col-name">tests/test_division.py::TestCalculatorDivision::test_division_positive[-10--2-5.00]</td>
          <td class="col-duration">2.69</td>
          <td class="col-links"></td></tr>
        <tr>
          <td class="extra" colspan="4">
            <div class="empty log">No log output captured.</div></td></tr></tbody>
      <tbody class="passed results-table-row">
        <tr>
          <td class="col-result">Passed</td>
          <td class="col-name">tests/test_division.py::TestCalculatorDivision::test_division_positive[-10-3--3.33]</td>
          <td class="col-duration">2.65</td>
          <td class="col-links"></td></tr>
        <tr>
          <td class="extra" colspan="4">
            <div class="empty log">No log output captured.</div></td></tr></tbody>
      <tbody class="passed results-table-row">
        <tr>
          <td class="col-result">Passed</td>
          <td class="col-name">tests/test_division.py::TestCalculatorDivision::test_division_positive[0-5-0.00]</td>
          <td class="col-duration">2.71</td>
          <td class="col-links"></td></tr>
        <tr>
          <td class="extra" colspan="4">
            <div class="empty log">No log output captured.</div></td></tr></tbody>
      <tbody class="passed results-table-row">
        <tr>
          <td class="col-result">Passed</td>
          <td class="col-name">tests/test_division.py::TestCalculatorDivision::test_division_positive[100000000-2-50000000.00]</td>
          <td class="col-duration">2.69</td>
          <td class="col-links"></td></tr>
        <tr>
          <td class="extra" colspan="4">
            <div class="empty log">No log output captured.</div></td></tr></tbody>
      <tbody class="passed results-table-row">
        <tr>
          <td class="col-result">Passed</td>
          <td class="col-name">tests/test_division.py::TestCalculatorDivision::test_division_positive[5-0-Infinity]</td>
          <td class="col-duration">2.76</td>
          <td class="col-links"></td></tr>
        <tr>
          <td class="extra" colspan="4">
            <div class="empty log">No log output captured.</div></td></tr></tbody>
      <tbody class="passed results-table-row">
        <tr>
          <td class="col-result">Passed</td>
          <td class="col-name">tests/test_division.py::TestCalculatorDivision::test_division_positive[-5-0--Infinity]</td>
          <td class="col-duration">2.68</td>
          <td class="col-links"></td></tr>
        <tr>
          <td class="extra" colspan="4">
            <div class="empty log">No log output captured.</div></td></tr></tbody>
      <tbody class="passed results-table-row">
        <tr>
          <td class="col-result">Passed</td>
          <td class="col-name">tests/test_division.py::TestCalculatorDivision::test_division_positive[10-2.5-4.00]</td>
          <td class="col-duration">2.67</td>
          <td class="col-links"></td></tr>
        <tr>
          <td class="extra" colspan="4">
            <div class="empty log">No log output captured.</div></td></tr></tbody>
      <tbody class="passed results-table-row">
        <tr>
          <td class="col-result">Passed</td>
          <td class="col-name">tests/test_division.py::TestCalculatorDivision::test_division_positive[10--2.5--4.00]</td>
          <td class="col-duration">3.20</td>
          <td class="col-links"></td></tr>
        <tr>
          <td class="extra" colspan="4">
            <div class="empty log">No log output captured.</div></td></tr></tbody>
      <tbody class="passed results-table-row">
        <tr>
          <td class="col-result">Passed</td>
          <td class="col-name">tests/test_division.py::TestCalculatorDivision::test_division_positive[-10-2.5--4.00]</td>
          <td class="col-duration">2.67</td>
          <td class="col-links"></td></tr>
        <tr>
          <td class="extra" colspan="4">
            <div class="empty log">No log output captured.</div></td></tr></tbody>
      <tbody class="passed results-table-row">
        <tr>
          <td class="col-result">Passed</td>
          <td class="col-name">tests/test_division.py::TestCalculatorDivision::test_division_positive[-10--2.5-4.00]</td>
          <td class="col-duration">2.66</td>
          <td class="col-links"></td></tr>
        <tr>
          <td class="extra" colspan="4">
            <div class="empty log">No log output captured.</div></td></tr></tbody>
      <tbody class="passed results-table-row">
        <tr>
          <td class="col-result">Passed</td>
          <td class="col-name">tests/test_division.py::TestCalculatorDivision::test_division_with_invalid_input[2.5-abc]</td>
          <td class="col-duration">5.43</td>
          <td class="col-links"></td></tr>
        <tr>
          <td class="extra" colspan="4">
            <div class="empty log">No log output captured.</div></td></tr></tbody>
      <tbody class="passed results-table-row">
        <tr>
          <td class="col-result">Passed</td>
          <td class="col-name">tests/test_division.py::TestCalculatorDivision::test_division_with_invalid_input[2.5-2.7.8]</td>
          <td class="col-duration">5.29</td>
          <td class="col-links"></td></tr>
        <tr>
          <td class="extra" colspan="4">
            <div class="empty log">No log output captured.</div></td></tr></tbody>
      <tbody class="passed results-table-row">
        <tr>
          <td class="col-result">Passed</td>
          <td class="col-name">tests/test_division.py::TestCalculatorDivision::test_division_with_invalid_input[1,000-2.50]</td>
          <td class="col-duration">5.33</td>
          <td class="col-links"></td></tr>
        <tr>
          <td class="extra" colspan="4">
            <div class="empty log">No log output captured.</div></td></tr></tbody>
      <tbody class="passed results-table-row">
        <tr>
          <td class="col-result">Passed</td>
          <td class="col-name">tests/test_division.py::TestCalculatorDivision::test_division_with_invalid_input[-]</td>
          <td class="col-duration">5.28</td>
          <td class="col-links"></td></tr>
        <tr>
          <td class="extra" colspan="4">
            <div class="empty log">No log output captured.</div></td></tr></tbody>
      <tbody class="passed results-table-row">
        <tr>
          <td class="col-result">Passed</td>
          <td class="col-name">tests/test_division.py::TestCalculatorDivision::test_division_with_invalid_input[-1]</td>
          <td class="col-duration">5.33</td>
          <td class="col-links"></td></tr>
        <tr>
          <td class="extra" colspan="4">
            <div class="empty log">No log output captured.</div></td></tr></tbody>
      <tbody class="passed results-table-row">
        <tr>
          <td class="col-result">Passed</td>
          <td class="col-name">tests/test_division.py::TestCalculatorDivision::test_division_with_invalid_input[ - ]</td>
          <td class="col-duration">5.31</td>
          <td class="col-links"></td></tr>
        <tr>
          <td class="extra" colspan="4">
            <div class="empty log">No log output captured.</div></td></tr></tbody>
      <tbody class="passed results-table-row">
        <tr>
          <td class="col-result">Passed</td>
          <td class="col-name">tests/test_division.py::TestCalculatorDivision::test_division_with_invalid_input[ -1]</td>
          <td class="col-duration">5.32</td>
          <td class="col-links"></td></tr>
        <tr>
          <td class="extra" colspan="4">
            <div class="empty log">No log output captured.</div></td></tr></tbody>
      <tbody class="passed results-table-row">
        <tr>
          <td class="col-result">Passed</td>
          <td class="col-name">tests/test_division.py::TestCalculatorDivision::test_division_with_invalid_input[10.50$-5.25]</td>
          <td class="col-duration">5.32</td>
          <td class="col-links"></td></tr>
        <tr>
          <td class="extra" colspan="4">
            <div class="empty log">No log output captured.</div></td></tr></tbody>
      <tbody class="passed results-table-row">
        <tr>
          <td class="col-result">Passed</td>
          <td class="col-name">tests/test_input_fields.py::TestCalculatorInputFields::test_integer_input_fields</td>
          <td class="col-duration">2.15</td>
          <td class="col-links"></td></tr>
        <tr>
          <td class="extra" colspan="4">
            <div class="empty log">No log output captured.</div></td></tr></tbody>
      <tbody class="passed results-table-row">
        <tr>
          <td class="col-result">Passed</td>
          <td class="col-name">tests/test_input_fields.py::TestCalculatorInputFields::test_very_large_number_input</td>
          <td class="col-duration">2.15</td>
          <td class="col-links"></td></tr>
        <tr>
          <td class="extra" colspan="4">
            <div class="empty log">No log output captured.</div></td></tr></tbody>
      <tbody class="passed results-table-row">
        <tr>
          <td class="col-result">Passed</td>
          <td class="col-name">tests/test_input_fields.py::TestCalculatorInputFields::test_decimal_number_input</td>
          <td class="col-duration">2.13</td>
          <td class="col-links"></td></tr>
        <tr>
          <td class="extra" colspan="4">
            <div class="empty log">No log output captured.</div></td></tr></tbody>
      <tbody class="passed results-table-row">
        <tr>
          <td class="col-result">Passed</td>
          <td class="col-name">tests/test_input_fields.py::TestCalculatorInputFields::test_negative_number_input</td>
          <td class="col-duration">2.60</td>
          <td class="col-links"></td></tr>
        <tr>
          <td class="extra" colspan="4">
            <div class="empty log">No log output captured.</div></td></tr></tbody>
      <tbody class="passed results-table-row">
        <tr>
          <td class="col-result">Passed</td>
          <td class="col-name">tests/test_input_fields.py::TestCalculatorInputFields::test_zero_input</td>
          <td class="col-duration">2.14</td>
          <td class="col-links"></td></tr>
        <tr>
          <td class="extra" colspan="4">
            <div class="empty log">No log output captured.</div></td></tr></tbody>
      <tbody class="passed results-table-row">
        <tr>
          <td class="col-result">Passed</td>
          <td class="col-name">tests/test_multiplication.py::TestCalculatorMultiplication::test_multiplication_positive[2-5-10.00]</td>
          <td class="col-duration">5.43</td>
          <td class="col-links"></td></tr>
        <tr>
          <td class="extra" colspan="4">
            <div class="empty log">No log output captured.</div></td></tr></tbody>
      <tbody class="passed results-table-row">
        <tr>
          <td class="col-result">Passed</td>
          <td class="col-name">tests/test_multiplication.py::TestCalculatorMultiplication::test_multiplication_positive[-2--5-10.00]</td>
          <td class="col-duration">5.33</td>
          <td class="col-links"></td></tr>
        <tr>
          <td class="extra" colspan="4">
            <div class="empty log">No log output captured.</div></td></tr></tbody>
      <tbody class="passed results-table-row">
        <tr>
          <td class="col-result">Passed</td>
          <td class="col-name">tests/test_multiplication.py::TestCalculatorMultiplication::test_multiplication_positive[2--5--10.00]</td>
          <td class="col-duration">5.31</td>
          <td class="col-links"></td></tr>
        <tr>
          <td class="extra" colspan="4">
            <div class="empty log">No log output captured.</div></td></tr></tbody>
      <tbody class="passed results-table-row">
        <tr>
          <td class="col-result">Passed</td>
          <td class="col-name">tests/test_multiplication.py::TestCalculatorMultiplication::test_multiplication_positive[0-5-0.00]</td>
          <td class="col-duration">5.31</td>
          <td class="col-links"></td></tr>
        <tr>
          <td class="extra" colspan="4">
            <div class="empty log">No log output captured.</div></td></tr></tbody>
      <tbody class="passed results-table-row">
        <tr>
          <td class="col-result">Passed</td>
          <td class="col-name">tests/test_multiplication.py::TestCalculatorMultiplication::test_multiplication_positive[2-0-0.00]</td>
          <td class="col-duration">5.28</td>
          <td class="col-links"></td></tr>
        <tr>
          <td class="extra" colspan="4">
            <div class="empty log">No log output captured.</div></td></tr></tbody>
      <tbody class="passed results-table-row">
        <tr>
          <td class="col-result">Passed</td>
          <td class="col-name">tests/test_multiplication.py::TestCalculatorMultiplication::test_multiplication_positive[2-2-4.00]</td>
          <td class="col-duration">5.32</td>
          <td class="col-links"></td></tr>
        <tr>
          <td class="extra" colspan="4">
            <div class="empty log">No log output captured.</div></td></tr></tbody>
      <tbody class="passed results-table-row">
        <tr>
          <td class="col-result">Passed</td>
          <td class="col-name">tests/test_multiplication.py::TestCalculatorMultiplication::test_multiplication_positive[100000000-2-200000000.00]</td>
          <td class="col-duration">5.28</td>
          <td class="col-links"></td></tr>
        <tr>
          <td class="extra" colspan="4">
            <div class="empty log">No log output captured.</div></td></tr></tbody>
      <tbody class="passed results-table-row">
        <tr>
          <td class="col-result">Passed</td>
          <td class="col-name">tests/test_multiplication.py::TestCalculatorMultiplication::test_multiplication_positive[3.14-2.5-7.85]</td>
          <td class="col-duration">5.40</td>
          <td class="col-links"></td></tr>
        <tr>
          <td class="extra" colspan="4">
            <div class="empty log">No log output captured.</div></td></tr></tbody>
      <tbody class="passed results-table-row">
        <tr>
          <td class="col-result">Passed</td>
          <td class="col-name">tests/test_multiplication.py::TestCalculatorMultiplication::test_multiplication_positive[2.14555-3.26565-7.01]</td>
          <td class="col-duration">5.49</td>
          <td class="col-links"></td></tr>
        <tr>
          <td class="extra" colspan="4">
            <div class="empty log">No log output captured.</div></td></tr></tbody>
      <tbody class="passed results-table-row">
        <tr>
          <td class="col-result">Passed</td>
          <td class="col-name">tests/test_multiplication.py::TestCalculatorMultiplication::test_multiplication_positive[-1.5--2.7-4.05]</td>
          <td class="col-duration">5.33</td>
          <td class="col-links"></td></tr>
        <tr>
          <td class="extra" colspan="4">
            <div class="empty log">No log output captured.</div></td></tr></tbody>
      <tbody class="passed results-table-row">
        <tr>
          <td class="col-result">Passed</td>
          <td class="col-name">tests/test_multiplication.py::TestCalculatorMultiplication::test_multiplication_positive[00123-0.456-56.09]</td>
          <td class="col-duration">5.31</td>
          <td class="col-links"></td></tr>
        <tr>
          <td class="extra" colspan="4">
            <div class="empty log">No log output captured.</div></td></tr></tbody>
      <tbody class="passed results-table-row">
        <tr>
          <td class="col-result">Passed</td>
          <td class="col-name">tests/test_multiplication.py::TestCalculatorMultiplication::test_multiplication_with_invalid_input[2.5-abc]</td>
          <td class="col-duration">5.32</td>
          <td class="col-links"></td></tr>
        <tr>
          <td class="extra" colspan="4">
            <div class="empty log">No log output captured.</div></td></tr></tbody>
      <tbody class="passed results-table-row">
        <tr>
          <td class="col-result">Passed</td>
          <td class="col-name">tests/test_multiplication.py::TestCalculatorMultiplication::test_multiplication_with_invalid_input[2.5-2.7.8]</td>
          <td class="col-duration">5.32</td>
          <td class="col-links"></td></tr>
        <tr>
          <td class="extra" colspan="4">
            <div class="empty log">No log output captured.</div></td></tr></tbody>
      <tbody class="passed results-table-row">
        <tr>
          <td class="col-result">Passed</td>
          <td class="col-name">tests/test_multiplication.py::TestCalculatorMultiplication::test_multiplication_with_invalid_input[1,000-2.50]</td>
          <td class="col-duration">5.29</td>
          <td class="col-links"></td></tr>
        <tr>
          <td class="extra" colspan="4">
            <div class="empty log">No log output captured.</div></td></tr></tbody>
      <tbody class="passed results-table-row">
        <tr>
          <td class="col-result">Passed</td>
          <td class="col-name">tests/test_multiplication.py::TestCalculatorMultiplication::test_multiplication_with_invalid_input[-]</td>
          <td class="col-duration">5.31</td>
          <td class="col-links"></td></tr>
        <tr>
          <td class="extra" colspan="4">
            <div class="empty log">No log output captured.</div></td></tr></tbody>
      <tbody class="passed results-table-row">
        <tr>
          <td class="col-result">Passed</td>
          <td class="col-name">tests/test_multiplication.py::TestCalculatorMultiplication::test_multiplication_with_invalid_input[-1]</td>
          <td class="col-duration">5.32</td>
          <td class="col-links"></td></tr>
        <tr>
          <td class="extra" colspan="4">
            <div class="empty log">No log output captured.</div></td></tr></tbody>
      <tbody class="passed results-table-row">
        <tr>
          <td class="col-result">Passed</td>
          <td class="col-name">tests/test_multiplication.py::TestCalculatorMultiplication::test_multiplication_with_invalid_input[ - ]</td>
          <td class="col-duration">5.33</td>
          <td class="col-links"></td></tr>
        <tr>
          <td class="extra" colspan="4">
            <div class="empty log">No log output captured.</div></td></tr></tbody>
      <tbody class="passed results-table-row">
        <tr>
          <td class="col-result">Passed</td>
          <td class="col-name">tests/test_multiplication.py::TestCalculatorMultiplication::test_multiplication_with_invalid_input[ -1]</td>
          <td class="col-duration">5.25</td>
          <td class="col-links"></td></tr>
        <tr>
          <td class="extra" colspan="4">
            <div class="empty log">No log output captured.</div></td></tr></tbody>
      <tbody class="passed results-table-row">
        <tr>
          <td class="col-result">Passed</td>
          <td class="col-name">tests/test_multiplication.py::TestCalculatorMultiplication::test_multiplication_with_invalid_input[10.50$-5.25]</td>
          <td class="col-duration">5.30</td>
          <td class="col-links"></td></tr>
        <tr>
          <td class="extra" colspan="4">
            <div class="empty log">No log output captured.</div></td></tr></tbody>
      <tbody class="passed results-table-row">
        <tr>
          <td class="col-result">Passed</td>
          <td class="col-name">tests/test_reset_button.py::TestResetButton::test_reset_button_resets_input_fields[4-2]</td>
          <td class="col-duration">3.10</td>
          <td class="col-links"></td></tr>
        <tr>
          <td class="extra" colspan="4">
            <div class="empty log">No log output captured.</div></td></tr></tbody>
      <tbody class="passed results-table-row">
        <tr>
          <td class="col-result">Passed</td>
          <td class="col-name">tests/test_reset_button.py::TestResetButton::test_reset_button_resets_input_fields[10.05-5.54]</td>
          <td class="col-duration">2.69</td>
          <td class="col-links"></td></tr>
        <tr>
          <td class="extra" colspan="4">
            <div class="empty log">No log output captured.</div></td></tr></tbody>
      <tbody class="passed results-table-row">
        <tr>
          <td class="col-result">Passed</td>
          <td class="col-name">tests/test_reset_button.py::TestResetButton::test_reset_button_resets_input_fields[-8.00-4.00]</td>
          <td class="col-duration">2.67</td>
          <td class="col-links"></td></tr>
        <tr>
          <td class="extra" colspan="4">
            <div class="empty log">No log output captured.</div></td></tr></tbody>
      <tbody class="passed results-table-row">
        <tr>
          <td class="col-result">Passed</td>
          <td class="col-name">tests/test_reset_button.py::TestResetButton::test_reset_button_resets_input_fields[10.50$-5.25]</td>
          <td class="col-duration">2.71</td>
          <td class="col-links"></td></tr>
        <tr>
          <td class="extra" colspan="4">
            <div class="empty log">No log output captured.</div></td></tr></tbody>
      <tbody class="passed results-table-row">
        <tr>
          <td class="col-result">Passed</td>
          <td class="col-name">tests/test_reset_button.py::TestResetButton::test_reset_button_resets_input_fields_after_addition[4-2]</td>
          <td class="col-duration">3.32</td>
          <td class="col-links"></td></tr>
        <tr>
          <td class="extra" colspan="4">
            <div class="empty log">No log output captured.</div></td></tr></tbody>
      <tbody class="passed results-table-row">
        <tr>
          <td class="col-result">Passed</td>
          <td class="col-name">tests/test_reset_button.py::TestResetButton::test_reset_button_resets_input_fields_after_addition[10.05-5.54]</td>
          <td class="col-duration">3.26</td>
          <td class="col-links"></td></tr>
        <tr>
          <td class="extra" colspan="4">
            <div class="empty log">No log output captured.</div></td></tr></tbody>
      <tbody class="passed results-table-row">
        <tr>
          <td class="col-result">Passed</td>
          <td class="col-name">tests/test_reset_button.py::TestResetButton::test_reset_button_resets_input_fields_after_addition[-8.00-4.00]</td>
          <td class="col-duration">3.23</td>
          <td class="col-links"></td></tr>
        <tr>
          <td class="extra" colspan="4">
            <div class="empty log">No log output captured.</div></td></tr></tbody>
      <tbody class="passed results-table-row">
        <tr>
          <td class="col-result">Passed</td>
          <td class="col-name">tests/test_reset_button.py::TestResetButton::test_reset_button_resets_input_fields_after_addition[10.50$-5.25]</td>
          <td class="col-duration">3.34</td>
          <td class="col-links"></td></tr>
        <tr>
          <td class="extra" colspan="4">
            <div class="empty log">No log output captured.</div></td></tr></tbody>
      <tbody class="passed results-table-row">
        <tr>
          <td class="col-result">Passed</td>
          <td class="col-name">tests/test_reset_button.py::TestResetButton::test_reset_button_resets_input_fields_after_subtraction[4-2]</td>
          <td class="col-duration">3.31</td>
          <td class="col-links"></td></tr>
        <tr>
          <td class="extra" colspan="4">
            <div class="empty log">No log output captured.</div></td></tr></tbody>
      <tbody class="passed results-table-row">
        <tr>
          <td class="col-result">Passed</td>
          <td class="col-name">tests/test_reset_button.py::TestResetButton::test_reset_button_resets_input_fields_after_subtraction[10.05-5.54]</td>
          <td class="col-duration">3.22</td>
          <td class="col-links"></td></tr>
        <tr>
          <td class="extra" colspan="4">
            <div class="empty log">No log output captured.</div></td></tr></tbody>
      <tbody class="passed results-table-row">
        <tr>
          <td class="col-result">Passed</td>
          <td class="col-name">tests/test_reset_button.py::TestResetButton::test_reset_button_resets_input_fields_after_subtraction[-8.00-4.00]</td>
          <td class="col-duration">3.23</td>
          <td class="col-links"></td></tr>
        <tr>
          <td class="extra" colspan="4">
            <div class="empty log">No log output captured.</div></td></tr></tbody>
      <tbody class="passed results-table-row">
        <tr>
          <td class="col-result">Passed</td>
          <td class="col-name">tests/test_reset_button.py::TestResetButton::test_reset_button_resets_input_fields_after_subtraction[10.50$-5.25]</td>
          <td class="col-duration">3.31</td>
          <td class="col-links"></td></tr>
        <tr>
          <td class="extra" colspan="4">
            <div class="empty log">No log output captured.</div></td></tr></tbody>
      <tbody class="passed results-table-row">
        <tr>
          <td class="col-result">Passed</td>
          <td class="col-name">tests/test_reset_button.py::TestResetButton::test_reset_button_resets_input_fields_after_multiplication[4-2]</td>
          <td class="col-duration">3.34</td>
          <td class="col-links"></td></tr>
        <tr>
          <td class="extra" colspan="4">
            <div class="empty log">No log output captured.</div></td></tr></tbody>
      <tbody class="passed results-table-row">
        <tr>
          <td class="col-result">Passed</td>
          <td class="col-name">tests/test_reset_button.py::TestResetButton::test_reset_button_resets_input_fields_after_multiplication[10.05-5.54]</td>
          <td class="col-duration">3.24</td>
          <td class="col-links"></td></tr>
        <tr>
          <td class="extra" colspan="4">
            <div class="empty log">No log output captured.</div></td></tr></tbody>
      <tbody class="passed results-table-row">
        <tr>
          <td class="col-result">Passed</td>
          <td class="col-name">tests/test_reset_button.py::TestResetButton::test_reset_button_resets_input_fields_after_multiplication[-8.00-4.00]</td>
          <td class="col-duration">3.27</td>
          <td class="col-links"></td></tr>
        <tr>
          <td class="extra" colspan="4">
            <div class="empty log">No log output captured.</div></td></tr></tbody>
      <tbody class="passed results-table-row">
        <tr>
          <td class="col-result">Passed</td>
          <td class="col-name">tests/test_reset_button.py::TestResetButton::test_reset_button_resets_input_fields_after_multiplication[10.50$-5.25]</td>
          <td class="col-duration">3.39</td>
          <td class="col-links"></td></tr>
        <tr>
          <td class="extra" colspan="4">
            <div class="empty log">No log output captured.</div></td></tr></tbody>
      <tbody class="passed results-table-row">
        <tr>
          <td class="col-result">Passed</td>
          <td class="col-name">tests/test_reset_button.py::TestResetButton::test_reset_button_resets_input_fields_after_division[4-2]</td>
          <td class="col-duration">3.33</td>
          <td class="col-links"></td></tr>
        <tr>
          <td class="extra" colspan="4">
            <div class="empty log">No log output captured.</div></td></tr></tbody>
      <tbody class="passed results-table-row">
        <tr>
          <td class="col-result">Passed</td>
          <td class="col-name">tests/test_reset_button.py::TestResetButton::test_reset_button_resets_input_fields_after_division[10.05-5.54]</td>
          <td class="col-duration">3.25</td>
          <td class="col-links"></td></tr>
        <tr>
          <td class="extra" colspan="4">
            <div class="empty log">No log output captured.</div></td></tr></tbody>
      <tbody class="passed results-table-row">
        <tr>
          <td class="col-result">Passed</td>
          <td class="col-name">tests/test_reset_button.py::TestResetButton::test_reset_button_resets_input_fields_after_division[-8.00-4.00]</td>
          <td class="col-duration">3.24</td>
          <td class="col-links"></td></tr>
        <tr>
          <td class="extra" colspan="4">
            <div class="empty log">No log output captured.</div></td></tr></tbody>
      <tbody class="passed results-table-row">
        <tr>
          <td class="col-result">Passed</td>
          <td class="col-name">tests/test_reset_button.py::TestResetButton::test_reset_button_resets_input_fields_after_division[10.50$-5.25]</td>
          <td class="col-duration">3.70</td>
          <td class="col-links"></td></tr>
        <tr>
          <td class="extra" colspan="4">
            <div class="empty log">No log output captured.</div></td></tr></tbody>
      <tbody class="passed results-table-row">
        <tr>
          <td class="col-result">Passed</td>
          <td class="col-name">tests/test_result_field.py::TestResultFieldPositive::test_addition_in_result_field[4-2]</td>
          <td class="col-duration">2.74</td>
          <td class="col-links"></td></tr>
        <tr>
          <td class="extra" colspan="4">
            <div class="empty log">No log output captured.</div></td></tr></tbody>
      <tbody class="passed results-table-row">
        <tr>
          <td class="col-result">Passed</td>
          <td class="col-name">tests/test_result_field.py::TestResultFieldPositive::test_addition_in_result_field[10.05-5.54]</td>
          <td class="col-duration">2.90</td>
          <td class="col-links"></td></tr>
        <tr>
          <td class="extra" colspan="4">
            <div class="empty log">No log output captured.</div></td></tr></tbody>
      <tbody class="passed results-table-row">
        <tr>
          <td class="col-result">Passed</td>
          <td class="col-name">tests/test_result_field.py::TestResultFieldPositive::test_addition_in_result_field[-8.00-4.00]</td>
          <td class="col-duration">2.66</td>
          <td class="col-links"></td></tr>
        <tr>
          <td class="extra" colspan="4">
            <div class="empty log">No log output captured.</div></td></tr></tbody>
      <tbody class="passed results-table-row">
        <tr>
          <td class="col-result">Passed</td>
          <td class="col-name">tests/test_result_field.py::TestResultFieldPositive::test_addition_in_result_field[0-4.24]</td>
          <td class="col-duration">2.66</td>
          <td class="col-links"></td></tr>
        <tr>
          <td class="extra" colspan="4">
            <div class="empty log">No log output captured.</div></td></tr></tbody>
      <tbody class="passed results-table-row">
        <tr>
          <td class="col-result">Passed</td>
          <td class="col-name">tests/test_result_field.py::TestResultFieldPositive::test_addition_in_result_field[3.14159-1.41421]</td>
          <td class="col-duration">2.72</td>
          <td class="col-links"></td></tr>
        <tr>
          <td class="extra" colspan="4">
            <div class="empty log">No log output captured.</div></td></tr></tbody>
      <tbody class="passed results-table-row">
        <tr>
          <td class="col-result">Passed</td>
          <td class="col-name">tests/test_result_field.py::TestResultFieldPositive::test_multiplication_in_result_field[4-2]</td>
          <td class="col-duration">2.65</td>
          <td class="col-links"></td></tr>
        <tr>
          <td class="extra" colspan="4">
            <div class="empty log">No log output captured.</div></td></tr></tbody>
      <tbody class="passed results-table-row">
        <tr>
          <td class="col-result">Passed</td>
          <td class="col-name">tests/test_result_field.py::TestResultFieldPositive::test_multiplication_in_result_field[10.05-5.54]</td>
          <td class="col-duration">2.66</td>
          <td class="col-links"></td></tr>
        <tr>
          <td class="extra" colspan="4">
            <div class="empty log">No log output captured.</div></td></tr></tbody>
      <tbody class="passed results-table-row">
        <tr>
          <td class="col-result">Passed</td>
          <td class="col-name">tests/test_result_field.py::TestResultFieldPositive::test_multiplication_in_result_field[-8.00-4.00]</td>
          <td class="col-duration">2.67</td>
          <td class="col-links"></td></tr>
        <tr>
          <td class="extra" colspan="4">
            <div class="empty log">No log output captured.</div></td></tr></tbody>
      <tbody class="passed results-table-row">
        <tr>
          <td class="col-result">Passed</td>
          <td class="col-name">tests/test_result_field.py::TestResultFieldPositive::test_multiplication_in_result_field[0-4.24]</td>
          <td class="col-duration">2.63</td>
          <td class="col-links"></td></tr>
        <tr>
          <td class="extra" colspan="4">
            <div class="empty log">No log output captured.</div></td></tr></tbody>
      <tbody class="passed results-table-row">
        <tr>
          <td class="col-result">Passed</td>
          <td class="col-name">tests/test_result_field.py::TestResultFieldPositive::test_multiplication_in_result_field[3.14159-1.41421]</td>
          <td class="col-duration">2.72</td>
          <td class="col-links"></td></tr>
        <tr>
          <td class="extra" colspan="4">
            <div class="empty log">No log output captured.</div></td></tr></tbody>
      <tbody class="passed results-table-row">
        <tr>
          <td class="col-result">Passed</td>
          <td class="col-name">tests/test_result_field.py::TestResultFieldPositive::test_division_in_result_field[4-2]</td>
          <td class="col-duration">2.66</td>
          <td class="col-links"></td></tr>
        <tr>
          <td class="extra" colspan="4">
            <div class="empty log">No log output captured.</div></td></tr></tbody>
      <tbody class="passed results-table-row">
        <tr>
          <td class="col-result">Passed</td>
          <td class="col-name">tests/test_result_field.py::TestResultFieldPositive::test_division_in_result_field[10.05-5.54]</td>
          <td class="col-duration">2.66</td>
          <td class="col-links"></td></tr>
        <tr>
          <td class="extra" colspan="4">
            <div class="empty log">No log output captured.</div></td></tr></tbody>
      <tbody class="passed results-table-row">
        <tr>
          <td class="col-result">Passed</td>
          <td class="col-name">tests/test_result_field.py::TestResultFieldPositive::test_division_in_result_field[-8.00-4.00]</td>
          <td class="col-duration">2.64</td>
          <td class="col-links"></td></tr>
        <tr>
          <td class="extra" colspan="4">
            <div class="empty log">No log output captured.</div></td></tr></tbody>
      <tbody class="passed results-table-row">
        <tr>
          <td class="col-result">Passed</td>
          <td class="col-name">tests/test_result_field.py::TestResultFieldPositive::test_division_in_result_field[0-4.24]</td>
          <td class="col-duration">2.61</td>
          <td class="col-links"></td></tr>
        <tr>
          <td class="extra" colspan="4">
            <div class="empty log">No log output captured.</div></td></tr></tbody>
      <tbody class="passed results-table-row">
        <tr>
          <td class="col-result">Passed</td>
          <td class="col-name">tests/test_result_field.py::TestResultFieldPositive::test_division_in_result_field[3.14159-1.41421]</td>
          <td class="col-duration">3.19</td>
          <td class="col-links"></td></tr>
        <tr>
          <td class="extra" colspan="4">
            <div class="empty log">No log output captured.</div></td></tr></tbody>
      <tbody class="passed results-table-row">
        <tr>
          <td class="col-result">Passed</td>
          <td class="col-name">tests/test_result_field.py::TestResultFieldNegative::test_addition_in_result_field[2.5-abc]</td>
          <td class="col-duration">2.75</td>
          <td class="col-links"></td></tr>
        <tr>
          <td class="extra" colspan="4">
            <div class="empty log">No log output captured.</div></td></tr></tbody>
      <tbody class="passed results-table-row">
        <tr>
          <td class="col-result">Passed</td>
          <td class="col-name">tests/test_result_field.py::TestResultFieldNegative::test_addition_in_result_field[2.5-2.7.8]</td>
          <td class="col-duration">2.65</td>
          <td class="col-links"></td></tr>
        <tr>
          <td class="extra" colspan="4">
            <div class="empty log">No log output captured.</div></td></tr></tbody>
      <tbody class="passed results-table-row">
        <tr>
          <td class="col-result">Passed</td>
          <td class="col-name">tests/test_result_field.py::TestResultFieldNegative::test_addition_in_result_field[1,000-2.50]</td>
          <td class="col-duration">2.63</td>
          <td class="col-links"></td></tr>
        <tr>
          <td class="extra" colspan="4">
            <div class="empty log">No log output captured.</div></td></tr></tbody>
      <tbody class="passed results-table-row">
        <tr>
          <td class="col-result">Passed</td>
          <td class="col-name">tests/test_result_field.py::TestResultFieldNegative::test_addition_in_result_field[-]</td>
          <td class="col-duration">2.63</td>
          <td class="col-links"></td></tr>
        <tr>
          <td class="extra" colspan="4">
            <div class="empty log">No log output captured.</div></td></tr></tbody>
      <tbody class="passed results-table-row">
        <tr>
          <td class="col-result">Passed</td>
          <td class="col-name">tests/test_result_field.py::TestResultFieldNegative::test_addition_in_result_field[-1]</td>
          <td class="col-duration">2.67</td>
          <td class="col-links"></td></tr>
        <tr>
          <td class="extra" colspan="4">
            <div class="empty log">No log output captured.</div></td></tr></tbody>
      <tbody class="passed results-table-row">
        <tr>
          <td class="col-result">Passed</td>
          <td class="col-name">tests/test_result_field.py::TestResultFieldNegative::test_addition_in_result_field[ - ]</td>
          <td class="col-duration">2.65</td>
          <td class="col-links"></td></tr>
        <tr>
          <td class="extra" colspan="4">
            <div class="empty log">No log output captured.</div></td></tr></tbody>
      <tbody class="passed results-table-row">
        <tr>
          <td class="col-result">Passed</td>
          <td class="col-name">tests/test_result_field.py::TestResultFieldNegative::test_addition_in_result_field[ -1]</td>
          <td class="col-duration">2.67</td>
          <td class="col-links"></td></tr>
        <tr>
          <td class="extra" colspan="4">
            <div class="empty log">No log output captured.</div></td></tr></tbody>
      <tbody class="passed results-table-row">
        <tr>
          <td class="col-result">Passed</td>
          <td class="col-name">tests/test_result_field.py::TestResultFieldNegative::test_addition_in_result_field[10.50$-5.25]</td>
          <td class="col-duration">2.65</td>
          <td class="col-links"></td></tr>
        <tr>
          <td class="extra" colspan="4">
            <div class="empty log">No log output captured.</div></td></tr></tbody>
      <tbody class="passed results-table-row">
        <tr>
          <td class="col-result">Passed</td>
          <td class="col-name">tests/test_result_field.py::TestResultFieldNegative::test_subtraction_in_result_field[2.5-abc]</td>
          <td class="col-duration">2.69</td>
          <td class="col-links"></td></tr>
        <tr>
          <td class="extra" colspan="4">
            <div class="empty log">No log output captured.</div></td></tr></tbody>
      <tbody class="passed results-table-row">
        <tr>
          <td class="col-result">Passed</td>
          <td class="col-name">tests/test_result_field.py::TestResultFieldNegative::test_subtraction_in_result_field[2.5-2.7.8]</td>
          <td class="col-duration">2.66</td>
          <td class="col-links"></td></tr>
        <tr>
          <td class="extra" colspan="4">
            <div class="empty log">No log output captured.</div></td></tr></tbody>
      <tbody class="passed results-table-row">
        <tr>
          <td class="col-result">Passed</td>
          <td class="col-name">tests/test_result_field.py::TestResultFieldNegative::test_subtraction_in_result_field[1,000-2.50]</td>
          <td class="col-duration">2.66</td>
          <td class="col-links"></td></tr>
        <tr>
          <td class="extra" colspan="4">
            <div class="empty log">No log output captured.</div></td></tr></tbody>
      <tbody class="passed results-table-row">
        <tr>
          <td class="col-result">Passed</td>
          <td class="col-name">tests/test_result_field.py::TestResultFieldNegative::test_subtraction_in_result_field[-]</td>
          <td class="col-duration">2.61</td>
          <td class="col-links"></td></tr>
        <tr>
          <td class="extra" colspan="4">
            <div class="empty log">No log output captured.</div></td></tr></tbody>
      <tbody class="passed results-table-row">
        <tr>
          <td class="col-result">Passed</td>
          <td class="col-name">tests/test_result_field.py::TestResultFieldNegative::test_subtraction_in_result_field[-1]</td>
          <td class="col-duration">2.64</td>
          <td class="col-links"></td></tr>
        <tr>
          <td class="extra" colspan="4">
            <div class="empty log">No log output captured.</div></td></tr></tbody>
      <tbody class="passed results-table-row">
        <tr>
          <td class="col-result">Passed</td>
          <td class="col-name">tests/test_result_field.py::TestResultFieldNegative::test_subtraction_in_result_field[ - ]</td>
          <td class="col-duration">2.62</td>
          <td class="col-links"></td></tr>
        <tr>
          <td class="extra" colspan="4">
            <div class="empty log">No log output captured.</div></td></tr></tbody>
      <tbody class="passed results-table-row">
        <tr>
          <td class="col-result">Passed</td>
          <td class="col-name">tests/test_result_field.py::TestResultFieldNegative::test_subtraction_in_result_field[ -1]</td>
          <td class="col-duration">2.62</td>
          <td class="col-links"></td></tr>
        <tr>
          <td class="extra" colspan="4">
            <div class="empty log">No log output captured.</div></td></tr></tbody>
      <tbody class="passed results-table-row">
        <tr>
          <td class="col-result">Passed</td>
          <td class="col-name">tests/test_result_field.py::TestResultFieldNegative::test_subtraction_in_result_field[10.50$-5.25]</td>
          <td class="col-duration">2.63</td>
          <td class="col-links"></td></tr>
        <tr>
          <td class="extra" colspan="4">
            <div class="empty log">No log output captured.</div></td></tr></tbody>
      <tbody class="passed results-table-row">
        <tr>
          <td class="col-result">Passed</td>
          <td class="col-name">tests/test_result_field.py::TestResultFieldNegative::test_multiplication_in_result_field[2.5-abc]</td>
          <td class="col-duration">2.64</td>
          <td class="col-links"></td></tr>
        <tr>
          <td class="extra" colspan="4">
            <div class="empty log">No log output captured.</div></td></tr></tbody>
      <tbody class="passed results-table-row">
        <tr>
          <td class="col-result">Passed</td>
          <td class="col-name">tests/test_result_field.py::TestResultFieldNegative::test_multiplication_in_result_field[2.5-2.7.8]</td>
          <td class="col-duration">2.66</td>
          <td class="col-links"></td></tr>
        <tr>
          <td class="extra" colspan="4">
            <div class="empty log">No log output captured.</div></td></tr></tbody>
      <tbody class="passed results-table-row">
        <tr>
          <td class="col-result">Passed</td>
          <td class="col-name">tests/test_result_field.py::TestResultFieldNegative::test_multiplication_in_result_field[1,000-2.50]</td>
          <td class="col-duration">2.64</td>
          <td class="col-links"></td></tr>
        <tr>
          <td class="extra" colspan="4">
            <div class="empty log">No log output captured.</div></td></tr></tbody>
      <tbody class="passed results-table-row">
        <tr>
          <td class="col-result">Passed</td>
          <td class="col-name">tests/test_result_field.py::TestResultFieldNegative::test_multiplication_in_result_field[-]</td>
          <td class="col-duration">2.64</td>
          <td class="col-links"></td></tr>
        <tr>
          <td class="extra" colspan="4">
            <div class="empty log">No log output captured.</div></td></tr></tbody>
      <tbody class="passed results-table-row">
        <tr>
          <td class="col-result">Passed</td>
          <td class="col-name">tests/test_result_field.py::TestResultFieldNegative::test_multiplication_in_result_field[-1]</td>
          <td class="col-duration">2.65</td>
          <td class="col-links"></td></tr>
        <tr>
          <td class="extra" colspan="4">
            <div class="empty log">No log output captured.</div></td></tr></tbody>
      <tbody class="passed results-table-row">
        <tr>
          <td class="col-result">Passed</td>
          <td class="col-name">tests/test_result_field.py::TestResultFieldNegative::test_multiplication_in_result_field[ - ]</td>
          <td class="col-duration">2.64</td>
          <td class="col-links"></td></tr>
        <tr>
          <td class="extra" colspan="4">
            <div class="empty log">No log output captured.</div></td></tr></tbody>
      <tbody class="passed results-table-row">
        <tr>
          <td class="col-result">Passed</td>
          <td class="col-name">tests/test_result_field.py::TestResultFieldNegative::test_multiplication_in_result_field[ -1]</td>
          <td class="col-duration">3.15</td>
          <td class="col-links"></td></tr>
        <tr>
          <td class="extra" colspan="4">
            <div class="empty log">No log output captured.</div></td></tr></tbody>
      <tbody class="passed results-table-row">
        <tr>
          <td class="col-result">Passed</td>
          <td class="col-name">tests/test_result_field.py::TestResultFieldNegative::test_multiplication_in_result_field[10.50$-5.25]</td>
          <td class="col-duration">2.63</td>
          <td class="col-links"></td></tr>
        <tr>
          <td class="extra" colspan="4">
            <div class="empty log">No log output captured.</div></td></tr></tbody>
      <tbody class="passed results-table-row">
        <tr>
          <td class="col-result">Passed</td>
          <td class="col-name">tests/test_result_field.py::TestResultFieldNegative::test_division_in_result_field[2.5-abc]</td>
          <td class="col-duration">2.64</td>
          <td class="col-links"></td></tr>
        <tr>
          <td class="extra" colspan="4">
            <div class="empty log">No log output captured.</div></td></tr></tbody>
      <tbody class="passed results-table-row">
        <tr>
          <td class="col-result">Passed</td>
          <td class="col-name">tests/test_result_field.py::TestResultFieldNegative::test_division_in_result_field[2.5-2.7.8]</td>
          <td class="col-duration">2.63</td>
          <td class="col-links"></td></tr>
        <tr>
          <td class="extra" colspan="4">
            <div class="empty log">No log output captured.</div></td></tr></tbody>
      <tbody class="passed results-table-row">
        <tr>
          <td class="col-result">Passed</td>
          <td class="col-name">tests/test_result_field.py::TestResultFieldNegative::test_division_in_result_field[1,000-2.50]</td>
          <td class="col-duration">2.61</td>
          <td class="col-links"></td></tr>
        <tr>
          <td class="extra" colspan="4">
            <div class="empty log">No log output captured.</div></td></tr></tbody>
      <tbody class="passed results-table-row">
        <tr>
          <td class="col-result">Passed</td>
          <td class="col-name">tests/test_result_field.py::TestResultFieldNegative::test_division_in_result_field[-]</td>
          <td class="col-duration">2.68</td>
          <td class="col-links"></td></tr>
        <tr>
          <td class="extra" colspan="4">
            <div class="empty log">No log output captured.</div></td></tr></tbody>
      <tbody class="passed results-table-row">
        <tr>
          <td class="col-result">Passed</td>
          <td class="col-name">tests/test_result_field.py::TestResultFieldNegative::test_division_in_result_field[-1]</td>
          <td class="col-duration">2.67</td>
          <td class="col-links"></td></tr>
        <tr>
          <td class="extra" colspan="4">
            <div class="empty log">No log output captured.</div></td></tr></tbody>
      <tbody class="passed results-table-row">
        <tr>
          <td class="col-result">Passed</td>
          <td class="col-name">tests/test_result_field.py::TestResultFieldNegative::test_division_in_result_field[ - ]</td>
          <td class="col-duration">2.67</td>
          <td class="col-links"></td></tr>
        <tr>
          <td class="extra" colspan="4">
            <div class="empty log">No log output captured.</div></td></tr></tbody>
      <tbody class="passed results-table-row">
        <tr>
          <td class="col-result">Passed</td>
          <td class="col-name">tests/test_result_field.py::TestResultFieldNegative::test_division_in_result_field[ -1]</td>
          <td class="col-duration">2.65</td>
          <td class="col-links"></td></tr>
        <tr>
          <td class="extra" colspan="4">
            <div class="empty log">No log output captured.</div></td></tr></tbody>
      <tbody class="passed results-table-row">
        <tr>
          <td class="col-result">Passed</td>
          <td class="col-name">tests/test_result_field.py::TestResultFieldNegative::test_division_in_result_field[10.50$-5.25]</td>
          <td class="col-duration">2.70</td>
          <td class="col-links"></td></tr>
        <tr>
          <td class="extra" colspan="4">
            <div class="empty log">No log output captured.</div></td></tr></tbody>
      <tbody class="passed results-table-row">
        <tr>
          <td class="col-result">Passed</td>
          <td class="col-name">tests/test_subtraction.py::TestCalculatorSubtraction::test_subtraction_with_invalid_input[2.5-abc]</td>
          <td class="col-duration">5.30</td>
          <td class="col-links"></td></tr>
        <tr>
          <td class="extra" colspan="4">
            <div class="empty log">No log output captured.</div></td></tr></tbody>
      <tbody class="passed results-table-row">
        <tr>
          <td class="col-result">Passed</td>
          <td class="col-name">tests/test_subtraction.py::TestCalculatorSubtraction::test_subtraction_with_invalid_input[2.5-2.7.8]</td>
          <td class="col-duration">5.26</td>
          <td class="col-links"></td></tr>
        <tr>
          <td class="extra" colspan="4">
            <div class="empty log">No log output captured.</div></td></tr></tbody>
      <tbody class="passed results-table-row">
        <tr>
          <td class="col-result">Passed</td>
          <td class="col-name">tests/test_subtraction.py::TestCalculatorSubtraction::test_subtraction_with_invalid_input[1,000-2.50]</td>
          <td class="col-duration">5.27</td>
          <td class="col-links"></td></tr>
        <tr>
          <td class="extra" colspan="4">
            <div class="empty log">No log output captured.</div></td></tr></tbody>
      <tbody class="passed results-table-row">
        <tr>
          <td class="col-result">Passed</td>
          <td class="col-name">tests/test_subtraction.py::TestCalculatorSubtraction::test_subtraction_with_invalid_input[-]</td>
          <td class="col-duration">5.26</td>
          <td class="col-links"></td></tr>
        <tr>
          <td class="extra" colspan="4">
            <div class="empty log">No log output captured.</div></td></tr></tbody>
      <tbody class="passed results-table-row">
        <tr>
          <td class="col-result">Passed</td>
          <td class="col-name">tests/test_subtraction.py::TestCalculatorSubtraction::test_subtraction_with_invalid_input[-1]</td>
          <td class="col-duration">5.25</td>
          <td class="col-links"></td></tr>
        <tr>
          <td class="extra" colspan="4">
            <div class="empty log">No log output captured.</div></td></tr></tbody>
      <tbody class="passed results-table-row">
        <tr>
          <td class="col-result">Passed</td>
          <td class="col-name">tests/test_subtraction.py::TestCalculatorSubtraction::test_subtraction_with_invalid_input[ - ]</td>
          <td class="col-duration">5.34</td>
          <td class="col-links"></td></tr>
        <tr>
          <td class="extra" colspan="4">
            <div class="empty log">No log output captured.</div></td></tr></tbody>
      <tbody class="passed results-table-row">
        <tr>
          <td class="col-result">Passed</td>
          <td class="col-name">tests/test_subtraction.py::TestCalculatorSubtraction::test_subtraction_with_invalid_input[ -1]</td>
          <td class="col-duration">5.31</td>
          <td class="col-links"></td></tr>
        <tr>
          <td class="extra" colspan="4">
            <div class="empty log">No log output captured.</div></td></tr></tbody>
      <tbody class="passed results-table-row">
        <tr>
          <td class="col-result">Passed</td>
          <td class="col-name">tests/test_subtraction.py::TestCalculatorSubtraction::test_subtraction_with_invalid_input[10.50$-5.25]</td>
          <td class="col-duration">6.02</td>
          <td class="col-links"></td></tr>
        <tr>
          <td class="extra" colspan="4">
            <div class="empty log">No log output captured.</div></td></tr></tbody></table></body></html>